# JRE version: OpenJDK Runtime Environment (8.0_302-b08) (build 1.8.0_302-b08)
# Java VM: OpenJDK 64-Bit Server VM (25.302-b08 mixed mode windows-amd64 compressed oops)
Heap:
 PSYoungGen      total 140288K, used 1920K [0x00000000f5580000, 0x0000000100000000, 0x0000000100000000)
  eden space 108032K, 0% used [0x00000000f5580000,0x00000000f5580000,0x00000000fbf00000)
  from space 32256K, 5% used [0x00000000fe080000,0x00000000fe260010,0x0000000100000000)
  to   space 33280K, 0% used [0x00000000fbf00000,0x00000000fbf00000,0x00000000fdf80000)
 ParOldGen       total 349696K, used 275363K [0x00000000e0000000, 0x00000000f5580000, 0x00000000f5580000)
  object space 349696K, 78% used [0x00000000e0000000,0x00000000f0ce8fd8,0x00000000f5580000)
 Metaspace       used 141671K, capacity 151515K, committed 151576K, reserved 1187840K
  class space    used 17664K, capacity 19443K, committed 19504K, reserved 1048576K
GC Heap History (250 events):
Event: 10105.250 GC heap after
Heap after GC invocations=53 (full 5):
 PSYoungGen      total 147456K, used 8126K [0x00000000f5580000, 0x0000000100000000, 0x0000000100000000)
  eden space 119808K, 0% used [0x00000000f5580000,0x00000000f5580000,0x00000000fca80000)
  from space 27648K, 29% used [0x00000000fe500000,0x00000000fecefbf8,0x0000000100000000)
  to   space 27136K, 0% used [0x00000000fca80000,0x00000000fca80000,0x00000000fe500000)
 ParOldGen       total 302080K, used 122120K [0x00000000e0000000, 0x00000000f2700000, 0x00000000f5580000)
  object space 302080K, 40% used [0x00000000e0000000,0x00000000e77420b8,0x00000000f2700000)
 Metaspace       used 116980K, capacity 124180K, committed 125720K, reserved 1159168K
  class space    used 14986K, capacity 16287K, committed 16688K, reserved 1048576K
}
Event: 10105.251 GC heap before
{Heap before GC invocations=54 (full 6):
 PSYoungGen      total 147456K, used 8126K [0x00000000f5580000, 0x0000000100000000, 0x0000000100000000)
  eden space 119808K, 0% used [0x00000000f5580000,0x00000000f5580000,0x00000000fca80000)
  from space 27648K, 29% used [0x00000000fe500000,0x00000000fecefbf8,0x0000000100000000)
  to   space 27136K, 0% used [0x00000000fca80000,0x00000000fca80000,0x00000000fe500000)
 ParOldGen       total 302080K, used 122120K [0x00000000e0000000, 0x00000000f2700000, 0x00000000f5580000)
  object space 302080K, 40% used [0x00000000e0000000,0x00000000e77420b8,0x00000000f2700000)
 Metaspace       used 116980K, capacity 124180K, committed 125720K, reserved 1159168K
  class space    used 14986K, capacity 16287K, committed 16688K, reserved 1048576K
Event: 10109.026 GC heap after
Heap after GC invocations=54 (full 6):
 PSYoungGen      total 147456K, used 0K [0x00000000f5580000, 0x0000000100000000, 0x0000000100000000)
  eden space 119808K, 0% used [0x00000000f5580000,0x00000000f5580000,0x00000000fca80000)
  from space 27648K, 0% used [0x00000000fe500000,0x00000000fe500000,0x0000000100000000)
  to   space 27136K, 0% used [0x00000000fca80000,0x00000000fca80000,0x00000000fe500000)
 ParOldGen       total 302080K, used 50376K [0x00000000e0000000, 0x00000000f2700000, 0x00000000f5580000)
  object space 302080K, 16% used [0x00000000e0000000,0x00000000e31320e8,0x00000000f2700000)
 Metaspace       used 116530K, capacity 123322K, committed 125720K, reserved 1159168K
  class space    used 14855K, capacity 16083K, committed 16688K, reserved 1048576K
}
Event: 15744.752 GC heap before
{Heap before GC invocations=55 (full 6):
 PSYoungGen      total 147456K, used 119808K [0x00000000f5580000, 0x0000000100000000, 0x0000000100000000)
  eden space 119808K, 100% used [0x00000000f5580000,0x00000000fca80000,0x00000000fca80000)
  from space 27648K, 0% used [0x00000000fe500000,0x00000000fe500000,0x0000000100000000)
  to   space 27136K, 0% used [0x00000000fca80000,0x00000000fca80000,0x00000000fe500000)
 ParOldGen       total 302080K, used 50376K [0x00000000e0000000, 0x00000000f2700000, 0x00000000f5580000)
  object space 302080K, 16% used [0x00000000e0000000,0x00000000e31320e8,0x00000000f2700000)
 Metaspace       used 116699K, capacity 123638K, committed 125976K, reserved 1159168K
  class space    used 14906K, capacity 16160K, committed 16688K, reserved 1048576K
Event: 15744.936 GC heap after
Heap after GC invocations=55 (full 6):
 PSYoungGen      total 126976K, used 6760K [0x00000000f5580000, 0x00000000ffd80000, 0x0000000100000000)
  eden space 119808K, 0% used [0x00000000f5580000,0x00000000f5580000,0x00000000fca80000)
  from space 7168K, 94% used [0x00000000fca80000,0x00000000fd11a2c0,0x00000000fd180000)
  to   space 26112K, 0% used [0x00000000fe400000,0x00000000fe400000,0x00000000ffd80000)
 ParOldGen       total 302080K, used 50376K [0x00000000e0000000, 0x00000000f2700000, 0x00000000f5580000)
  object space 302080K, 16% used [0x00000000e0000000,0x00000000e31320e8,0x00000000f2700000)
 Metaspace       used 116699K, capacity 123638K, committed 125976K, reserved 1159168K
  class space    used 14906K, capacity 16160K, committed 16688K, reserved 1048576K
}
Event: 15754.997 GC heap before
{Heap before GC invocations=56 (full 6):
 PSYoungGen      total 126976K, used 126568K [0x00000000f5580000, 0x00000000ffd80000, 0x0000000100000000)
  eden space 119808K, 100% used [0x00000000f5580000,0x00000000fca80000,0x00000000fca80000)
  from space 7168K, 94% used [0x00000000fca80000,0x00000000fd11a2c0,0x00000000fd180000)
  to   space 26112K, 0% used [0x00000000fe400000,0x00000000fe400000,0x00000000ffd80000)
 ParOldGen       total 302080K, used 50376K [0x00000000e0000000, 0x00000000f2700000, 0x00000000f5580000)
  object space 302080K, 16% used [0x00000000e0000000,0x00000000e31320e8,0x00000000f2700000)
 Metaspace       used 121331K, capacity 128374K, committed 130328K, reserved 1163264K
  class space    used 15433K, capacity 16729K, committed 17200K, reserved 1048576K
Event: 15755.083 GC heap after
Heap after GC invocations=56 (full 6):
 PSYoungGen      total 145408K, used 16282K [0x00000000f5580000, 0x0000000100000000, 0x0000000100000000)
  eden space 119296K, 0% used [0x00000000f5580000,0x00000000f5580000,0x00000000fca00000)
  from space 26112K, 62% used [0x00000000fe400000,0x00000000ff3e6ab8,0x00000000ffd80000)
  to   space 26624K, 0% used [0x00000000fca00000,0x00000000fca00000,0x00000000fe400000)
 ParOldGen       total 302080K, used 50384K [0x00000000e0000000, 0x00000000f2700000, 0x00000000f5580000)
  object space 302080K, 16% used [0x00000000e0000000,0x00000000e31340e8,0x00000000f2700000)
 Metaspace       used 121331K, capacity 128374K, committed 130328K, reserved 1163264K
  class space    used 15433K, capacity 16729K, committed 17200K, reserved 1048576K
}
Event: 15761.420 GC heap before
{Heap before GC invocations=57 (full 6):
 PSYoungGen      total 145408K, used 135578K [0x00000000f5580000, 0x0000000100000000, 0x0000000100000000)
  eden space 119296K, 100% used [0x00000000f5580000,0x00000000fca00000,0x00000000fca00000)
  from space 26112K, 62% used [0x00000000fe400000,0x00000000ff3e6ab8,0x00000000ffd80000)
  to   space 26624K, 0% used [0x00000000fca00000,0x00000000fca00000,0x00000000fe400000)
 ParOldGen       total 302080K, used 50384K [0x00000000e0000000, 0x00000000f2700000, 0x00000000f5580000)
  object space 302080K, 16% used [0x00000000e0000000,0x00000000e31340e8,0x00000000f2700000)
 Metaspace       used 125076K, capacity 132342K, committed 134040K, reserved 1165312K
  class space    used 15870K, capacity 17201K, committed 17584K, reserved 1048576K
Event: 15761.481 GC heap after
Heap after GC invocations=57 (full 6):
 PSYoungGen      total 145920K, used 19350K [0x00000000f5580000, 0x0000000100000000, 0x0000000100000000)
  eden space 119296K, 0% used [0x00000000f5580000,0x00000000f5580000,0x00000000fca00000)
  from space 26624K, 72% used [0x00000000fca00000,0x00000000fdce58f0,0x00000000fe400000)
  to   space 28160K, 0% used [0x00000000fe480000,0x00000000fe480000,0x0000000100000000)
 ParOldGen       total 302080K, used 50392K [0x00000000e0000000, 0x00000000f2700000, 0x00000000f5580000)
  object space 302080K, 16% used [0x00000000e0000000,0x00000000e31360e8,0x00000000f2700000)
 Metaspace       used 125076K, capacity 132342K, committed 134040K, reserved 1165312K
  class space    used 15870K, capacity 17201K, committed 17584K, reserved 1048576K
}
Event: 15764.727 GC heap before
{Heap before GC invocations=58 (full 6):
 PSYoungGen      total 145920K, used 138646K [0x00000000f5580000, 0x0000000100000000, 0x0000000100000000)
  eden space 119296K, 100% used [0x00000000f5580000,0x00000000fca00000,0x00000000fca00000)
  from space 26624K, 72% used [0x00000000fca00000,0x00000000fdce58f0,0x00000000fe400000)
  to   space 28160K, 0% used [0x00000000fe480000,0x00000000fe480000,0x0000000100000000)
 ParOldGen       total 302080K, used 50392K [0x00000000e0000000, 0x00000000f2700000, 0x00000000f5580000)
  object space 302080K, 16% used [0x00000000e0000000,0x00000000e31360e8,0x00000000f2700000)
 Metaspace       used 125120K, capacity 132344K, committed 134040K, reserved 1165312K
  class space    used 15871K, capacity 17202K, committed 17584K, reserved 1048576K
Event: 15764.747 GC heap after
Heap after GC invocations=58 (full 6):
 PSYoungGen      total 145408K, used 17693K [0x00000000f5580000, 0x0000000100000000, 0x0000000100000000)
  eden space 117248K, 0% used [0x00000000f5580000,0x00000000f5580000,0x00000000fc800000)
  from space 28160K, 62% used [0x00000000fe480000,0x00000000ff5c7538,0x0000000100000000)
  to   space 28672K, 0% used [0x00000000fc800000,0x00000000fc800000,0x00000000fe400000)
 ParOldGen       total 302080K, used 50400K [0x00000000e0000000, 0x00000000f2700000, 0x00000000f5580000)
  object space 302080K, 16% used [0x00000000e0000000,0x00000000e31380e8,0x00000000f2700000)
 Metaspace       used 125120K, capacity 132344K, committed 134040K, reserved 1165312K
  class space    used 15871K, capacity 17202K, committed 17584K, reserved 1048576K
}
Event: 15770.326 GC heap before
{Heap before GC invocations=59 (full 6):
 PSYoungGen      total 145408K, used 134941K [0x00000000f5580000, 0x0000000100000000, 0x0000000100000000)
  eden space 117248K, 100% used [0x00000000f5580000,0x00000000fc800000,0x00000000fc800000)
  from space 28160K, 62% used [0x00000000fe480000,0x00000000ff5c7538,0x0000000100000000)
  to   space 28672K, 0% used [0x00000000fc800000,0x00000000fc800000,0x00000000fe400000)
 ParOldGen       total 302080K, used 50400K [0x00000000e0000000, 0x00000000f2700000, 0x00000000f5580000)
  object space 302080K, 16% used [0x00000000e0000000,0x00000000e31380e8,0x00000000f2700000)
 Metaspace       used 125158K, capacity 132348K, committed 134040K, reserved 1165312K
  class space    used 15871K, capacity 17202K, committed 17584K, reserved 1048576K
Event: 15770.340 GC heap after
Heap after GC invocations=59 (full 6):
 PSYoungGen      total 145920K, used 17609K [0x00000000f5580000, 0x0000000100000000, 0x0000000100000000)
  eden space 117248K, 0% used [0x00000000f5580000,0x00000000f5580000,0x00000000fc800000)
  from space 28672K, 61% used [0x00000000fc800000,0x00000000fd932578,0x00000000fe400000)
  to   space 28672K, 0% used [0x00000000fe400000,0x00000000fe400000,0x0000000100000000)
 ParOldGen       total 302080K, used 50408K [0x00000000e0000000, 0x00000000f2700000, 0x00000000f5580000)
  object space 302080K, 16% used [0x00000000e0000000,0x00000000e313a0e8,0x00000000f2700000)
 Metaspace       used 125158K, capacity 132348K, committed 134040K, reserved 1165312K
  class space    used 15871K, capacity 17202K, committed 17584K, reserved 1048576K
}
Event: 15773.723 GC heap before
{Heap before GC invocations=60 (full 6):
 PSYoungGen      total 145920K, used 134857K [0x00000000f5580000, 0x0000000100000000, 0x0000000100000000)
  eden space 117248K, 100% used [0x00000000f5580000,0x00000000fc800000,0x00000000fc800000)
  from space 28672K, 61% used [0x00000000fc800000,0x00000000fd932578,0x00000000fe400000)
  to   space 28672K, 0% used [0x00000000fe400000,0x00000000fe400000,0x0000000100000000)
 ParOldGen       total 302080K, used 50408K [0x00000000e0000000, 0x00000000f2700000, 0x00000000f5580000)
  object space 302080K, 16% used [0x00000000e0000000,0x00000000e313a0e8,0x00000000f2700000)
 Metaspace       used 125409K, capacity 132604K, committed 134296K, reserved 1165312K
  class space    used 15877K, capacity 17202K, committed 17584K, reserved 1048576K
Event: 15773.748 GC heap after
Heap after GC invocations=60 (full 6):
 PSYoungGen      total 144896K, used 18534K [0x00000000f5580000, 0x0000000100000000, 0x0000000100000000)
  eden space 116224K, 0% used [0x00000000f5580000,0x00000000f5580000,0x00000000fc700000)
  from space 28672K, 64% used [0x00000000fe400000,0x00000000ff619930,0x0000000100000000)
  to   space 29184K, 0% used [0x00000000fc700000,0x00000000fc700000,0x00000000fe380000)
 ParOldGen       total 302080K, used 50416K [0x00000000e0000000, 0x00000000f2700000, 0x00000000f5580000)
  object space 302080K, 16% used [0x00000000e0000000,0x00000000e313c0e8,0x00000000f2700000)
 Metaspace       used 125409K, capacity 132604K, committed 134296K, reserved 1165312K
  class space    used 15877K, capacity 17202K, committed 17584K, reserved 1048576K
}
Event: 15774.168 GC heap before
{Heap before GC invocations=61 (full 6):
 PSYoungGen      total 144896K, used 134758K [0x00000000f5580000, 0x0000000100000000, 0x0000000100000000)
  eden space 116224K, 100% used [0x00000000f5580000,0x00000000fc700000,0x00000000fc700000)
  from space 28672K, 64% used [0x00000000fe400000,0x00000000ff619930,0x0000000100000000)
  to   space 29184K, 0% used [0x00000000fc700000,0x00000000fc700000,0x00000000fe380000)
 ParOldGen       total 302080K, used 50428K [0x00000000e0000000, 0x00000000f2700000, 0x00000000f5580000)
  object space 302080K, 16% used [0x00000000e0000000,0x00000000e313f048,0x00000000f2700000)
 Metaspace       used 125456K, capacity 132668K, committed 134296K, reserved 1165312K
  class space    used 15881K, capacity 17202K, committed 17584K, reserved 1048576K
Event: 15774.181 GC heap after
Heap after GC invocations=61 (full 6):
 PSYoungGen      total 145408K, used 17531K [0x00000000f5580000, 0x0000000100000000, 0x0000000100000000)
  eden space 116224K, 0% used [0x00000000f5580000,0x00000000f5580000,0x00000000fc700000)
  from space 29184K, 60% used [0x00000000fc700000,0x00000000fd81ed38,0x00000000fe380000)
  to   space 29184K, 0% used [0x00000000fe380000,0x00000000fe380000,0x0000000100000000)
 ParOldGen       total 302080K, used 50436K [0x00000000e0000000, 0x00000000f2700000, 0x00000000f5580000)
  object space 302080K, 16% used [0x00000000e0000000,0x00000000e3141048,0x00000000f2700000)
 Metaspace       used 125456K, capacity 132668K, committed 134296K, reserved 1165312K
  class space    used 15881K, capacity 17202K, committed 17584K, reserved 1048576K
}
Event: 15774.674 GC heap before
{Heap before GC invocations=62 (full 6):
 PSYoungGen      total 145408K, used 133755K [0x00000000f5580000, 0x0000000100000000, 0x0000000100000000)
  eden space 116224K, 100% used [0x00000000f5580000,0x00000000fc700000,0x00000000fc700000)
  from space 29184K, 60% used [0x00000000fc700000,0x00000000fd81ed38,0x00000000fe380000)
  to   space 29184K, 0% used [0x00000000fe380000,0x00000000fe380000,0x0000000100000000)
 ParOldGen       total 302080K, used 50522K [0x00000000e0000000, 0x00000000f2700000, 0x00000000f5580000)
  object space 302080K, 16% used [0x00000000e0000000,0x00000000e31568e0,0x00000000f2700000)
 Metaspace       used 125460K, capacity 132672K, committed 134296K, reserved 1165312K
  class space    used 15881K, capacity 17202K, committed 17584K, reserved 1048576K
Event: 15774.697 GC heap after
Heap after GC invocations=62 (full 6):
 PSYoungGen      total 145408K, used 18300K [0x00000000f5580000, 0x0000000100000000, 0x0000000100000000)
  eden space 116224K, 0% used [0x00000000f5580000,0x00000000f5580000,0x00000000fc700000)
  from space 29184K, 62% used [0x00000000fe380000,0x00000000ff55f268,0x0000000100000000)
  to   space 29184K, 0% used [0x00000000fc700000,0x00000000fc700000,0x00000000fe380000)
 ParOldGen       total 302080K, used 50530K [0x00000000e0000000, 0x00000000f2700000, 0x00000000f5580000)
  object space 302080K, 16% used [0x00000000e0000000,0x00000000e31588e0,0x00000000f2700000)
 Metaspace       used 125460K, capacity 132672K, committed 134296K, reserved 1165312K
  class space    used 15881K, capacity 17202K, committed 17584K, reserved 1048576K
}
Event: 15774.929 GC heap before
{Heap before GC invocations=63 (full 6):
 PSYoungGen      total 145408K, used 134524K [0x00000000f5580000, 0x0000000100000000, 0x0000000100000000)
  eden space 116224K, 100% used [0x00000000f5580000,0x00000000fc700000,0x00000000fc700000)
  from space 29184K, 62% used [0x00000000fe380000,0x00000000ff55f268,0x0000000100000000)
  to   space 29184K, 0% used [0x00000000fc700000,0x00000000fc700000,0x00000000fe380000)
 ParOldGen       total 302080K, used 50557K [0x00000000e0000000, 0x00000000f2700000, 0x00000000f5580000)
  object space 302080K, 16% used [0x00000000e0000000,0x00000000e315f540,0x00000000f2700000)
 Metaspace       used 125461K, capacity 132672K, committed 134296K, reserved 1165312K
  class space    used 15881K, capacity 17202K, committed 17584K, reserved 1048576K
Event: 15774.948 GC heap after
Heap after GC invocations=63 (full 6):
 PSYoungGen      total 145408K, used 19065K [0x00000000f5580000, 0x0000000100000000, 0x0000000100000000)
  eden space 116224K, 0% used [0x00000000f5580000,0x00000000f5580000,0x00000000fc700000)
  from space 29184K, 65% used [0x00000000fc700000,0x00000000fd99e7a8,0x00000000fe380000)
  to   space 29184K, 0% used [0x00000000fe380000,0x00000000fe380000,0x0000000100000000)
 ParOldGen       total 302080K, used 50565K [0x00000000e0000000, 0x00000000f2700000, 0x00000000f5580000)
  object space 302080K, 16% used [0x00000000e0000000,0x00000000e3161540,0x00000000f2700000)
 Metaspace       used 125461K, capacity 132672K, committed 134296K, reserved 1165312K
  class space    used 15881K, capacity 17202K, committed 17584K, reserved 1048576K
}
Event: 15775.087 GC heap before
{Heap before GC invocations=64 (full 6):
 PSYoungGen      total 145408K, used 135289K [0x00000000f5580000, 0x0000000100000000, 0x0000000100000000)
  eden space 116224K, 100% used [0x00000000f5580000,0x00000000fc700000,0x00000000fc700000)
  from space 29184K, 65% used [0x00000000fc700000,0x00000000fd99e7a8,0x00000000fe380000)
  to   space 29184K, 0% used [0x00000000fe380000,0x00000000fe380000,0x0000000100000000)
 ParOldGen       total 302080K, used 50612K [0x00000000e0000000, 0x00000000f2700000, 0x00000000f5580000)
  object space 302080K, 16% used [0x00000000e0000000,0x00000000e316d288,0x00000000f2700000)
 Metaspace       used 125461K, capacity 132672K, committed 134296K, reserved 1165312K
  class space    used 15881K, capacity 17202K, committed 17584K, reserved 1048576K
Event: 15775.191 GC heap after
Heap after GC invocations=64 (full 6):
 PSYoungGen      total 145408K, used 6799K [0x00000000f5580000, 0x0000000100000000, 0x0000000100000000)
  eden space 116224K, 0% used [0x00000000f5580000,0x00000000f5580000,0x00000000fc700000)
  from space 29184K, 23% used [0x00000000fe380000,0x00000000fea23dc8,0x0000000100000000)
  to   space 29184K, 0% used [0x00000000fc700000,0x00000000fc700000,0x00000000fe380000)
 ParOldGen       total 302080K, used 64248K [0x00000000e0000000, 0x00000000f2700000, 0x00000000f5580000)
  object space 302080K, 21% used [0x00000000e0000000,0x00000000e3ebe028,0x00000000f2700000)
 Metaspace       used 125461K, capacity 132672K, committed 134296K, reserved 1165312K
  class space    used 15881K, capacity 17202K, committed 17584K, reserved 1048576K
}
Event: 15775.343 GC heap before
{Heap before GC invocations=65 (full 6):
 PSYoungGen      total 145408K, used 123023K [0x00000000f5580000, 0x0000000100000000, 0x0000000100000000)
  eden space 116224K, 100% used [0x00000000f5580000,0x00000000fc700000,0x00000000fc700000)
  from space 29184K, 23% used [0x00000000fe380000,0x00000000fea23dc8,0x0000000100000000)
  to   space 29184K, 0% used [0x00000000fc700000,0x00000000fc700000,0x00000000fe380000)
 ParOldGen       total 302080K, used 64318K [0x00000000e0000000, 0x00000000f2700000, 0x00000000f5580000)
  object space 302080K, 21% used [0x00000000e0000000,0x00000000e3ecf9c8,0x00000000f2700000)
 Metaspace       used 125461K, capacity 132672K, committed 134296K, reserved 1165312K
  class space    used 15881K, capacity 17202K, committed 17584K, reserved 1048576K
Event: 15775.368 GC heap after
Heap after GC invocations=65 (full 6):
 PSYoungGen      total 119808K, used 3449K [0x00000000f5580000, 0x0000000100000000, 0x0000000100000000)
  eden space 116224K, 0% used [0x00000000f5580000,0x00000000f5580000,0x00000000fc700000)
  from space 3584K, 96% used [0x00000000fc700000,0x00000000fca5e740,0x00000000fca80000)
  to   space 29696K, 0% used [0x00000000fe300000,0x00000000fe300000,0x0000000100000000)
 ParOldGen       total 302080K, used 67335K [0x00000000e0000000, 0x00000000f2700000, 0x00000000f5580000)
  object space 302080K, 22% used [0x00000000e0000000,0x00000000e41c1ce8,0x00000000f2700000)
 Metaspace       used 125461K, capacity 132672K, committed 134296K, reserved 1165312K
  class space    used 15881K, capacity 17202K, committed 17584K, reserved 1048576K
}
Event: 15775.510 GC heap before
{Heap before GC invocations=66 (full 6):
 PSYoungGen      total 119808K, used 119673K [0x00000000f5580000, 0x0000000100000000, 0x0000000100000000)
  eden space 116224K, 100% used [0x00000000f5580000,0x00000000fc700000,0x00000000fc700000)
  from space 3584K, 96% used [0x00000000fc700000,0x00000000fca5e740,0x00000000fca80000)
  to   space 29696K, 0% used [0x00000000fe300000,0x00000000fe300000,0x0000000100000000)
 ParOldGen       total 302080K, used 67338K [0x00000000e0000000, 0x00000000f2700000, 0x00000000f5580000)
  object space 302080K, 22% used [0x00000000e0000000,0x00000000e41c2bd8,0x00000000f2700000)
 Metaspace       used 125461K, capacity 132672K, committed 134296K, reserved 1165312K
  class space    used 15881K, capacity 17202K, committed 17584K, reserved 1048576K
Event: 15775.521 GC heap after
Heap after GC invocations=66 (full 6):
 PSYoungGen      total 144896K, used 3488K [0x00000000f5580000, 0x0000000100000000, 0x0000000100000000)
  eden space 115200K, 0% used [0x00000000f5580000,0x00000000f5580000,0x00000000fc600000)
  from space 29696K, 11% used [0x00000000fe300000,0x00000000fe6683c8,0x0000000100000000)
  to   space 29696K, 0% used [0x00000000fc600000,0x00000000fc600000,0x00000000fe300000)
 ParOldGen       total 302080K, used 67554K [0x00000000e0000000, 0x00000000f2700000, 0x00000000f5580000)
  object space 302080K, 22% used [0x00000000e0000000,0x00000000e41f8be8,0x00000000f2700000)
 Metaspace       used 125461K, capacity 132672K, committed 134296K, reserved 1165312K
  class space    used 15881K, capacity 17202K, committed 17584K, reserved 1048576K
}
Event: 15775.877 GC heap before
{Heap before GC invocations=67 (full 6):
 PSYoungGen      total 144896K, used 118688K [0x00000000f5580000, 0x0000000100000000, 0x0000000100000000)
  eden space 115200K, 100% used [0x00000000f5580000,0x00000000fc600000,0x00000000fc600000)
  from space 29696K, 11% used [0x00000000fe300000,0x00000000fe6683c8,0x0000000100000000)
  to   space 29696K, 0% used [0x00000000fc600000,0x00000000fc600000,0x00000000fe300000)
 ParOldGen       total 302080K, used 67554K [0x00000000e0000000, 0x00000000f2700000, 0x00000000f5580000)
  object space 302080K, 22% used [0x00000000e0000000,0x00000000e41f8bf8,0x00000000f2700000)
 Metaspace       used 125461K, capacity 132672K, committed 134296K, reserved 1165312K
  class space    used 15881K, capacity 17202K, committed 17584K, reserved 1048576K
Event: 15775.914 GC heap after
Heap after GC invocations=67 (full 6):
 PSYoungGen      total 144896K, used 2567K [0x00000000f5580000, 0x0000000100000000, 0x0000000100000000)
  eden space 115200K, 0% used [0x00000000f5580000,0x00000000f5580000,0x00000000fc600000)
  from space 29696K, 8% used [0x00000000fc600000,0x00000000fc881f40,0x00000000fe300000)
  to   space 29696K, 0% used [0x00000000fe300000,0x00000000fe300000,0x0000000100000000)
 ParOldGen       total 302080K, used 68269K [0x00000000e0000000, 0x00000000f2700000, 0x00000000f5580000)
  object space 302080K, 22% used [0x00000000e0000000,0x00000000e42ab638,0x00000000f2700000)
 Metaspace       used 125461K, capacity 132672K, committed 134296K, reserved 1165312K
  class space    used 15881K, capacity 17202K, committed 17584K, reserved 1048576K
}
Event: 15776.479 GC heap before
{Heap before GC invocations=68 (full 6):
 PSYoungGen      total 144896K, used 117767K [0x00000000f5580000, 0x0000000100000000, 0x0000000100000000)
  eden space 115200K, 100% used [0x00000000f5580000,0x00000000fc600000,0x00000000fc600000)
  from space 29696K, 8% used [0x00000000fc600000,0x00000000fc881f40,0x00000000fe300000)
  to   space 29696K, 0% used [0x00000000fe300000,0x00000000fe300000,0x0000000100000000)
 ParOldGen       total 302080K, used 68283K [0x00000000e0000000, 0x00000000f2700000, 0x00000000f5580000)
  object space 302080K, 22% used [0x00000000e0000000,0x00000000e42aee58,0x00000000f2700000)
 Metaspace       used 125461K, capacity 132672K, committed 134296K, reserved 1165312K
  class space    used 15881K, capacity 17202K, committed 17584K, reserved 1048576K
Event: 15776.486 GC heap after
Heap after GC invocations=68 (full 6):
 PSYoungGen      total 144896K, used 1079K [0x00000000f5580000, 0x0000000100000000, 0x0000000100000000)
  eden space 115200K, 0% used [0x00000000f5580000,0x00000000f5580000,0x00000000fc600000)
  from space 29696K, 3% used [0x00000000fe300000,0x00000000fe40df30,0x0000000100000000)
  to   space 29696K, 0% used [0x00000000fc600000,0x00000000fc600000,0x00000000fe300000)
 ParOldGen       total 302080K, used 68738K [0x00000000e0000000, 0x00000000f2700000, 0x00000000f5580000)
  object space 302080K, 22% used [0x00000000e0000000,0x00000000e4320be8,0x00000000f2700000)
 Metaspace       used 125461K, capacity 132672K, committed 134296K, reserved 1165312K
  class space    used 15881K, capacity 17202K, committed 17584K, reserved 1048576K
}
Event: 15776.707 GC heap before
{Heap before GC invocations=69 (full 6):
 PSYoungGen      total 144896K, used 116279K [0x00000000f5580000, 0x0000000100000000, 0x0000000100000000)
  eden space 115200K, 100% used [0x00000000f5580000,0x00000000fc600000,0x00000000fc600000)
  from space 29696K, 3% used [0x00000000fe300000,0x00000000fe40df30,0x0000000100000000)
  to   space 29696K, 0% used [0x00000000fc600000,0x00000000fc600000,0x00000000fe300000)
 ParOldGen       total 302080K, used 68742K [0x00000000e0000000, 0x00000000f2700000, 0x00000000f5580000)
  object space 302080K, 22% used [0x00000000e0000000,0x00000000e4321aa8,0x00000000f2700000)
 Metaspace       used 125461K, capacity 132672K, committed 134296K, reserved 1165312K
  class space    used 15881K, capacity 17202K, committed 17584K, reserved 1048576K
Event: 15776.713 GC heap after
Heap after GC invocations=69 (full 6):
 PSYoungGen      total 117248K, used 1632K [0x00000000f5580000, 0x00000000fff00000, 0x0000000100000000)
  eden space 115200K, 0% used [0x00000000f5580000,0x00000000f5580000,0x00000000fc600000)
  from space 2048K, 79% used [0x00000000fc600000,0x00000000fc798020,0x00000000fc800000)
  to   space 29184K, 0% used [0x00000000fe280000,0x00000000fe280000,0x00000000fff00000)
 ParOldGen       total 302080K, used 69114K [0x00000000e0000000, 0x00000000f2700000, 0x00000000f5580000)
  object space 302080K, 22% used [0x00000000e0000000,0x00000000e437eab8,0x00000000f2700000)
 Metaspace       used 125461K, capacity 132672K, committed 134296K, reserved 1165312K
  class space    used 15881K, capacity 17202K, committed 17584K, reserved 1048576K
}
Event: 15776.893 GC heap before
{Heap before GC invocations=70 (full 6):
 PSYoungGen      total 117248K, used 116832K [0x00000000f5580000, 0x00000000fff00000, 0x0000000100000000)
  eden space 115200K, 100% used [0x00000000f5580000,0x00000000fc600000,0x00000000fc600000)
  from space 2048K, 79% used [0x00000000fc600000,0x00000000fc798020,0x00000000fc800000)
  to   space 29184K, 0% used [0x00000000fe280000,0x00000000fe280000,0x00000000fff00000)
 ParOldGen       total 302080K, used 69114K [0x00000000e0000000, 0x00000000f2700000, 0x00000000f5580000)
  object space 302080K, 22% used [0x00000000e0000000,0x00000000e437eab8,0x00000000f2700000)
 Metaspace       used 125461K, capacity 132672K, committed 134296K, reserved 1165312K
  class space    used 15881K, capacity 17202K, committed 17584K, reserved 1048576K
Event: 15776.901 GC heap after
Heap after GC invocations=70 (full 6):
 PSYoungGen      total 145408K, used 2096K [0x00000000f5580000, 0x0000000100000000, 0x0000000100000000)
  eden space 116224K, 0% used [0x00000000f5580000,0x00000000f5580000,0x00000000fc700000)
  from space 29184K, 7% used [0x00000000fe280000,0x00000000fe48c020,0x00000000fff00000)
  to   space 28160K, 0% used [0x00000000fc700000,0x00000000fc700000,0x00000000fe280000)
 ParOldGen       total 302080K, used 69738K [0x00000000e0000000, 0x00000000f2700000, 0x00000000f5580000)
  object space 302080K, 23% used [0x00000000e0000000,0x00000000e441ab08,0x00000000f2700000)
 Metaspace       used 125461K, capacity 132672K, committed 134296K, reserved 1165312K
  class space    used 15881K, capacity 17202K, committed 17584K, reserved 1048576K
}
Event: 15777.067 GC heap before
{Heap before GC invocations=71 (full 6):
 PSYoungGen      total 145408K, used 118320K [0x00000000f5580000, 0x0000000100000000, 0x0000000100000000)
  eden space 116224K, 100% used [0x00000000f5580000,0x00000000fc700000,0x00000000fc700000)
  from space 29184K, 7% used [0x00000000fe280000,0x00000000fe48c020,0x00000000fff00000)
  to   space 28160K, 0% used [0x00000000fc700000,0x00000000fc700000,0x00000000fe280000)
 ParOldGen       total 302080K, used 69738K [0x00000000e0000000, 0x00000000f2700000, 0x00000000f5580000)
  object space 302080K, 23% used [0x00000000e0000000,0x00000000e441ab08,0x00000000f2700000)
 Metaspace       used 125461K, capacity 132672K, committed 134296K, reserved 1165312K
  class space    used 15881K, capacity 17202K, committed 17584K, reserved 1048576K
Event: 15777.080 GC heap after
Heap after GC invocations=71 (full 6):
 PSYoungGen      total 144384K, used 1184K [0x00000000f5580000, 0x00000000ffe00000, 0x0000000100000000)
  eden space 116224K, 0% used [0x00000000f5580000,0x00000000f5580000,0x00000000fc700000)
  from space 28160K, 4% used [0x00000000fc700000,0x00000000fc828010,0x00000000fe280000)
  to   space 27648K, 0% used [0x00000000fe300000,0x00000000fe300000,0x00000000ffe00000)
 ParOldGen       total 302080K, used 71658K [0x00000000e0000000, 0x00000000f2700000, 0x00000000f5580000)
  object space 302080K, 23% used [0x00000000e0000000,0x00000000e45fab28,0x00000000f2700000)
 Metaspace       used 125461K, capacity 132672K, committed 134296K, reserved 1165312K
  class space    used 15881K, capacity 17202K, committed 17584K, reserved 1048576K
}
Event: 15777.241 GC heap before
{Heap before GC invocations=72 (full 6):
 PSYoungGen      total 144384K, used 117408K [0x00000000f5580000, 0x00000000ffe00000, 0x0000000100000000)
  eden space 116224K, 100% used [0x00000000f5580000,0x00000000fc700000,0x00000000fc700000)
  from space 28160K, 4% used [0x00000000fc700000,0x00000000fc828010,0x00000000fe280000)
  to   space 27648K, 0% used [0x00000000fe300000,0x00000000fe300000,0x00000000ffe00000)
 ParOldGen       total 302080K, used 71658K [0x00000000e0000000, 0x00000000f2700000, 0x00000000f5580000)
  object space 302080K, 23% used [0x00000000e0000000,0x00000000e45fab28,0x00000000f2700000)
 Metaspace       used 125461K, capacity 132672K, committed 134296K, reserved 1165312K
  class space    used 15881K, capacity 17202K, committed 17584K, reserved 1048576K
Event: 15777.249 GC heap after
Heap after GC invocations=72 (full 6):
 PSYoungGen      total 145408K, used 1024K [0x00000000f5580000, 0x00000000ffd80000, 0x0000000100000000)
  eden space 118272K, 0% used [0x00000000f5580000,0x00000000f5580000,0x00000000fc900000)
  from space 27136K, 3% used [0x00000000fe300000,0x00000000fe400000,0x00000000ffd80000)
  to   space 26624K, 0% used [0x00000000fc900000,0x00000000fc900000,0x00000000fe300000)
 ParOldGen       total 302080K, used 72658K [0x00000000e0000000, 0x00000000f2700000, 0x00000000f5580000)
  object space 302080K, 24% used [0x00000000e0000000,0x00000000e46f4b38,0x00000000f2700000)
 Metaspace       used 125461K, capacity 132672K, committed 134296K, reserved 1165312K
  class space    used 15881K, capacity 17202K, committed 17584K, reserved 1048576K
}
Event: 15777.408 GC heap before
{Heap before GC invocations=73 (full 6):
 PSYoungGen      total 145408K, used 119296K [0x00000000f5580000, 0x00000000ffd80000, 0x0000000100000000)
  eden space 118272K, 100% used [0x00000000f5580000,0x00000000fc900000,0x00000000fc900000)
  from space 27136K, 3% used [0x00000000fe300000,0x00000000fe400000,0x00000000ffd80000)
  to   space 26624K, 0% used [0x00000000fc900000,0x00000000fc900000,0x00000000fe300000)
 ParOldGen       total 302080K, used 72658K [0x00000000e0000000, 0x00000000f2700000, 0x00000000f5580000)
  object space 302080K, 24% used [0x00000000e0000000,0x00000000e46f4b38,0x00000000f2700000)
 Metaspace       used 125461K, capacity 132672K, committed 134296K, reserved 1165312K
  class space    used 15881K, capacity 17202K, committed 17584K, reserved 1048576K
Event: 15777.416 GC heap after
Heap after GC invocations=73 (full 6):
 PSYoungGen      total 144896K, used 1201K [0x00000000f5580000, 0x00000000ffe80000, 0x0000000100000000)
  eden space 118272K, 0% used [0x00000000f5580000,0x00000000f5580000,0x00000000fc900000)
  from space 26624K, 4% used [0x00000000fc900000,0x00000000fca2c5b8,0x00000000fe300000)
  to   space 26112K, 0% used [0x00000000fe500000,0x00000000fe500000,0x00000000ffe80000)
 ParOldGen       total 302080K, used 73530K [0x00000000e0000000, 0x00000000f2700000, 0x00000000f5580000)
  object space 302080K, 24% used [0x00000000e0000000,0x00000000e47ceb38,0x00000000f2700000)
 Metaspace       used 125461K, capacity 132672K, committed 134296K, reserved 1165312K
  class space    used 15881K, capacity 17202K, committed 17584K, reserved 1048576K
}
Event: 15777.592 GC heap before
{Heap before GC invocations=74 (full 6):
 PSYoungGen      total 144896K, used 119473K [0x00000000f5580000, 0x00000000ffe80000, 0x0000000100000000)
  eden space 118272K, 100% used [0x00000000f5580000,0x00000000fc900000,0x00000000fc900000)
  from space 26624K, 4% used [0x00000000fc900000,0x00000000fca2c5b8,0x00000000fe300000)
  to   space 26112K, 0% used [0x00000000fe500000,0x00000000fe500000,0x00000000ffe80000)
 ParOldGen       total 302080K, used 73530K [0x00000000e0000000, 0x00000000f2700000, 0x00000000f5580000)
  object space 302080K, 24% used [0x00000000e0000000,0x00000000e47ceb38,0x00000000f2700000)
 Metaspace       used 125461K, capacity 132672K, committed 134296K, reserved 1165312K
  class space    used 15881K, capacity 17202K, committed 17584K, reserved 1048576K
Event: 15777.601 GC heap after
Heap after GC invocations=74 (full 6):
 PSYoungGen      total 146944K, used 1184K [0x00000000f5580000, 0x00000000ffd80000, 0x0000000100000000)
  eden space 121856K, 0% used [0x00000000f5580000,0x00000000f5580000,0x00000000fcc80000)
  from space 25088K, 4% used [0x00000000fe500000,0x00000000fe628010,0x00000000ffd80000)
  to   space 25088K, 0% used [0x00000000fcc80000,0x00000000fcc80000,0x00000000fe500000)
 ParOldGen       total 302080K, used 74562K [0x00000000e0000000, 0x00000000f2700000, 0x00000000f5580000)
  object space 302080K, 24% used [0x00000000e0000000,0x00000000e48d0b48,0x00000000f2700000)
 Metaspace       used 125461K, capacity 132672K, committed 134296K, reserved 1165312K
  class space    used 15881K, capacity 17202K, committed 17584K, reserved 1048576K
}
Event: 15777.762 GC heap before
{Heap before GC invocations=75 (full 6):
 PSYoungGen      total 146944K, used 123040K [0x00000000f5580000, 0x00000000ffd80000, 0x0000000100000000)
  eden space 121856K, 100% used [0x00000000f5580000,0x00000000fcc80000,0x00000000fcc80000)
  from space 25088K, 4% used [0x00000000fe500000,0x00000000fe628010,0x00000000ffd80000)
  to   space 25088K, 0% used [0x00000000fcc80000,0x00000000fcc80000,0x00000000fe500000)
 ParOldGen       total 302080K, used 74562K [0x00000000e0000000, 0x00000000f2700000, 0x00000000f5580000)
  object space 302080K, 24% used [0x00000000e0000000,0x00000000e48d0b48,0x00000000f2700000)
 Metaspace       used 125461K, capacity 132672K, committed 134296K, reserved 1165312K
  class space    used 15881K, capacity 17202K, committed 17584K, reserved 1048576K
Event: 15777.771 GC heap after
Heap after GC invocations=75 (full 6):
 PSYoungGen      total 146944K, used 1056K [0x00000000f5580000, 0x00000000ffe00000, 0x0000000100000000)
  eden space 121856K, 0% used [0x00000000f5580000,0x00000000f5580000,0x00000000fcc80000)
  from space 25088K, 4% used [0x00000000fcc80000,0x00000000fcd88000,0x00000000fe500000)
  to   space 24064K, 0% used [0x00000000fe680000,0x00000000fe680000,0x00000000ffe00000)
 ParOldGen       total 302080K, used 75586K [0x00000000e0000000, 0x00000000f2700000, 0x00000000f5580000)
  object space 302080K, 25% used [0x00000000e0000000,0x00000000e49d0b58,0x00000000f2700000)
 Metaspace       used 125461K, capacity 132672K, committed 134296K, reserved 1165312K
  class space    used 15881K, capacity 17202K, committed 17584K, reserved 1048576K
}
Event: 15777.933 GC heap before
{Heap before GC invocations=76 (full 6):
 PSYoungGen      total 146944K, used 122912K [0x00000000f5580000, 0x00000000ffe00000, 0x0000000100000000)
  eden space 121856K, 100% used [0x00000000f5580000,0x00000000fcc80000,0x00000000fcc80000)
  from space 25088K, 4% used [0x00000000fcc80000,0x00000000fcd88000,0x00000000fe500000)
  to   space 24064K, 0% used [0x00000000fe680000,0x00000000fe680000,0x00000000ffe00000)
 ParOldGen       total 302080K, used 75586K [0x00000000e0000000, 0x00000000f2700000, 0x00000000f5580000)
  object space 302080K, 25% used [0x00000000e0000000,0x00000000e49d0b58,0x00000000f2700000)
 Metaspace       used 125461K, capacity 132672K, committed 134296K, reserved 1165312K
  class space    used 15881K, capacity 17202K, committed 17584K, reserved 1048576K
Event: 15777.940 GC heap after
Heap after GC invocations=76 (full 6):
 PSYoungGen      total 148480K, used 1088K [0x00000000f5580000, 0x00000000ffd00000, 0x0000000100000000)
  eden space 125440K, 0% used [0x00000000f5580000,0x00000000f5580000,0x00000000fd000000)
  from space 23040K, 4% used [0x00000000fe680000,0x00000000fe790000,0x00000000ffd00000)
  to   space 23040K, 0% used [0x00000000fd000000,0x00000000fd000000,0x00000000fe680000)
 ParOldGen       total 302080K, used 76522K [0x00000000e0000000, 0x00000000f2700000, 0x00000000f5580000)
  object space 302080K, 25% used [0x00000000e0000000,0x00000000e4abab58,0x00000000f2700000)
 Metaspace       used 125461K, capacity 132672K, committed 134296K, reserved 1165312K
  class space    used 15881K, capacity 17202K, committed 17584K, reserved 1048576K
}
Event: 15778.206 GC heap before
{Heap before GC invocations=77 (full 6):
 PSYoungGen      total 148480K, used 126528K [0x00000000f5580000, 0x00000000ffd00000, 0x0000000100000000)
  eden space 125440K, 100% used [0x00000000f5580000,0x00000000fd000000,0x00000000fd000000)
  from space 23040K, 4% used [0x00000000fe680000,0x00000000fe790000,0x00000000ffd00000)
  to   space 23040K, 0% used [0x00000000fd000000,0x00000000fd000000,0x00000000fe680000)
 ParOldGen       total 302080K, used 76522K [0x00000000e0000000, 0x00000000f2700000, 0x00000000f5580000)
  object space 302080K, 25% used [0x00000000e0000000,0x00000000e4abab58,0x00000000f2700000)
 Metaspace       used 125461K, capacity 132672K, committed 134296K, reserved 1165312K
  class space    used 15881K, capacity 17202K, committed 17584K, reserved 1048576K
Event: 15778.213 GC heap after
Heap after GC invocations=77 (full 6):
 PSYoungGen      total 148480K, used 1024K [0x00000000f5580000, 0x00000000ffe00000, 0x0000000100000000)
  eden space 125440K, 0% used [0x00000000f5580000,0x00000000f5580000,0x00000000fd000000)
  from space 23040K, 4% used [0x00000000fd000000,0x00000000fd100000,0x00000000fe680000)
  to   space 22016K, 0% used [0x00000000fe880000,0x00000000fe880000,0x00000000ffe00000)
 ParOldGen       total 302080K, used 77242K [0x00000000e0000000, 0x00000000f2700000, 0x00000000f5580000)
  object space 302080K, 25% used [0x00000000e0000000,0x00000000e4b6eb58,0x00000000f2700000)
 Metaspace       used 125461K, capacity 132672K, committed 134296K, reserved 1165312K
  class space    used 15881K, capacity 17202K, committed 17584K, reserved 1048576K
}
Event: 15778.565 GC heap before
{Heap before GC invocations=78 (full 6):
 PSYoungGen      total 148480K, used 126464K [0x00000000f5580000, 0x00000000ffe00000, 0x0000000100000000)
  eden space 125440K, 100% used [0x00000000f5580000,0x00000000fd000000,0x00000000fd000000)
  from space 23040K, 4% used [0x00000000fd000000,0x00000000fd100000,0x00000000fe680000)
  to   space 22016K, 0% used [0x00000000fe880000,0x00000000fe880000,0x00000000ffe00000)
 ParOldGen       total 302080K, used 77242K [0x00000000e0000000, 0x00000000f2700000, 0x00000000f5580000)
  object space 302080K, 25% used [0x00000000e0000000,0x00000000e4b6eb58,0x00000000f2700000)
 Metaspace       used 125461K, capacity 132672K, committed 134296K, reserved 1165312K
  class space    used 15881K, capacity 17202K, committed 17584K, reserved 1048576K
Event: 15778.574 GC heap after
Heap after GC invocations=78 (full 6):
 PSYoungGen      total 149504K, used 1312K [0x00000000f5580000, 0x00000000ffc00000, 0x0000000100000000)
  eden space 129536K, 0% used [0x00000000f5580000,0x00000000f5580000,0x00000000fd400000)
  from space 19968K, 6% used [0x00000000fe880000,0x00000000fe9c8010,0x00000000ffc00000)
  to   space 20480K, 0% used [0x00000000fd400000,0x00000000fd400000,0x00000000fe800000)
 ParOldGen       total 302080K, used 78162K [0x00000000e0000000, 0x00000000f2700000, 0x00000000f5580000)
  object space 302080K, 25% used [0x00000000e0000000,0x00000000e4c54b58,0x00000000f2700000)
 Metaspace       used 125461K, capacity 132672K, committed 134296K, reserved 1165312K
  class space    used 15881K, capacity 17202K, committed 17584K, reserved 1048576K
}
Event: 15778.917 GC heap before
{Heap before GC invocations=79 (full 6):
 PSYoungGen      total 149504K, used 129252K [0x00000000f5580000, 0x00000000ffc00000, 0x0000000100000000)
  eden space 129536K, 98% used [0x00000000f5580000,0x00000000fd271120,0x00000000fd400000)
  from space 19968K, 6% used [0x00000000fe880000,0x00000000fe9c8010,0x00000000ffc00000)
  to   space 20480K, 0% used [0x00000000fd400000,0x00000000fd400000,0x00000000fe800000)
 ParOldGen       total 302080K, used 78162K [0x00000000e0000000, 0x00000000f2700000, 0x00000000f5580000)
  object space 302080K, 25% used [0x00000000e0000000,0x00000000e4c54b58,0x00000000f2700000)
 Metaspace       used 125461K, capacity 132672K, committed 134296K, reserved 1165312K
  class space    used 15881K, capacity 17202K, committed 17584K, reserved 1048576K
Event: 15778.926 GC heap after
Heap after GC invocations=79 (full 6):
 PSYoungGen      total 150016K, used 1152K [0x00000000f5580000, 0x00000000ffe80000, 0x0000000100000000)
  eden space 129536K, 0% used [0x00000000f5580000,0x00000000f5580000,0x00000000fd400000)
  from space 20480K, 5% used [0x00000000fd400000,0x00000000fd520000,0x00000000fe800000)
  to   space 19456K, 0% used [0x00000000feb80000,0x00000000feb80000,0x00000000ffe80000)
 ParOldGen       total 302080K, used 79354K [0x00000000e0000000, 0x00000000f2700000, 0x00000000f5580000)
  object space 302080K, 26% used [0x00000000e0000000,0x00000000e4d7eb68,0x00000000f2700000)
 Metaspace       used 125461K, capacity 132672K, committed 134296K, reserved 1165312K
  class space    used 15881K, capacity 17202K, committed 17584K, reserved 1048576K
}
Event: 15780.435 GC heap before
{Heap before GC invocations=80 (full 6):
 PSYoungGen      total 150016K, used 130688K [0x00000000f5580000, 0x00000000ffe80000, 0x0000000100000000)
  eden space 129536K, 100% used [0x00000000f5580000,0x00000000fd400000,0x00000000fd400000)
  from space 20480K, 5% used [0x00000000fd400000,0x00000000fd520000,0x00000000fe800000)
  to   space 19456K, 0% used [0x00000000feb80000,0x00000000feb80000,0x00000000ffe80000)
 ParOldGen       total 302080K, used 79354K [0x00000000e0000000, 0x00000000f2700000, 0x00000000f5580000)
  object space 302080K, 26% used [0x00000000e0000000,0x00000000e4d7eb68,0x00000000f2700000)
 Metaspace       used 125491K, capacity 132710K, committed 134296K, reserved 1165312K
  class space    used 15887K, capacity 17209K, committed 17584K, reserved 1048576K
Event: 15780.442 GC heap after
Heap after GC invocations=80 (full 6):
 PSYoungGen      total 152576K, used 2820K [0x00000000f5580000, 0x00000000ffd00000, 0x0000000100000000)
  eden space 134656K, 0% used [0x00000000f5580000,0x00000000f5580000,0x00000000fd900000)
  from space 17920K, 15% used [0x00000000feb80000,0x00000000fee41278,0x00000000ffd00000)
  to   space 18432K, 0% used [0x00000000fd900000,0x00000000fd900000,0x00000000feb00000)
 ParOldGen       total 302080K, used 79738K [0x00000000e0000000, 0x00000000f2700000, 0x00000000f5580000)
  object space 302080K, 26% used [0x00000000e0000000,0x00000000e4ddeb68,0x00000000f2700000)
 Metaspace       used 125491K, capacity 132710K, committed 134296K, reserved 1165312K
  class space    used 15887K, capacity 17209K, committed 17584K, reserved 1048576K
}
Event: 15781.253 GC heap before
{Heap before GC invocations=81 (full 6):
 PSYoungGen      total 152576K, used 137476K [0x00000000f5580000, 0x00000000ffd00000, 0x0000000100000000)
  eden space 134656K, 100% used [0x00000000f5580000,0x00000000fd900000,0x00000000fd900000)
  from space 17920K, 15% used [0x00000000feb80000,0x00000000fee41278,0x00000000ffd00000)
  to   space 18432K, 0% used [0x00000000fd900000,0x00000000fd900000,0x00000000feb00000)
 ParOldGen       total 302080K, used 79738K [0x00000000e0000000, 0x00000000f2700000, 0x00000000f5580000)
  object space 302080K, 26% used [0x00000000e0000000,0x00000000e4ddeb68,0x00000000f2700000)
 Metaspace       used 125493K, capacity 132714K, committed 134296K, reserved 1165312K
  class space    used 15887K, capacity 17209K, committed 17584K, reserved 1048576K
Event: 15781.258 GC heap after
Heap after GC invocations=81 (full 6):
 PSYoungGen      total 153088K, used 832K [0x00000000f5580000, 0x00000000ffe80000, 0x0000000100000000)
  eden space 134656K, 0% used [0x00000000f5580000,0x00000000f5580000,0x00000000fd900000)
  from space 18432K, 4% used [0x00000000fd900000,0x00000000fd9d0000,0x00000000feb00000)
  to   space 17408K, 0% used [0x00000000fed80000,0x00000000fed80000,0x00000000ffe80000)
 ParOldGen       total 302080K, used 79866K [0x00000000e0000000, 0x00000000f2700000, 0x00000000f5580000)
  object space 302080K, 26% used [0x00000000e0000000,0x00000000e4dfeb68,0x00000000f2700000)
 Metaspace       used 125493K, capacity 132714K, committed 134296K, reserved 1165312K
  class space    used 15887K, capacity 17209K, committed 17584K, reserved 1048576K
}
Event: 15782.086 GC heap before
{Heap before GC invocations=82 (full 6):
 PSYoungGen      total 153088K, used 135488K [0x00000000f5580000, 0x00000000ffe80000, 0x0000000100000000)
  eden space 134656K, 100% used [0x00000000f5580000,0x00000000fd900000,0x00000000fd900000)
  from space 18432K, 4% used [0x00000000fd900000,0x00000000fd9d0000,0x00000000feb00000)
  to   space 17408K, 0% used [0x00000000fed80000,0x00000000fed80000,0x00000000ffe80000)
 ParOldGen       total 302080K, used 79866K [0x00000000e0000000, 0x00000000f2700000, 0x00000000f5580000)
  object space 302080K, 26% used [0x00000000e0000000,0x00000000e4dfeb68,0x00000000f2700000)
 Metaspace       used 125493K, capacity 132714K, committed 134296K, reserved 1165312K
  class space    used 15887K, capacity 17209K, committed 17584K, reserved 1048576K
Event: 15782.091 GC heap after
Heap after GC invocations=82 (full 6):
 PSYoungGen      total 154624K, used 512K [0x00000000f5580000, 0x00000000ffd00000, 0x0000000100000000)
  eden space 138752K, 0% used [0x00000000f5580000,0x00000000f5580000,0x00000000fdd00000)
  from space 15872K, 3% used [0x00000000fed80000,0x00000000fee00000,0x00000000ffd00000)
  to   space 16384K, 0% used [0x00000000fdd00000,0x00000000fdd00000,0x00000000fed00000)
 ParOldGen       total 302080K, used 79922K [0x00000000e0000000, 0x00000000f2700000, 0x00000000f5580000)
  object space 302080K, 26% used [0x00000000e0000000,0x00000000e4e0cb68,0x00000000f2700000)
 Metaspace       used 125493K, capacity 132714K, committed 134296K, reserved 1165312K
  class space    used 15887K, capacity 17209K, committed 17584K, reserved 1048576K
}
Event: 15784.251 GC heap before
{Heap before GC invocations=83 (full 6):
 PSYoungGen      total 154624K, used 139264K [0x00000000f5580000, 0x00000000ffd00000, 0x0000000100000000)
  eden space 138752K, 100% used [0x00000000f5580000,0x00000000fdd00000,0x00000000fdd00000)
  from space 15872K, 3% used [0x00000000fed80000,0x00000000fee00000,0x00000000ffd00000)
  to   space 16384K, 0% used [0x00000000fdd00000,0x00000000fdd00000,0x00000000fed00000)
 ParOldGen       total 302080K, used 79922K [0x00000000e0000000, 0x00000000f2700000, 0x00000000f5580000)
  object space 302080K, 26% used [0x00000000e0000000,0x00000000e4e0cb68,0x00000000f2700000)
 Metaspace       used 126081K, capacity 133480K, committed 135192K, reserved 1167360K
  class space    used 15949K, capacity 17308K, committed 17712K, reserved 1048576K
Event: 15784.267 GC heap after
Heap after GC invocations=83 (full 6):
 PSYoungGen      total 155136K, used 4108K [0x00000000f5580000, 0x00000000ffe80000, 0x0000000100000000)
  eden space 138752K, 0% used [0x00000000f5580000,0x00000000f5580000,0x00000000fdd00000)
  from space 16384K, 25% used [0x00000000fdd00000,0x00000000fe103288,0x00000000fed00000)
  to   space 15360K, 0% used [0x00000000fef80000,0x00000000fef80000,0x00000000ffe80000)
 ParOldGen       total 302080K, used 79962K [0x00000000e0000000, 0x00000000f2700000, 0x00000000f5580000)
  object space 302080K, 26% used [0x00000000e0000000,0x00000000e4e16b68,0x00000000f2700000)
 Metaspace       used 126081K, capacity 133480K, committed 135192K, reserved 1167360K
  class space    used 15949K, capacity 17308K, committed 17712K, reserved 1048576K
}
Event: 15790.695 GC heap before
{Heap before GC invocations=84 (full 6):
 PSYoungGen      total 155136K, used 142860K [0x00000000f5580000, 0x00000000ffe80000, 0x0000000100000000)
  eden space 138752K, 100% used [0x00000000f5580000,0x00000000fdd00000,0x00000000fdd00000)
  from space 16384K, 25% used [0x00000000fdd00000,0x00000000fe103288,0x00000000fed00000)
  to   space 15360K, 0% used [0x00000000fef80000,0x00000000fef80000,0x00000000ffe80000)
 ParOldGen       total 302080K, used 79962K [0x00000000e0000000, 0x00000000f2700000, 0x00000000f5580000)
  object space 302080K, 26% used [0x00000000e0000000,0x00000000e4e16b68,0x00000000f2700000)
 Metaspace       used 126948K, capacity 134780K, committed 136088K, reserved 1167360K
  class space    used 16008K, capacity 17440K, committed 17840K, reserved 1048576K
Event: 15790.714 GC heap after
Heap after GC invocations=84 (full 6):
 PSYoungGen      total 157696K, used 6226K [0x00000000f5580000, 0x00000000fff00000, 0x0000000100000000)
  eden space 142336K, 0% used [0x00000000f5580000,0x00000000f5580000,0x00000000fe080000)
  from space 15360K, 40% used [0x00000000fef80000,0x00000000ff594b90,0x00000000ffe80000)
  to   space 15360K, 0% used [0x00000000fe080000,0x00000000fe080000,0x00000000fef80000)
 ParOldGen       total 302080K, used 82683K [0x00000000e0000000, 0x00000000f2700000, 0x00000000f5580000)
  object space 302080K, 27% used [0x00000000e0000000,0x00000000e50bed48,0x00000000f2700000)
 Metaspace       used 126948K, capacity 134780K, committed 136088K, reserved 1167360K
  class space    used 16008K, capacity 17440K, committed 17840K, reserved 1048576K
}
Event: 15796.424 GC heap before
{Heap before GC invocations=85 (full 6):
 PSYoungGen      total 157696K, used 148562K [0x00000000f5580000, 0x00000000fff00000, 0x0000000100000000)
  eden space 142336K, 100% used [0x00000000f5580000,0x00000000fe080000,0x00000000fe080000)
  from space 15360K, 40% used [0x00000000fef80000,0x00000000ff594b90,0x00000000ffe80000)
  to   space 15360K, 0% used [0x00000000fe080000,0x00000000fe080000,0x00000000fef80000)
 ParOldGen       total 302080K, used 82683K [0x00000000e0000000, 0x00000000f2700000, 0x00000000f5580000)
  object space 302080K, 27% used [0x00000000e0000000,0x00000000e50bed48,0x00000000f2700000)
 Metaspace       used 126948K, capacity 134780K, committed 136088K, reserved 1167360K
  class space    used 16008K, capacity 17440K, committed 17840K, reserved 1048576K
Event: 15796.456 GC heap after
Heap after GC invocations=85 (full 6):
 PSYoungGen      total 157696K, used 384K [0x00000000f5580000, 0x00000000fff00000, 0x0000000100000000)
  eden space 142336K, 0% used [0x00000000f5580000,0x00000000f5580000,0x00000000fe080000)
  from space 15360K, 2% used [0x00000000fe080000,0x00000000fe0e0120,0x00000000fef80000)
  to   space 14848K, 0% used [0x00000000ff080000,0x00000000ff080000,0x00000000fff00000)
 ParOldGen       total 302080K, used 88175K [0x00000000e0000000, 0x00000000f2700000, 0x00000000f5580000)
  object space 302080K, 29% used [0x00000000e0000000,0x00000000e561bc38,0x00000000f2700000)
 Metaspace       used 126948K, capacity 134780K, committed 136088K, reserved 1167360K
  class space    used 16008K, capacity 17440K, committed 17840K, reserved 1048576K
}
Event: 15799.872 GC heap before
{Heap before GC invocations=86 (full 6):
 PSYoungGen      total 157696K, used 142720K [0x00000000f5580000, 0x00000000fff00000, 0x0000000100000000)
  eden space 142336K, 100% used [0x00000000f5580000,0x00000000fe080000,0x00000000fe080000)
  from space 15360K, 2% used [0x00000000fe080000,0x00000000fe0e0120,0x00000000fef80000)
  to   space 14848K, 0% used [0x00000000ff080000,0x00000000ff080000,0x00000000fff00000)
 ParOldGen       total 302080K, used 88175K [0x00000000e0000000, 0x00000000f2700000, 0x00000000f5580000)
  object space 302080K, 29% used [0x00000000e0000000,0x00000000e561bc38,0x00000000f2700000)
 Metaspace       used 126961K, capacity 134780K, committed 136088K, reserved 1167360K
  class space    used 16009K, capacity 17440K, committed 17840K, reserved 1048576K
Event: 15799.878 GC heap after
Heap after GC invocations=86 (full 6):
 PSYoungGen      total 158720K, used 784K [0x00000000f5580000, 0x00000000ffe80000, 0x0000000100000000)
  eden space 144384K, 0% used [0x00000000f5580000,0x00000000f5580000,0x00000000fe280000)
  from space 14336K, 5% used [0x00000000ff080000,0x00000000ff144030,0x00000000ffe80000)
  to   space 14336K, 0% used [0x00000000fe280000,0x00000000fe280000,0x00000000ff080000)
 ParOldGen       total 302080K, used 88175K [0x00000000e0000000, 0x00000000f2700000, 0x00000000f5580000)
  object space 302080K, 29% used [0x00000000e0000000,0x00000000e561bc38,0x00000000f2700000)
 Metaspace       used 126961K, capacity 134780K, committed 136088K, reserved 1167360K
  class space    used 16009K, capacity 17440K, committed 17840K, reserved 1048576K
}
Event: 15800.258 GC heap before
{Heap before GC invocations=87 (full 6):
 PSYoungGen      total 158720K, used 145168K [0x00000000f5580000, 0x00000000ffe80000, 0x0000000100000000)
  eden space 144384K, 100% used [0x00000000f5580000,0x00000000fe280000,0x00000000fe280000)
  from space 14336K, 5% used [0x00000000ff080000,0x00000000ff144030,0x00000000ffe80000)
  to   space 14336K, 0% used [0x00000000fe280000,0x00000000fe280000,0x00000000ff080000)
 ParOldGen       total 302080K, used 88179K [0x00000000e0000000, 0x00000000f2700000, 0x00000000f5580000)
  object space 302080K, 29% used [0x00000000e0000000,0x00000000e561cc48,0x00000000f2700000)
 Metaspace       used 126966K, capacity 134780K, committed 136088K, reserved 1167360K
  class space    used 16009K, capacity 17440K, committed 17840K, reserved 1048576K
Event: 15800.267 GC heap after
Heap after GC invocations=87 (full 6):
 PSYoungGen      total 158720K, used 1168K [0x00000000f5580000, 0x00000000ffe00000, 0x0000000100000000)
  eden space 144384K, 0% used [0x00000000f5580000,0x00000000f5580000,0x00000000fe280000)
  from space 14336K, 8% used [0x00000000fe280000,0x00000000fe3a4090,0x00000000ff080000)
  to   space 13312K, 0% used [0x00000000ff100000,0x00000000ff100000,0x00000000ffe00000)
 ParOldGen       total 302080K, used 88179K [0x00000000e0000000, 0x00000000f2700000, 0x00000000f5580000)
  object space 302080K, 29% used [0x00000000e0000000,0x00000000e561cc48,0x00000000f2700000)
 Metaspace       used 126966K, capacity 134780K, committed 136088K, reserved 1167360K
  class space    used 16009K, capacity 17440K, committed 17840K, reserved 1048576K
}
Event: 15800.588 GC heap before
{Heap before GC invocations=88 (full 6):
 PSYoungGen      total 158720K, used 145552K [0x00000000f5580000, 0x00000000ffe00000, 0x0000000100000000)
  eden space 144384K, 100% used [0x00000000f5580000,0x00000000fe280000,0x00000000fe280000)
  from space 14336K, 8% used [0x00000000fe280000,0x00000000fe3a4090,0x00000000ff080000)
  to   space 13312K, 0% used [0x00000000ff100000,0x00000000ff100000,0x00000000ffe00000)
 ParOldGen       total 302080K, used 88183K [0x00000000e0000000, 0x00000000f2700000, 0x00000000f5580000)
  object space 302080K, 29% used [0x00000000e0000000,0x00000000e561def8,0x00000000f2700000)
 Metaspace       used 126969K, capacity 134780K, committed 136088K, reserved 1167360K
  class space    used 16009K, capacity 17440K, committed 17840K, reserved 1048576K
Event: 15800.596 GC heap after
Heap after GC invocations=88 (full 6):
 PSYoungGen      total 159744K, used 1856K [0x00000000f5580000, 0x00000000ffe00000, 0x0000000100000000)
  eden space 146432K, 0% used [0x00000000f5580000,0x00000000f5580000,0x00000000fe480000)
  from space 13312K, 13% used [0x00000000ff100000,0x00000000ff2d00a0,0x00000000ffe00000)
  to   space 12800K, 0% used [0x00000000fe480000,0x00000000fe480000,0x00000000ff100000)
 ParOldGen       total 302080K, used 88183K [0x00000000e0000000, 0x00000000f2700000, 0x00000000f5580000)
  object space 302080K, 29% used [0x00000000e0000000,0x00000000e561def8,0x00000000f2700000)
 Metaspace       used 126969K, capacity 134780K, committed 136088K, reserved 1167360K
  class space    used 16009K, capacity 17440K, committed 17840K, reserved 1048576K
}
Event: 15801.173 GC heap before
{Heap before GC invocations=89 (full 6):
 PSYoungGen      total 159744K, used 148288K [0x00000000f5580000, 0x00000000ffe00000, 0x0000000100000000)
  eden space 146432K, 100% used [0x00000000f5580000,0x00000000fe480000,0x00000000fe480000)
  from space 13312K, 13% used [0x00000000ff100000,0x00000000ff2d00a0,0x00000000ffe00000)
  to   space 12800K, 0% used [0x00000000fe480000,0x00000000fe480000,0x00000000ff100000)
 ParOldGen       total 302080K, used 88188K [0x00000000e0000000, 0x00000000f2700000, 0x00000000f5580000)
  object space 302080K, 29% used [0x00000000e0000000,0x00000000e561f038,0x00000000f2700000)
 Metaspace       used 126969K, capacity 134780K, committed 136088K, reserved 1167360K
  class space    used 16009K, capacity 17440K, committed 17840K, reserved 1048576K
Event: 15801.179 GC heap after
Heap after GC invocations=89 (full 6):
 PSYoungGen      total 159232K, used 1971K [0x00000000f5580000, 0x00000000ffd80000, 0x0000000100000000)
  eden space 146432K, 0% used [0x00000000f5580000,0x00000000f5580000,0x00000000fe480000)
  from space 12800K, 15% used [0x00000000fe480000,0x00000000fe66cf60,0x00000000ff100000)
  to   space 11776K, 0% used [0x00000000ff200000,0x00000000ff200000,0x00000000ffd80000)
 ParOldGen       total 302080K, used 88372K [0x00000000e0000000, 0x00000000f2700000, 0x00000000f5580000)
  object space 302080K, 29% used [0x00000000e0000000,0x00000000e564d188,0x00000000f2700000)
 Metaspace       used 126969K, capacity 134780K, committed 136088K, reserved 1167360K
  class space    used 16009K, capacity 17440K, committed 17840K, reserved 1048576K
}
Event: 15801.937 GC heap before
{Heap before GC invocations=90 (full 6):
 PSYoungGen      total 159232K, used 148403K [0x00000000f5580000, 0x00000000ffd80000, 0x0000000100000000)
  eden space 146432K, 100% used [0x00000000f5580000,0x00000000fe480000,0x00000000fe480000)
  from space 12800K, 15% used [0x00000000fe480000,0x00000000fe66cf60,0x00000000ff100000)
  to   space 11776K, 0% used [0x00000000ff200000,0x00000000ff200000,0x00000000ffd80000)
 ParOldGen       total 302080K, used 88372K [0x00000000e0000000, 0x00000000f2700000, 0x00000000f5580000)
  object space 302080K, 29% used [0x00000000e0000000,0x00000000e564d188,0x00000000f2700000)
 Metaspace       used 126969K, capacity 134780K, committed 136088K, reserved 1167360K
  class space    used 16009K, capacity 17440K, committed 17840K, reserved 1048576K
Event: 15801.942 GC heap after
Heap after GC invocations=90 (full 6):
 PSYoungGen      total 160768K, used 800K [0x00000000f5580000, 0x00000000ffe00000, 0x0000000100000000)
  eden space 148992K, 0% used [0x00000000f5580000,0x00000000f5580000,0x00000000fe700000)
  from space 11776K, 6% used [0x00000000ff200000,0x00000000ff2c8000,0x00000000ffd80000)
  to   space 11264K, 0% used [0x00000000fe700000,0x00000000fe700000,0x00000000ff200000)
 ParOldGen       total 302080K, used 88492K [0x00000000e0000000, 0x00000000f2700000, 0x00000000f5580000)
  object space 302080K, 29% used [0x00000000e0000000,0x00000000e566b188,0x00000000f2700000)
 Metaspace       used 126969K, capacity 134780K, committed 136088K, reserved 1167360K
  class space    used 16009K, capacity 17440K, committed 17840K, reserved 1048576K
}
Event: 15802.423 GC heap before
{Heap before GC invocations=91 (full 6):
 PSYoungGen      total 160768K, used 149792K [0x00000000f5580000, 0x00000000ffe00000, 0x0000000100000000)
  eden space 148992K, 100% used [0x00000000f5580000,0x00000000fe700000,0x00000000fe700000)
  from space 11776K, 6% used [0x00000000ff200000,0x00000000ff2c8000,0x00000000ffd80000)
  to   space 11264K, 0% used [0x00000000fe700000,0x00000000fe700000,0x00000000ff200000)
 ParOldGen       total 302080K, used 88492K [0x00000000e0000000, 0x00000000f2700000, 0x00000000f5580000)
  object space 302080K, 29% used [0x00000000e0000000,0x00000000e566b188,0x00000000f2700000)
 Metaspace       used 126970K, capacity 134780K, committed 136088K, reserved 1167360K
  class space    used 16009K, capacity 17440K, committed 17840K, reserved 1048576K
Event: 15802.429 GC heap after
Heap after GC invocations=91 (full 6):
 PSYoungGen      total 160256K, used 1952K [0x00000000f5580000, 0x00000000ffd80000, 0x0000000100000000)
  eden space 148992K, 0% used [0x00000000f5580000,0x00000000f5580000,0x00000000fe700000)
  from space 11264K, 17% used [0x00000000fe700000,0x00000000fe8e8010,0x00000000ff200000)
  to   space 10240K, 0% used [0x00000000ff380000,0x00000000ff380000,0x00000000ffd80000)
 ParOldGen       total 302080K, used 88492K [0x00000000e0000000, 0x00000000f2700000, 0x00000000f5580000)
  object space 302080K, 29% used [0x00000000e0000000,0x00000000e566b188,0x00000000f2700000)
 Metaspace       used 126970K, capacity 134780K, committed 136088K, reserved 1167360K
  class space    used 16009K, capacity 17440K, committed 17840K, reserved 1048576K
}
Event: 15802.863 GC heap before
{Heap before GC invocations=92 (full 6):
 PSYoungGen      total 160256K, used 150944K [0x00000000f5580000, 0x00000000ffd80000, 0x0000000100000000)
  eden space 148992K, 100% used [0x00000000f5580000,0x00000000fe700000,0x00000000fe700000)
  from space 11264K, 17% used [0x00000000fe700000,0x00000000fe8e8010,0x00000000ff200000)
  to   space 10240K, 0% used [0x00000000ff380000,0x00000000ff380000,0x00000000ffd80000)
 ParOldGen       total 302080K, used 88492K [0x00000000e0000000, 0x00000000f2700000, 0x00000000f5580000)
  object space 302080K, 29% used [0x00000000e0000000,0x00000000e566b188,0x00000000f2700000)
 Metaspace       used 126971K, capacity 134780K, committed 136088K, reserved 1167360K
  class space    used 16009K, capacity 17440K, committed 17840K, reserved 1048576K
Event: 15802.869 GC heap after
Heap after GC invocations=92 (full 6):
 PSYoungGen      total 162304K, used 3114K [0x00000000f5580000, 0x00000000ffe00000, 0x0000000100000000)
  eden space 152064K, 0% used [0x00000000f5580000,0x00000000f5580000,0x00000000fea00000)
  from space 10240K, 30% used [0x00000000ff380000,0x00000000ff68a818,0x00000000ffd80000)
  to   space 9728K, 0% used [0x00000000fea00000,0x00000000fea00000,0x00000000ff380000)
 ParOldGen       total 302080K, used 88492K [0x00000000e0000000, 0x00000000f2700000, 0x00000000f5580000)
  object space 302080K, 29% used [0x00000000e0000000,0x00000000e566b188,0x00000000f2700000)
 Metaspace       used 126971K, capacity 134780K, committed 136088K, reserved 1167360K
  class space    used 16009K, capacity 17440K, committed 17840K, reserved 1048576K
}
Event: 15803.246 GC heap before
{Heap before GC invocations=93 (full 6):
 PSYoungGen      total 162304K, used 155178K [0x00000000f5580000, 0x00000000ffe00000, 0x0000000100000000)
  eden space 152064K, 100% used [0x00000000f5580000,0x00000000fea00000,0x00000000fea00000)
  from space 10240K, 30% used [0x00000000ff380000,0x00000000ff68a818,0x00000000ffd80000)
  to   space 9728K, 0% used [0x00000000fea00000,0x00000000fea00000,0x00000000ff380000)
 ParOldGen       total 302080K, used 88492K [0x00000000e0000000, 0x00000000f2700000, 0x00000000f5580000)
  object space 302080K, 29% used [0x00000000e0000000,0x00000000e566b188,0x00000000f2700000)
 Metaspace       used 126971K, capacity 134780K, committed 136088K, reserved 1167360K
  class space    used 16009K, capacity 17440K, committed 17840K, reserved 1048576K
Event: 15803.252 GC heap after
Heap after GC invocations=93 (full 6):
 PSYoungGen      total 161792K, used 3552K [0x00000000f5580000, 0x00000000fff80000, 0x0000000100000000)
  eden space 152064K, 0% used [0x00000000f5580000,0x00000000f5580000,0x00000000fea00000)
  from space 9728K, 36% used [0x00000000fea00000,0x00000000fed78010,0x00000000ff380000)
  to   space 9728K, 0% used [0x00000000ff600000,0x00000000ff600000,0x00000000fff80000)
 ParOldGen       total 302080K, used 88596K [0x00000000e0000000, 0x00000000f2700000, 0x00000000f5580000)
  object space 302080K, 29% used [0x00000000e0000000,0x00000000e5685188,0x00000000f2700000)
 Metaspace       used 126971K, capacity 134780K, committed 136088K, reserved 1167360K
  class space    used 16009K, capacity 17440K, committed 17840K, reserved 1048576K
}
Event: 15803.610 GC heap before
{Heap before GC invocations=94 (full 6):
 PSYoungGen      total 161792K, used 155616K [0x00000000f5580000, 0x00000000fff80000, 0x0000000100000000)
  eden space 152064K, 100% used [0x00000000f5580000,0x00000000fea00000,0x00000000fea00000)
  from space 9728K, 36% used [0x00000000fea00000,0x00000000fed78010,0x00000000ff380000)
  to   space 9728K, 0% used [0x00000000ff600000,0x00000000ff600000,0x00000000fff80000)
 ParOldGen       total 302080K, used 88596K [0x00000000e0000000, 0x00000000f2700000, 0x00000000f5580000)
  object space 302080K, 29% used [0x00000000e0000000,0x00000000e5685188,0x00000000f2700000)
 Metaspace       used 126971K, capacity 134780K, committed 136088K, reserved 1167360K
  class space    used 16009K, capacity 17440K, committed 17840K, reserved 1048576K
Event: 15803.627 GC heap after
Heap after GC invocations=94 (full 6):
 PSYoungGen      total 164352K, used 4736K [0x00000000f5580000, 0x0000000100000000, 0x0000000100000000)
  eden space 154624K, 0% used [0x00000000f5580000,0x00000000f5580000,0x00000000fec80000)
  from space 9728K, 48% used [0x00000000ff600000,0x00000000ffaa0010,0x00000000fff80000)
  to   space 9728K, 0% used [0x00000000fec80000,0x00000000fec80000,0x00000000ff600000)
 ParOldGen       total 302080K, used 88660K [0x00000000e0000000, 0x00000000f2700000, 0x00000000f5580000)
  object space 302080K, 29% used [0x00000000e0000000,0x00000000e5695188,0x00000000f2700000)
 Metaspace       used 126971K, capacity 134780K, committed 136088K, reserved 1167360K
  class space    used 16009K, capacity 17440K, committed 17840K, reserved 1048576K
}
Event: 15803.983 GC heap before
{Heap before GC invocations=95 (full 6):
 PSYoungGen      total 164352K, used 159360K [0x00000000f5580000, 0x0000000100000000, 0x0000000100000000)
  eden space 154624K, 100% used [0x00000000f5580000,0x00000000fec80000,0x00000000fec80000)
  from space 9728K, 48% used [0x00000000ff600000,0x00000000ffaa0010,0x00000000fff80000)
  to   space 9728K, 0% used [0x00000000fec80000,0x00000000fec80000,0x00000000ff600000)
 ParOldGen       total 302080K, used 88660K [0x00000000e0000000, 0x00000000f2700000, 0x00000000f5580000)
  object space 302080K, 29% used [0x00000000e0000000,0x00000000e5695188,0x00000000f2700000)
 Metaspace       used 126971K, capacity 134780K, committed 136088K, reserved 1167360K
  class space    used 16009K, capacity 17440K, committed 17840K, reserved 1048576K
Event: 15803.990 GC heap after
Heap after GC invocations=95 (full 6):
 PSYoungGen      total 164352K, used 5247K [0x00000000f5580000, 0x0000000100000000, 0x0000000100000000)
  eden space 154624K, 0% used [0x00000000f5580000,0x00000000f5580000,0x00000000fec80000)
  from space 9728K, 53% used [0x00000000fec80000,0x00000000ff19ff60,0x00000000ff600000)
  to   space 9728K, 0% used [0x00000000ff680000,0x00000000ff680000,0x0000000100000000)
 ParOldGen       total 302080K, used 89200K [0x00000000e0000000, 0x00000000f2700000, 0x00000000f5580000)
  object space 302080K, 29% used [0x00000000e0000000,0x00000000e571c1a8,0x00000000f2700000)
 Metaspace       used 126971K, capacity 134780K, committed 136088K, reserved 1167360K
  class space    used 16009K, capacity 17440K, committed 17840K, reserved 1048576K
}
Event: 15804.340 GC heap before
{Heap before GC invocations=96 (full 6):
 PSYoungGen      total 164352K, used 159871K [0x00000000f5580000, 0x0000000100000000, 0x0000000100000000)
  eden space 154624K, 100% used [0x00000000f5580000,0x00000000fec80000,0x00000000fec80000)
  from space 9728K, 53% used [0x00000000fec80000,0x00000000ff19ff60,0x00000000ff600000)
  to   space 9728K, 0% used [0x00000000ff680000,0x00000000ff680000,0x0000000100000000)
 ParOldGen       total 302080K, used 89200K [0x00000000e0000000, 0x00000000f2700000, 0x00000000f5580000)
  object space 302080K, 29% used [0x00000000e0000000,0x00000000e571c1a8,0x00000000f2700000)
 Metaspace       used 126971K, capacity 134780K, committed 136088K, reserved 1167360K
  class space    used 16009K, capacity 17440K, committed 17840K, reserved 1048576K
Event: 15804.353 GC heap after
Heap after GC invocations=96 (full 6):
 PSYoungGen      total 164864K, used 4064K [0x00000000f5580000, 0x0000000100000000, 0x0000000100000000)
  eden space 155136K, 0% used [0x00000000f5580000,0x00000000f5580000,0x00000000fed00000)
  from space 9728K, 41% used [0x00000000ff680000,0x00000000ffa78010,0x0000000100000000)
  to   space 9728K, 0% used [0x00000000fed00000,0x00000000fed00000,0x00000000ff680000)
 ParOldGen       total 302080K, used 91344K [0x00000000e0000000, 0x00000000f2700000, 0x00000000f5580000)
  object space 302080K, 30% used [0x00000000e0000000,0x00000000e59341a8,0x00000000f2700000)
 Metaspace       used 126971K, capacity 134780K, committed 136088K, reserved 1167360K
  class space    used 16009K, capacity 17440K, committed 17840K, reserved 1048576K
}
Event: 15804.704 GC heap before
{Heap before GC invocations=97 (full 6):
 PSYoungGen      total 164864K, used 159200K [0x00000000f5580000, 0x0000000100000000, 0x0000000100000000)
  eden space 155136K, 100% used [0x00000000f5580000,0x00000000fed00000,0x00000000fed00000)
  from space 9728K, 41% used [0x00000000ff680000,0x00000000ffa78010,0x0000000100000000)
  to   space 9728K, 0% used [0x00000000fed00000,0x00000000fed00000,0x00000000ff680000)
 ParOldGen       total 302080K, used 91344K [0x00000000e0000000, 0x00000000f2700000, 0x00000000f5580000)
  object space 302080K, 30% used [0x00000000e0000000,0x00000000e59341a8,0x00000000f2700000)
 Metaspace       used 126971K, capacity 134780K, committed 136088K, reserved 1167360K
  class space    used 16009K, capacity 17440K, committed 17840K, reserved 1048576K
Event: 15804.717 GC heap after
Heap after GC invocations=97 (full 6):
 PSYoungGen      total 158720K, used 3264K [0x00000000f5580000, 0x00000000fff00000, 0x0000000100000000)
  eden space 155136K, 0% used [0x00000000f5580000,0x00000000f5580000,0x00000000fed00000)
  from space 3584K, 91% used [0x00000000fed00000,0x00000000ff030010,0x00000000ff080000)
  to   space 9216K, 0% used [0x00000000ff600000,0x00000000ff600000,0x00000000fff00000)
 ParOldGen       total 302080K, used 93240K [0x00000000e0000000, 0x00000000f2700000, 0x00000000f5580000)
  object space 302080K, 30% used [0x00000000e0000000,0x00000000e5b0e1a8,0x00000000f2700000)
 Metaspace       used 126971K, capacity 134780K, committed 136088K, reserved 1167360K
  class space    used 16009K, capacity 17440K, committed 17840K, reserved 1048576K
}
Event: 15805.074 GC heap before
{Heap before GC invocations=98 (full 6):
 PSYoungGen      total 158720K, used 158400K [0x00000000f5580000, 0x00000000fff00000, 0x0000000100000000)
  eden space 155136K, 100% used [0x00000000f5580000,0x00000000fed00000,0x00000000fed00000)
  from space 3584K, 91% used [0x00000000fed00000,0x00000000ff030010,0x00000000ff080000)
  to   space 9216K, 0% used [0x00000000ff600000,0x00000000ff600000,0x00000000fff00000)
 ParOldGen       total 302080K, used 93240K [0x00000000e0000000, 0x00000000f2700000, 0x00000000f5580000)
  object space 302080K, 30% used [0x00000000e0000000,0x00000000e5b0e1a8,0x00000000f2700000)
 Metaspace       used 126971K, capacity 134780K, committed 136088K, reserved 1167360K
  class space    used 16009K, capacity 17440K, committed 17840K, reserved 1048576K
Event: 15805.088 GC heap after
Heap after GC invocations=98 (full 6):
 PSYoungGen      total 164864K, used 2112K [0x00000000f5580000, 0x0000000100000000, 0x0000000100000000)
  eden space 155648K, 0% used [0x00000000f5580000,0x00000000f5580000,0x00000000fed80000)
  from space 9216K, 22% used [0x00000000ff600000,0x00000000ff810000,0x00000000fff00000)
  to   space 8704K, 0% used [0x00000000fed80000,0x00000000fed80000,0x00000000ff600000)
 ParOldGen       total 302080K, used 95320K [0x00000000e0000000, 0x00000000f2700000, 0x00000000f5580000)
  object space 302080K, 31% used [0x00000000e0000000,0x00000000e5d161b8,0x00000000f2700000)
 Metaspace       used 126971K, capacity 134780K, committed 136088K, reserved 1167360K
  class space    used 16009K, capacity 17440K, committed 17840K, reserved 1048576K
}
Event: 15805.454 GC heap before
{Heap before GC invocations=99 (full 6):
 PSYoungGen      total 164864K, used 157760K [0x00000000f5580000, 0x0000000100000000, 0x0000000100000000)
  eden space 155648K, 100% used [0x00000000f5580000,0x00000000fed80000,0x00000000fed80000)
  from space 9216K, 22% used [0x00000000ff600000,0x00000000ff810000,0x00000000fff00000)
  to   space 8704K, 0% used [0x00000000fed80000,0x00000000fed80000,0x00000000ff600000)
 ParOldGen       total 302080K, used 95320K [0x00000000e0000000, 0x00000000f2700000, 0x00000000f5580000)
  object space 302080K, 31% used [0x00000000e0000000,0x00000000e5d161b8,0x00000000f2700000)
 Metaspace       used 126971K, capacity 134780K, committed 136088K, reserved 1167360K
  class space    used 16009K, capacity 17440K, committed 17840K, reserved 1048576K
Event: 15805.479 GC heap after
Heap after GC invocations=99 (full 6):
 PSYoungGen      total 164352K, used 1248K [0x00000000f5580000, 0x00000000ffe80000, 0x0000000100000000)
  eden space 155648K, 0% used [0x00000000f5580000,0x00000000f5580000,0x00000000fed80000)
  from space 8704K, 14% used [0x00000000fed80000,0x00000000feeb8000,0x00000000ff600000)
  to   space 8192K, 0% used [0x00000000ff680000,0x00000000ff680000,0x00000000ffe80000)
 ParOldGen       total 302080K, used 97336K [0x00000000e0000000, 0x00000000f2700000, 0x00000000f5580000)
  object space 302080K, 32% used [0x00000000e0000000,0x00000000e5f0e1b8,0x00000000f2700000)
 Metaspace       used 126971K, capacity 134780K, committed 136088K, reserved 1167360K
  class space    used 16009K, capacity 17440K, committed 17840K, reserved 1048576K
}
Event: 15806.619 GC heap before
{Heap before GC invocations=100 (full 6):
 PSYoungGen      total 164352K, used 156896K [0x00000000f5580000, 0x00000000ffe80000, 0x0000000100000000)
  eden space 155648K, 100% used [0x00000000f5580000,0x00000000fed80000,0x00000000fed80000)
  from space 8704K, 14% used [0x00000000fed80000,0x00000000feeb8000,0x00000000ff600000)
  to   space 8192K, 0% used [0x00000000ff680000,0x00000000ff680000,0x00000000ffe80000)
 ParOldGen       total 302080K, used 97336K [0x00000000e0000000, 0x00000000f2700000, 0x00000000f5580000)
  object space 302080K, 32% used [0x00000000e0000000,0x00000000e5f0e1b8,0x00000000f2700000)
 Metaspace       used 126972K, capacity 134780K, committed 136088K, reserved 1167360K
  class space    used 16009K, capacity 17440K, committed 17840K, reserved 1048576K
Event: 15806.626 GC heap after
Heap after GC invocations=100 (full 6):
 PSYoungGen      total 164864K, used 512K [0x00000000f5580000, 0x00000000fff80000, 0x0000000100000000)
  eden space 156672K, 0% used [0x00000000f5580000,0x00000000f5580000,0x00000000fee80000)
  from space 8192K, 6% used [0x00000000ff680000,0x00000000ff700000,0x00000000ffe80000)
  to   space 8192K, 0% used [0x00000000fee80000,0x00000000fee80000,0x00000000ff680000)
 ParOldGen       total 302080K, used 97856K [0x00000000e0000000, 0x00000000f2700000, 0x00000000f5580000)
  object space 302080K, 32% used [0x00000000e0000000,0x00000000e5f901c8,0x00000000f2700000)
 Metaspace       used 126972K, capacity 134780K, committed 136088K, reserved 1167360K
  class space    used 16009K, capacity 17440K, committed 17840K, reserved 1048576K
}
Event: 15807.627 GC heap before
{Heap before GC invocations=101 (full 6):
 PSYoungGen      total 164864K, used 157184K [0x00000000f5580000, 0x00000000fff80000, 0x0000000100000000)
  eden space 156672K, 100% used [0x00000000f5580000,0x00000000fee80000,0x00000000fee80000)
  from space 8192K, 6% used [0x00000000ff680000,0x00000000ff700000,0x00000000ffe80000)
  to   space 8192K, 0% used [0x00000000fee80000,0x00000000fee80000,0x00000000ff680000)
 ParOldGen       total 302080K, used 97856K [0x00000000e0000000, 0x00000000f2700000, 0x00000000f5580000)
  object space 302080K, 32% used [0x00000000e0000000,0x00000000e5f901c8,0x00000000f2700000)
 Metaspace       used 126975K, capacity 134780K, committed 136088K, reserved 1167360K
  class space    used 16009K, capacity 17440K, committed 17840K, reserved 1048576K
Event: 15807.633 GC heap after
Heap after GC invocations=101 (full 6):
 PSYoungGen      total 164864K, used 4338K [0x00000000f5580000, 0x0000000100000000, 0x0000000100000000)
  eden space 156672K, 0% used [0x00000000f5580000,0x00000000f5580000,0x00000000fee80000)
  from space 8192K, 52% used [0x00000000fee80000,0x00000000ff2bc970,0x00000000ff680000)
  to   space 8192K, 0% used [0x00000000ff800000,0x00000000ff800000,0x0000000100000000)
 ParOldGen       total 302080K, used 98112K [0x00000000e0000000, 0x00000000f2700000, 0x00000000f5580000)
  object space 302080K, 32% used [0x00000000e0000000,0x00000000e5fd01c8,0x00000000f2700000)
 Metaspace       used 126975K, capacity 134780K, committed 136088K, reserved 1167360K
  class space    used 16009K, capacity 17440K, committed 17840K, reserved 1048576K
}
Event: 15808.852 GC heap before
{Heap before GC invocations=102 (full 6):
 PSYoungGen      total 164864K, used 161010K [0x00000000f5580000, 0x0000000100000000, 0x0000000100000000)
  eden space 156672K, 100% used [0x00000000f5580000,0x00000000fee80000,0x00000000fee80000)
  from space 8192K, 52% used [0x00000000fee80000,0x00000000ff2bc970,0x00000000ff680000)
  to   space 8192K, 0% used [0x00000000ff800000,0x00000000ff800000,0x0000000100000000)
 ParOldGen       total 302080K, used 98112K [0x00000000e0000000, 0x00000000f2700000, 0x00000000f5580000)
  object space 302080K, 32% used [0x00000000e0000000,0x00000000e5fd01c8,0x00000000f2700000)
 Metaspace       used 128520K, capacity 136450K, committed 137752K, reserved 1169408K
  class space    used 16197K, capacity 17652K, committed 17968K, reserved 1048576K
Event: 15808.865 GC heap after
Heap after GC invocations=102 (full 6):
 PSYoungGen      total 166400K, used 3504K [0x00000000f5580000, 0x0000000100000000, 0x0000000100000000)
  eden space 158208K, 0% used [0x00000000f5580000,0x00000000f5580000,0x00000000ff000000)
  from space 8192K, 42% used [0x00000000ff800000,0x00000000ffb6c090,0x0000000100000000)
  to   space 8192K, 0% used [0x00000000ff000000,0x00000000ff000000,0x00000000ff800000)
 ParOldGen       total 302080K, used 98152K [0x00000000e0000000, 0x00000000f2700000, 0x00000000f5580000)
  object space 302080K, 32% used [0x00000000e0000000,0x00000000e5fda1c8,0x00000000f2700000)
 Metaspace       used 128520K, capacity 136450K, committed 137752K, reserved 1169408K
  class space    used 16197K, capacity 17652K, committed 17968K, reserved 1048576K
}
Event: 15811.092 GC heap before
{Heap before GC invocations=103 (full 6):
 PSYoungGen      total 166400K, used 161712K [0x00000000f5580000, 0x0000000100000000, 0x0000000100000000)
  eden space 158208K, 100% used [0x00000000f5580000,0x00000000ff000000,0x00000000ff000000)
  from space 8192K, 42% used [0x00000000ff800000,0x00000000ffb6c090,0x0000000100000000)
  to   space 8192K, 0% used [0x00000000ff000000,0x00000000ff000000,0x00000000ff800000)
 ParOldGen       total 302080K, used 98152K [0x00000000e0000000, 0x00000000f2700000, 0x00000000f5580000)
  object space 302080K, 32% used [0x00000000e0000000,0x00000000e5fda1c8,0x00000000f2700000)
 Metaspace       used 130273K, capacity 138592K, committed 139672K, reserved 1171456K
  class space    used 16432K, capacity 17990K, committed 18352K, reserved 1048576K
Event: 15811.164 GC heap after
Heap after GC invocations=103 (full 6):
 PSYoungGen      total 166400K, used 8160K [0x00000000f5580000, 0x0000000100000000, 0x0000000100000000)
  eden space 158208K, 0% used [0x00000000f5580000,0x00000000f5580000,0x00000000ff000000)
  from space 8192K, 99% used [0x00000000ff000000,0x00000000ff7f8020,0x00000000ff800000)
  to   space 8192K, 0% used [0x00000000ff800000,0x00000000ff800000,0x0000000100000000)
 ParOldGen       total 302080K, used 113609K [0x00000000e0000000, 0x00000000f2700000, 0x00000000f5580000)
  object space 302080K, 37% used [0x00000000e0000000,0x00000000e6ef2410,0x00000000f2700000)
 Metaspace       used 130273K, capacity 138592K, committed 139672K, reserved 1171456K
  class space    used 16432K, capacity 17990K, committed 18352K, reserved 1048576K
}
Event: 15813.532 GC heap before
{Heap before GC invocations=104 (full 6):
 PSYoungGen      total 166400K, used 166368K [0x00000000f5580000, 0x0000000100000000, 0x0000000100000000)
  eden space 158208K, 100% used [0x00000000f5580000,0x00000000ff000000,0x00000000ff000000)
  from space 8192K, 99% used [0x00000000ff000000,0x00000000ff7f8020,0x00000000ff800000)
  to   space 8192K, 0% used [0x00000000ff800000,0x00000000ff800000,0x0000000100000000)
 ParOldGen       total 302080K, used 113609K [0x00000000e0000000, 0x00000000f2700000, 0x00000000f5580000)
  object space 302080K, 37% used [0x00000000e0000000,0x00000000e6ef2410,0x00000000f2700000)
 Metaspace       used 130928K, capacity 139240K, committed 140184K, reserved 1171456K
  class space    used 16474K, capacity 18030K, committed 18352K, reserved 1048576K
Event: 15813.638 GC heap after
Heap after GC invocations=104 (full 6):
 PSYoungGen      total 135680K, used 8185K [0x00000000f5580000, 0x0000000100000000, 0x0000000100000000)
  eden space 127488K, 0% used [0x00000000f5580000,0x00000000f5580000,0x00000000fd200000)
  from space 8192K, 99% used [0x00000000ff800000,0x00000000ffffe590,0x0000000100000000)
  to   space 23552K, 0% used [0x00000000fd200000,0x00000000fd200000,0x00000000fe900000)
 ParOldGen       total 302080K, used 134754K [0x00000000e0000000, 0x00000000f2700000, 0x00000000f5580000)
  object space 302080K, 44% used [0x00000000e0000000,0x00000000e8398bb8,0x00000000f2700000)
 Metaspace       used 130928K, capacity 139240K, committed 140184K, reserved 1171456K
  class space    used 16474K, capacity 18030K, committed 18352K, reserved 1048576K
}
Event: 15815.169 GC heap before
{Heap before GC invocations=105 (full 6):
 PSYoungGen      total 135680K, used 135673K [0x00000000f5580000, 0x0000000100000000, 0x0000000100000000)
  eden space 127488K, 100% used [0x00000000f5580000,0x00000000fd200000,0x00000000fd200000)
  from space 8192K, 99% used [0x00000000ff800000,0x00000000ffffe590,0x0000000100000000)
  to   space 23552K, 0% used [0x00000000fd200000,0x00000000fd200000,0x00000000fe900000)
 ParOldGen       total 302080K, used 134754K [0x00000000e0000000, 0x00000000f2700000, 0x00000000f5580000)
  object space 302080K, 44% used [0x00000000e0000000,0x00000000e8398bb8,0x00000000f2700000)
 Metaspace       used 133819K, capacity 142292K, committed 143000K, reserved 1173504K
  class space    used 16697K, capacity 18262K, committed 18608K, reserved 1048576K
Event: 15815.206 GC heap after
Heap after GC invocations=105 (full 6):
 PSYoungGen      total 151040K, used 4657K [0x00000000f5580000, 0x0000000100000000, 0x0000000100000000)
  eden space 127488K, 0% used [0x00000000f5580000,0x00000000f5580000,0x00000000fd200000)
  from space 23552K, 19% used [0x00000000fd200000,0x00000000fd68c4c0,0x00000000fe900000)
  to   space 22016K, 0% used [0x00000000fea80000,0x00000000fea80000,0x0000000100000000)
 ParOldGen       total 302080K, used 142817K [0x00000000e0000000, 0x00000000f2700000, 0x00000000f5580000)
  object space 302080K, 47% used [0x00000000e0000000,0x00000000e8b78740,0x00000000f2700000)
 Metaspace       used 133819K, capacity 142292K, committed 143000K, reserved 1173504K
  class space    used 16697K, capacity 18262K, committed 18608K, reserved 1048576K
}
Event: 15816.730 GC heap before
{Heap before GC invocations=106 (full 6):
 PSYoungGen      total 151040K, used 132145K [0x00000000f5580000, 0x0000000100000000, 0x0000000100000000)
  eden space 127488K, 100% used [0x00000000f5580000,0x00000000fd200000,0x00000000fd200000)
  from space 23552K, 19% used [0x00000000fd200000,0x00000000fd68c4c0,0x00000000fe900000)
  to   space 22016K, 0% used [0x00000000fea80000,0x00000000fea80000,0x0000000100000000)
 ParOldGen       total 302080K, used 142817K [0x00000000e0000000, 0x00000000f2700000, 0x00000000f5580000)
  object space 302080K, 47% used [0x00000000e0000000,0x00000000e8b78740,0x00000000f2700000)
 Metaspace       used 134186K, capacity 142792K, committed 143256K, reserved 1173504K
  class space    used 16732K, capacity 18330K, committed 18608K, reserved 1048576K
Event: 15816.751 GC heap after
Heap after GC invocations=106 (full 6):
 PSYoungGen      total 147456K, used 6374K [0x00000000f5580000, 0x00000000ffc80000, 0x0000000100000000)
  eden space 129024K, 0% used [0x00000000f5580000,0x00000000f5580000,0x00000000fd380000)
  from space 18432K, 34% used [0x00000000fea80000,0x00000000ff0b9ad8,0x00000000ffc80000)
  to   space 20992K, 0% used [0x00000000fd380000,0x00000000fd380000,0x00000000fe800000)
 ParOldGen       total 302080K, used 145106K [0x00000000e0000000, 0x00000000f2700000, 0x00000000f5580000)
  object space 302080K, 48% used [0x00000000e0000000,0x00000000e8db4830,0x00000000f2700000)
 Metaspace       used 134186K, capacity 142792K, committed 143256K, reserved 1173504K
  class space    used 16732K, capacity 18330K, committed 18608K, reserved 1048576K
}
Event: 15819.488 GC heap before
{Heap before GC invocations=107 (full 6):
 PSYoungGen      total 147456K, used 135398K [0x00000000f5580000, 0x00000000ffc80000, 0x0000000100000000)
  eden space 129024K, 100% used [0x00000000f5580000,0x00000000fd380000,0x00000000fd380000)
  from space 18432K, 34% used [0x00000000fea80000,0x00000000ff0b9ad8,0x00000000ffc80000)
  to   space 20992K, 0% used [0x00000000fd380000,0x00000000fd380000,0x00000000fe800000)
 ParOldGen       total 302080K, used 145106K [0x00000000e0000000, 0x00000000f2700000, 0x00000000f5580000)
  object space 302080K, 48% used [0x00000000e0000000,0x00000000e8db4830,0x00000000f2700000)
 Metaspace       used 134496K, capacity 143186K, committed 143768K, reserved 1175552K
  class space    used 16772K, capacity 18371K, committed 18608K, reserved 1048576K
Event: 15819.555 GC heap after
Heap after GC invocations=107 (full 6):
 PSYoungGen      total 150016K, used 20990K [0x00000000f5580000, 0x0000000100000000, 0x0000000100000000)
  eden space 129024K, 0% used [0x00000000f5580000,0x00000000f5580000,0x00000000fd380000)
  from space 20992K, 99% used [0x00000000fd380000,0x00000000fe7ff810,0x00000000fe800000)
  to   space 24576K, 0% used [0x00000000fe800000,0x00000000fe800000,0x0000000100000000)
 ParOldGen       total 302080K, used 152004K [0x00000000e0000000, 0x00000000f2700000, 0x00000000f5580000)
  object space 302080K, 50% used [0x00000000e0000000,0x00000000e94712f0,0x00000000f2700000)
 Metaspace       used 134496K, capacity 143186K, committed 143768K, reserved 1175552K
  class space    used 16772K, capacity 18371K, committed 18608K, reserved 1048576K
}
Event: 15822.479 GC heap before
{Heap before GC invocations=108 (full 6):
 PSYoungGen      total 150016K, used 150014K [0x00000000f5580000, 0x0000000100000000, 0x0000000100000000)
  eden space 129024K, 100% used [0x00000000f5580000,0x00000000fd380000,0x00000000fd380000)
  from space 20992K, 99% used [0x00000000fd380000,0x00000000fe7ff810,0x00000000fe800000)
  to   space 24576K, 0% used [0x00000000fe800000,0x00000000fe800000,0x0000000100000000)
 ParOldGen       total 302080K, used 152004K [0x00000000e0000000, 0x00000000f2700000, 0x00000000f5580000)
  object space 302080K, 50% used [0x00000000e0000000,0x00000000e94712f0,0x00000000f2700000)
 Metaspace       used 135116K, capacity 143768K, committed 144280K, reserved 1175552K
  class space    used 16836K, capacity 18410K, committed 18608K, reserved 1048576K
Event: 15822.534 GC heap after
Heap after GC invocations=108 (full 6):
 PSYoungGen      total 145920K, used 12628K [0x00000000f5580000, 0x0000000100000000, 0x0000000100000000)
  eden space 121344K, 0% used [0x00000000f5580000,0x00000000f5580000,0x00000000fcc00000)
  from space 24576K, 51% used [0x00000000fe800000,0x00000000ff455208,0x0000000100000000)
  to   space 26624K, 0% used [0x00000000fcc00000,0x00000000fcc00000,0x00000000fe600000)
 ParOldGen       total 302080K, used 160131K [0x00000000e0000000, 0x00000000f2700000, 0x00000000f5580000)
  object space 302080K, 53% used [0x00000000e0000000,0x00000000e9c60c50,0x00000000f2700000)
 Metaspace       used 135116K, capacity 143768K, committed 144280K, reserved 1175552K
  class space    used 16836K, capacity 18410K, committed 18608K, reserved 1048576K
}
Event: 15822.941 GC heap before
{Heap before GC invocations=109 (full 6):
 PSYoungGen      total 145920K, used 133972K [0x00000000f5580000, 0x0000000100000000, 0x0000000100000000)
  eden space 121344K, 100% used [0x00000000f5580000,0x00000000fcc00000,0x00000000fcc00000)
  from space 24576K, 51% used [0x00000000fe800000,0x00000000ff455208,0x0000000100000000)
  to   space 26624K, 0% used [0x00000000fcc00000,0x00000000fcc00000,0x00000000fe600000)
 ParOldGen       total 302080K, used 160131K [0x00000000e0000000, 0x00000000f2700000, 0x00000000f5580000)
  object space 302080K, 53% used [0x00000000e0000000,0x00000000e9c60c50,0x00000000f2700000)
 Metaspace       used 135207K, capacity 143928K, committed 144408K, reserved 1175552K
  class space    used 16840K, capacity 18442K, committed 18736K, reserved 1048576K
Event: 15823.000 GC heap after
Heap after GC invocations=109 (full 6):
 PSYoungGen      total 147968K, used 576K [0x00000000f5580000, 0x0000000100000000, 0x0000000100000000)
  eden space 121344K, 0% used [0x00000000f5580000,0x00000000f5580000,0x00000000fcc00000)
  from space 26624K, 2% used [0x00000000fcc00000,0x00000000fcc90000,0x00000000fe600000)
  to   space 26624K, 0% used [0x00000000fe600000,0x00000000fe600000,0x0000000100000000)
 ParOldGen       total 302080K, used 166068K [0x00000000e0000000, 0x00000000f2700000, 0x00000000f5580000)
  object space 302080K, 54% used [0x00000000e0000000,0x00000000ea22d178,0x00000000f2700000)
 Metaspace       used 135207K, capacity 143928K, committed 144408K, reserved 1175552K
  class space    used 16840K, capacity 18442K, committed 18736K, reserved 1048576K
}
Event: 15823.477 GC heap before
{Heap before GC invocations=110 (full 6):
 PSYoungGen      total 147968K, used 121920K [0x00000000f5580000, 0x0000000100000000, 0x0000000100000000)
  eden space 121344K, 100% used [0x00000000f5580000,0x00000000fcc00000,0x00000000fcc00000)
  from space 26624K, 2% used [0x00000000fcc00000,0x00000000fcc90000,0x00000000fe600000)
  to   space 26624K, 0% used [0x00000000fe600000,0x00000000fe600000,0x0000000100000000)
 ParOldGen       total 302080K, used 166068K [0x00000000e0000000, 0x00000000f2700000, 0x00000000f5580000)
  object space 302080K, 54% used [0x00000000e0000000,0x00000000ea22d178,0x00000000f2700000)
 Metaspace       used 135222K, capacity 143928K, committed 144408K, reserved 1175552K
  class space    used 16840K, capacity 18442K, committed 18736K, reserved 1048576K
Event: 15823.484 GC heap after
Heap after GC invocations=110 (full 6):
 PSYoungGen      total 145920K, used 3318K [0x00000000f5580000, 0x00000000ffe00000, 0x0000000100000000)
  eden space 121344K, 0% used [0x00000000f5580000,0x00000000f5580000,0x00000000fcc00000)
  from space 24576K, 13% used [0x00000000fe600000,0x00000000fe93d9e0,0x00000000ffe00000)
  to   space 25600K, 0% used [0x00000000fcc00000,0x00000000fcc00000,0x00000000fe500000)
 ParOldGen       total 302080K, used 166485K [0x00000000e0000000, 0x00000000f2700000, 0x00000000f5580000)
  object space 302080K, 55% used [0x00000000e0000000,0x00000000ea295410,0x00000000f2700000)
 Metaspace       used 135222K, capacity 143928K, committed 144408K, reserved 1175552K
  class space    used 16840K, capacity 18442K, committed 18736K, reserved 1048576K
}
Event: 15825.900 GC heap before
{Heap before GC invocations=111 (full 6):
 PSYoungGen      total 145920K, used 124662K [0x00000000f5580000, 0x00000000ffe00000, 0x0000000100000000)
  eden space 121344K, 100% used [0x00000000f5580000,0x00000000fcc00000,0x00000000fcc00000)
  from space 24576K, 13% used [0x00000000fe600000,0x00000000fe93d9e0,0x00000000ffe00000)
  to   space 25600K, 0% used [0x00000000fcc00000,0x00000000fcc00000,0x00000000fe500000)
 ParOldGen       total 302080K, used 166485K [0x00000000e0000000, 0x00000000f2700000, 0x00000000f5580000)
  object space 302080K, 55% used [0x00000000e0000000,0x00000000ea295410,0x00000000f2700000)
 Metaspace       used 135533K, capacity 144260K, committed 144664K, reserved 1175552K
  class space    used 16870K, capacity 18492K, committed 18736K, reserved 1048576K
Event: 15825.918 GC heap after
Heap after GC invocations=111 (full 6):
 PSYoungGen      total 146944K, used 4628K [0x00000000f5580000, 0x00000000fff00000, 0x0000000100000000)
  eden space 121344K, 0% used [0x00000000f5580000,0x00000000f5580000,0x00000000fcc00000)
  from space 25600K, 18% used [0x00000000fcc00000,0x00000000fd085350,0x00000000fe500000)
  to   space 24576K, 0% used [0x00000000fe700000,0x00000000fe700000,0x00000000fff00000)
 ParOldGen       total 302080K, used 169745K [0x00000000e0000000, 0x00000000f2700000, 0x00000000f5580000)
  object space 302080K, 56% used [0x00000000e0000000,0x00000000ea5c45a8,0x00000000f2700000)
 Metaspace       used 135533K, capacity 144260K, committed 144664K, reserved 1175552K
  class space    used 16870K, capacity 18492K, committed 18736K, reserved 1048576K
}
Event: 15826.743 GC heap before
{Heap before GC invocations=112 (full 6):
 PSYoungGen      total 146944K, used 125972K [0x00000000f5580000, 0x00000000fff00000, 0x0000000100000000)
  eden space 121344K, 100% used [0x00000000f5580000,0x00000000fcc00000,0x00000000fcc00000)
  from space 25600K, 18% used [0x00000000fcc00000,0x00000000fd085350,0x00000000fe500000)
  to   space 24576K, 0% used [0x00000000fe700000,0x00000000fe700000,0x00000000fff00000)
 ParOldGen       total 302080K, used 169745K [0x00000000e0000000, 0x00000000f2700000, 0x00000000f5580000)
  object space 302080K, 56% used [0x00000000e0000000,0x00000000ea5c45a8,0x00000000f2700000)
 Metaspace       used 135547K, capacity 144278K, committed 144920K, reserved 1175552K
  class space    used 16872K, capacity 18495K, committed 18736K, reserved 1048576K
Event: 15826.757 GC heap after
Heap after GC invocations=112 (full 6):
 PSYoungGen      total 146944K, used 3506K [0x00000000f5580000, 0x00000000ffd00000, 0x0000000100000000)
  eden space 124416K, 0% used [0x00000000f5580000,0x00000000f5580000,0x00000000fcf00000)
  from space 22528K, 15% used [0x00000000fe700000,0x00000000fea6c970,0x00000000ffd00000)
  to   space 23552K, 0% used [0x00000000fcf00000,0x00000000fcf00000,0x00000000fe600000)
 ParOldGen       total 302080K, used 173826K [0x00000000e0000000, 0x00000000f2700000, 0x00000000f5580000)
  object space 302080K, 57% used [0x00000000e0000000,0x00000000ea9c0bb8,0x00000000f2700000)
 Metaspace       used 135547K, capacity 144278K, committed 144920K, reserved 1175552K
  class space    used 16872K, capacity 18495K, committed 18736K, reserved 1048576K
}
Event: 15828.576 GC heap before
{Heap before GC invocations=113 (full 6):
 PSYoungGen      total 146944K, used 127922K [0x00000000f5580000, 0x00000000ffd00000, 0x0000000100000000)
  eden space 124416K, 100% used [0x00000000f5580000,0x00000000fcf00000,0x00000000fcf00000)
  from space 22528K, 15% used [0x00000000fe700000,0x00000000fea6c970,0x00000000ffd00000)
  to   space 23552K, 0% used [0x00000000fcf00000,0x00000000fcf00000,0x00000000fe600000)
 ParOldGen       total 302080K, used 173826K [0x00000000e0000000, 0x00000000f2700000, 0x00000000f5580000)
  object space 302080K, 57% used [0x00000000e0000000,0x00000000ea9c0bb8,0x00000000f2700000)
 Metaspace       used 136317K, capacity 145066K, committed 145560K, reserved 1175552K
  class space    used 16996K, capacity 18627K, committed 18864K, reserved 1048576K
Event: 15828.596 GC heap after
Heap after GC invocations=113 (full 6):
 PSYoungGen      total 147968K, used 3088K [0x00000000f5580000, 0x00000000fff00000, 0x0000000100000000)
  eden space 124416K, 0% used [0x00000000f5580000,0x00000000f5580000,0x00000000fcf00000)
  from space 23552K, 13% used [0x00000000fcf00000,0x00000000fd2040b8,0x00000000fe600000)
  to   space 22528K, 0% used [0x00000000fe900000,0x00000000fe900000,0x00000000fff00000)
 ParOldGen       total 302080K, used 177074K [0x00000000e0000000, 0x00000000f2700000, 0x00000000f5580000)
  object space 302080K, 58% used [0x00000000e0000000,0x00000000eacecbb8,0x00000000f2700000)
 Metaspace       used 136317K, capacity 145066K, committed 145560K, reserved 1175552K
  class space    used 16996K, capacity 18627K, committed 18864K, reserved 1048576K
}
Event: 15828.614 GC heap before
{Heap before GC invocations=114 (full 6):
 PSYoungGen      total 147968K, used 4796K [0x00000000f5580000, 0x00000000fff00000, 0x0000000100000000)
  eden space 124416K, 1% used [0x00000000f5580000,0x00000000f572b148,0x00000000fcf00000)
  from space 23552K, 13% used [0x00000000fcf00000,0x00000000fd2040b8,0x00000000fe600000)
  to   space 22528K, 0% used [0x00000000fe900000,0x00000000fe900000,0x00000000fff00000)
 ParOldGen       total 302080K, used 177074K [0x00000000e0000000, 0x00000000f2700000, 0x00000000f5580000)
  object space 302080K, 58% used [0x00000000e0000000,0x00000000eacecbb8,0x00000000f2700000)
 Metaspace       used 136387K, capacity 145166K, committed 145560K, reserved 1175552K
  class space    used 17007K, capacity 18633K, committed 18864K, reserved 1048576K
Event: 15828.628 GC heap after
Heap after GC invocations=114 (full 6):
 PSYoungGen      total 150016K, used 288K [0x00000000f5580000, 0x00000000ffe00000, 0x0000000100000000)
  eden space 128512K, 0% used [0x00000000f5580000,0x00000000f5580000,0x00000000fd300000)
  from space 21504K, 1% used [0x00000000fe900000,0x00000000fe948000,0x00000000ffe00000)
  to   space 22016K, 0% used [0x00000000fd300000,0x00000000fd300000,0x00000000fe880000)
 ParOldGen       total 302080K, used 179261K [0x00000000e0000000, 0x00000000f2700000, 0x00000000f5580000)
  object space 302080K, 59% used [0x00000000e0000000,0x00000000eaf0f400,0x00000000f2700000)
 Metaspace       used 136387K, capacity 145166K, committed 145560K, reserved 1175552K
  class space    used 17007K, capacity 18633K, committed 18864K, reserved 1048576K
}
Event: 15828.628 GC heap before
{Heap before GC invocations=115 (full 7):
 PSYoungGen      total 150016K, used 288K [0x00000000f5580000, 0x00000000ffe00000, 0x0000000100000000)
  eden space 128512K, 0% used [0x00000000f5580000,0x00000000f5580000,0x00000000fd300000)
  from space 21504K, 1% used [0x00000000fe900000,0x00000000fe948000,0x00000000ffe00000)
  to   space 22016K, 0% used [0x00000000fd300000,0x00000000fd300000,0x00000000fe880000)
 ParOldGen       total 302080K, used 179261K [0x00000000e0000000, 0x00000000f2700000, 0x00000000f5580000)
  object space 302080K, 59% used [0x00000000e0000000,0x00000000eaf0f400,0x00000000f2700000)
 Metaspace       used 136387K, capacity 145166K, committed 145560K, reserved 1175552K
  class space    used 17007K, capacity 18633K, committed 18864K, reserved 1048576K
Event: 15830.035 GC heap after
Heap after GC invocations=115 (full 7):
 PSYoungGen      total 150016K, used 0K [0x00000000f5580000, 0x00000000ffe00000, 0x0000000100000000)
  eden space 128512K, 0% used [0x00000000f5580000,0x00000000f5580000,0x00000000fd300000)
  from space 21504K, 0% used [0x00000000fe900000,0x00000000fe900000,0x00000000ffe00000)
  to   space 22016K, 0% used [0x00000000fd300000,0x00000000fd300000,0x00000000fe880000)
 ParOldGen       total 302080K, used 115292K [0x00000000e0000000, 0x00000000f2700000, 0x00000000f5580000)
  object space 302080K, 38% used [0x00000000e0000000,0x00000000e7097350,0x00000000f2700000)
 Metaspace       used 136107K, capacity 144604K, committed 145560K, reserved 1175552K
  class space    used 16929K, capacity 18507K, committed 18864K, reserved 1048576K
}
Event: 15844.123 GC heap before
{Heap before GC invocations=116 (full 7):
 PSYoungGen      total 150016K, used 128512K [0x00000000f5580000, 0x00000000ffe00000, 0x0000000100000000)
  eden space 128512K, 100% used [0x00000000f5580000,0x00000000fd300000,0x00000000fd300000)
  from space 21504K, 0% used [0x00000000fe900000,0x00000000fe900000,0x00000000ffe00000)
  to   space 22016K, 0% used [0x00000000fd300000,0x00000000fd300000,0x00000000fe880000)
 ParOldGen       total 302080K, used 115292K [0x00000000e0000000, 0x00000000f2700000, 0x00000000f5580000)
  object space 302080K, 38% used [0x00000000e0000000,0x00000000e7097350,0x00000000f2700000)
 Metaspace       used 136472K, capacity 145010K, committed 145560K, reserved 1175552K
  class space    used 16973K, capacity 18594K, committed 18864K, reserved 1048576K
Event: 15844.165 GC heap after
Heap after GC invocations=116 (full 7):
 PSYoungGen      total 150528K, used 11790K [0x00000000f5580000, 0x0000000100000000, 0x0000000100000000)
  eden space 128512K, 0% used [0x00000000f5580000,0x00000000f5580000,0x00000000fd300000)
  from space 22016K, 53% used [0x00000000fd300000,0x00000000fde83868,0x00000000fe880000)
  to   space 22528K, 0% used [0x00000000fea00000,0x00000000fea00000,0x0000000100000000)
 ParOldGen       total 302080K, used 115300K [0x00000000e0000000, 0x00000000f2700000, 0x00000000f5580000)
  object space 302080K, 38% used [0x00000000e0000000,0x00000000e7099350,0x00000000f2700000)
 Metaspace       used 136472K, capacity 145010K, committed 145560K, reserved 1175552K
  class space    used 16973K, capacity 18594K, committed 18864K, reserved 1048576K
}
Event: 15848.532 GC heap before
{Heap before GC invocations=117 (full 7):
 PSYoungGen      total 150528K, used 140301K [0x00000000f5580000, 0x0000000100000000, 0x0000000100000000)
  eden space 128512K, 99% used [0x00000000f5580000,0x00000000fd2ffe38,0x00000000fd300000)
  from space 22016K, 53% used [0x00000000fd300000,0x00000000fde83868,0x00000000fe880000)
  to   space 22528K, 0% used [0x00000000fea00000,0x00000000fea00000,0x0000000100000000)
 ParOldGen       total 302080K, used 115300K [0x00000000e0000000, 0x00000000f2700000, 0x00000000f5580000)
  object space 302080K, 38% used [0x00000000e0000000,0x00000000e7099350,0x00000000f2700000)
 Metaspace       used 137090K, capacity 145918K, committed 146328K, reserved 1177600K
  class space    used 17049K, capacity 18696K, committed 18864K, reserved 1048576K
Event: 15848.607 GC heap after
Heap after GC invocations=117 (full 7):
 PSYoungGen      total 147968K, used 16623K [0x00000000f5580000, 0x0000000100000000, 0x0000000100000000)
  eden space 125440K, 0% used [0x00000000f5580000,0x00000000f5580000,0x00000000fd000000)
  from space 22528K, 73% used [0x00000000fea00000,0x00000000ffa3bd90,0x0000000100000000)
  to   space 24576K, 0% used [0x00000000fd000000,0x00000000fd000000,0x00000000fe800000)
 ParOldGen       total 302080K, used 119818K [0x00000000e0000000, 0x00000000f2700000, 0x00000000f5580000)
  object space 302080K, 39% used [0x00000000e0000000,0x00000000e75028c8,0x00000000f2700000)
 Metaspace       used 137090K, capacity 145918K, committed 146328K, reserved 1177600K
  class space    used 17049K, capacity 18696K, committed 18864K, reserved 1048576K
}
Event: 15870.648 GC heap before
{Heap before GC invocations=118 (full 7):
 PSYoungGen      total 147968K, used 142063K [0x00000000f5580000, 0x0000000100000000, 0x0000000100000000)
  eden space 125440K, 100% used [0x00000000f5580000,0x00000000fd000000,0x00000000fd000000)
  from space 22528K, 73% used [0x00000000fea00000,0x00000000ffa3bd90,0x0000000100000000)
  to   space 24576K, 0% used [0x00000000fd000000,0x00000000fd000000,0x00000000fe800000)
 ParOldGen       total 302080K, used 119818K [0x00000000e0000000, 0x00000000f2700000, 0x00000000f5580000)
  object space 302080K, 39% used [0x00000000e0000000,0x00000000e75028c8,0x00000000f2700000)
 Metaspace       used 137166K, capacity 145960K, committed 146328K, reserved 1177600K
  class space    used 17054K, capacity 18703K, committed 18864K, reserved 1048576K
Event: 15870.696 GC heap after
Heap after GC invocations=118 (full 7):
 PSYoungGen      total 145408K, used 19930K [0x00000000f5580000, 0x0000000100000000, 0x0000000100000000)
  eden space 125440K, 0% used [0x00000000f5580000,0x00000000f5580000,0x00000000fd000000)
  from space 19968K, 99% used [0x00000000fd000000,0x00000000fe376a38,0x00000000fe380000)
  to   space 27648K, 0% used [0x00000000fe500000,0x00000000fe500000,0x0000000100000000)
 ParOldGen       total 302080K, used 125267K [0x00000000e0000000, 0x00000000f2700000, 0x00000000f5580000)
  object space 302080K, 41% used [0x00000000e0000000,0x00000000e7a54c08,0x00000000f2700000)
 Metaspace       used 137166K, capacity 145960K, committed 146328K, reserved 1177600K
  class space    used 17054K, capacity 18703K, committed 18864K, reserved 1048576K
}
Event: 15871.932 GC heap before
{Heap before GC invocations=119 (full 7):
 PSYoungGen      total 145408K, used 145370K [0x00000000f5580000, 0x0000000100000000, 0x0000000100000000)
  eden space 125440K, 100% used [0x00000000f5580000,0x00000000fd000000,0x00000000fd000000)
  from space 19968K, 99% used [0x00000000fd000000,0x00000000fe376a38,0x00000000fe380000)
  to   space 27648K, 0% used [0x00000000fe500000,0x00000000fe500000,0x0000000100000000)
 ParOldGen       total 302080K, used 125267K [0x00000000e0000000, 0x00000000f2700000, 0x00000000f5580000)
  object space 302080K, 41% used [0x00000000e0000000,0x00000000e7a54c08,0x00000000f2700000)
 Metaspace       used 137343K, capacity 146236K, committed 146584K, reserved 1177600K
  class space    used 17076K, capacity 18717K, committed 18864K, reserved 1048576K
Event: 15871.960 GC heap after
Heap after GC invocations=119 (full 7):
 PSYoungGen      total 147968K, used 3087K [0x00000000f5580000, 0x0000000100000000, 0x0000000100000000)
  eden space 120320K, 0% used [0x00000000f5580000,0x00000000f5580000,0x00000000fcb00000)
  from space 27648K, 11% used [0x00000000fe500000,0x00000000fe803c78,0x0000000100000000)
  to   space 26624K, 0% used [0x00000000fcb00000,0x00000000fcb00000,0x00000000fe500000)
 ParOldGen       total 302080K, used 130556K [0x00000000e0000000, 0x00000000f2700000, 0x00000000f5580000)
  object space 302080K, 43% used [0x00000000e0000000,0x00000000e7f7f280,0x00000000f2700000)
 Metaspace       used 137343K, capacity 146236K, committed 146584K, reserved 1177600K
  class space    used 17076K, capacity 18717K, committed 18864K, reserved 1048576K
}
Event: 15872.827 GC heap before
{Heap before GC invocations=120 (full 7):
 PSYoungGen      total 147968K, used 123407K [0x00000000f5580000, 0x0000000100000000, 0x0000000100000000)
  eden space 120320K, 100% used [0x00000000f5580000,0x00000000fcb00000,0x00000000fcb00000)
  from space 27648K, 11% used [0x00000000fe500000,0x00000000fe803c78,0x0000000100000000)
  to   space 26624K, 0% used [0x00000000fcb00000,0x00000000fcb00000,0x00000000fe500000)
 ParOldGen       total 302080K, used 130556K [0x00000000e0000000, 0x00000000f2700000, 0x00000000f5580000)
  object space 302080K, 43% used [0x00000000e0000000,0x00000000e7f7f280,0x00000000f2700000)
 Metaspace       used 137378K, capacity 146266K, committed 146584K, reserved 1177600K
  class space    used 17078K, capacity 18720K, committed 18864K, reserved 1048576K
Event: 15872.855 GC heap after
Heap after GC invocations=120 (full 7):
 PSYoungGen      total 142336K, used 21905K [0x00000000f5580000, 0x0000000100000000, 0x0000000100000000)
  eden space 120320K, 0% used [0x00000000f5580000,0x00000000f5580000,0x00000000fcb00000)
  from space 22016K, 99% used [0x00000000fcb00000,0x00000000fe064788,0x00000000fe080000)
  to   space 30208K, 0% used [0x00000000fe280000,0x00000000fe280000,0x0000000100000000)
 ParOldGen       total 302080K, used 132563K [0x00000000e0000000, 0x00000000f2700000, 0x00000000f5580000)
  object space 302080K, 43% used [0x00000000e0000000,0x00000000e8174e40,0x00000000f2700000)
 Metaspace       used 137378K, capacity 146266K, committed 146584K, reserved 1177600K
  class space    used 17078K, capacity 18720K, committed 18864K, reserved 1048576K
}
Event: 15873.162 GC heap before
{Heap before GC invocations=121 (full 7):
 PSYoungGen      total 142336K, used 142225K [0x00000000f5580000, 0x0000000100000000, 0x0000000100000000)
  eden space 120320K, 100% used [0x00000000f5580000,0x00000000fcb00000,0x00000000fcb00000)
  from space 22016K, 99% used [0x00000000fcb00000,0x00000000fe064788,0x00000000fe080000)
  to   space 30208K, 0% used [0x00000000fe280000,0x00000000fe280000,0x0000000100000000)
 ParOldGen       total 302080K, used 132563K [0x00000000e0000000, 0x00000000f2700000, 0x00000000f5580000)
  object space 302080K, 43% used [0x00000000e0000000,0x00000000e8174e40,0x00000000f2700000)
 Metaspace       used 137400K, capacity 146266K, committed 146584K, reserved 1177600K
  class space    used 17080K, capacity 18720K, committed 18864K, reserved 1048576K
Event: 15873.237 GC heap after
Heap after GC invocations=121 (full 7):
 PSYoungGen      total 137216K, used 24808K [0x00000000f5580000, 0x0000000100000000, 0x0000000100000000)
  eden space 107008K, 0% used [0x00000000f5580000,0x00000000f5580000,0x00000000fbe00000)
  from space 30208K, 82% used [0x00000000fe280000,0x00000000ffaba138,0x0000000100000000)
  to   space 33792K, 0% used [0x00000000fbe00000,0x00000000fbe00000,0x00000000fdf00000)
 ParOldGen       total 302080K, used 144313K [0x00000000e0000000, 0x00000000f2700000, 0x00000000f5580000)
  object space 302080K, 47% used [0x00000000e0000000,0x00000000e8cee470,0x00000000f2700000)
 Metaspace       used 137400K, capacity 146266K, committed 146584K, reserved 1177600K
  class space    used 17080K, capacity 18720K, committed 18864K, reserved 1048576K
}
Event: 15873.428 GC heap before
{Heap before GC invocations=122 (full 7):
 PSYoungGen      total 137216K, used 131816K [0x00000000f5580000, 0x0000000100000000, 0x0000000100000000)
  eden space 107008K, 100% used [0x00000000f5580000,0x00000000fbe00000,0x00000000fbe00000)
  from space 30208K, 82% used [0x00000000fe280000,0x00000000ffaba138,0x0000000100000000)
  to   space 33792K, 0% used [0x00000000fbe00000,0x00000000fbe00000,0x00000000fdf00000)
 ParOldGen       total 302080K, used 144313K [0x00000000e0000000, 0x00000000f2700000, 0x00000000f5580000)
  object space 302080K, 47% used [0x00000000e0000000,0x00000000e8cee470,0x00000000f2700000)
 Metaspace       used 137419K, capacity 146276K, committed 146584K, reserved 1177600K
  class space    used 17082K, capacity 18721K, committed 18864K, reserved 1048576K
Event: 15873.503 GC heap after
Heap after GC invocations=122 (full 7):
 PSYoungGen      total 129024K, used 21706K [0x00000000f5580000, 0x0000000100000000, 0x0000000100000000)
  eden space 107008K, 0% used [0x00000000f5580000,0x00000000f5580000,0x00000000fbe00000)
  from space 22016K, 98% used [0x00000000fbe00000,0x00000000fd332848,0x00000000fd380000)
  to   space 35328K, 0% used [0x00000000fdd80000,0x00000000fdd80000,0x0000000100000000)
 ParOldGen       total 302080K, used 165767K [0x00000000e0000000, 0x00000000f2700000, 0x00000000f5580000)
  object space 302080K, 54% used [0x00000000e0000000,0x00000000ea1e1e98,0x00000000f2700000)
 Metaspace       used 137419K, capacity 146276K, committed 146584K, reserved 1177600K
  class space    used 17082K, capacity 18721K, committed 18864K, reserved 1048576K
}
Event: 15873.657 GC heap before
{Heap before GC invocations=123 (full 7):
 PSYoungGen      total 129024K, used 128714K [0x00000000f5580000, 0x0000000100000000, 0x0000000100000000)
  eden space 107008K, 100% used [0x00000000f5580000,0x00000000fbe00000,0x00000000fbe00000)
  from space 22016K, 98% used [0x00000000fbe00000,0x00000000fd332848,0x00000000fd380000)
  to   space 35328K, 0% used [0x00000000fdd80000,0x00000000fdd80000,0x0000000100000000)
 ParOldGen       total 302080K, used 165767K [0x00000000e0000000, 0x00000000f2700000, 0x00000000f5580000)
  object space 302080K, 54% used [0x00000000e0000000,0x00000000ea1e1e98,0x00000000f2700000)
 Metaspace       used 137424K, capacity 146280K, committed 146584K, reserved 1177600K
  class space    used 17082K, capacity 18721K, committed 18864K, reserved 1048576K
Event: 15873.723 GC heap after
Heap after GC invocations=123 (full 7):
 PSYoungGen      total 136192K, used 23007K [0x00000000f5580000, 0x0000000100000000, 0x0000000100000000)
  eden space 100864K, 0% used [0x00000000f5580000,0x00000000f5580000,0x00000000fb800000)
  from space 35328K, 65% used [0x00000000fdd80000,0x00000000ff3f7dc8,0x0000000100000000)
  to   space 36864K, 0% used [0x00000000fb800000,0x00000000fb800000,0x00000000fdc00000)
 ParOldGen       total 302080K, used 184285K [0x00000000e0000000, 0x00000000f2700000, 0x00000000f5580000)
  object space 302080K, 61% used [0x00000000e0000000,0x00000000eb3f77f8,0x00000000f2700000)
 Metaspace       used 137424K, capacity 146280K, committed 146584K, reserved 1177600K
  class space    used 17082K, capacity 18721K, committed 18864K, reserved 1048576K
}
Event: 15873.988 GC heap before
{Heap before GC invocations=124 (full 7):
 PSYoungGen      total 136192K, used 123871K [0x00000000f5580000, 0x0000000100000000, 0x0000000100000000)
  eden space 100864K, 100% used [0x00000000f5580000,0x00000000fb800000,0x00000000fb800000)
  from space 35328K, 65% used [0x00000000fdd80000,0x00000000ff3f7dc8,0x0000000100000000)
  to   space 36864K, 0% used [0x00000000fb800000,0x00000000fb800000,0x00000000fdc00000)
 ParOldGen       total 302080K, used 184285K [0x00000000e0000000, 0x00000000f2700000, 0x00000000f5580000)
  object space 302080K, 61% used [0x00000000e0000000,0x00000000eb3f77f8,0x00000000f2700000)
 Metaspace       used 137426K, capacity 146280K, committed 146584K, reserved 1177600K
  class space    used 17082K, capacity 18721K, committed 18864K, reserved 1048576K
Event: 15874.073 GC heap after
Heap after GC invocations=124 (full 7):
 PSYoungGen      total 137728K, used 9910K [0x00000000f5580000, 0x00000000ffe80000, 0x0000000100000000)
  eden space 100864K, 0% used [0x00000000f5580000,0x00000000f5580000,0x00000000fb800000)
  from space 36864K, 26% used [0x00000000fb800000,0x00000000fc1ad8f8,0x00000000fdc00000)
  to   space 35328K, 0% used [0x00000000fdc00000,0x00000000fdc00000,0x00000000ffe80000)
 ParOldGen       total 302080K, used 206182K [0x00000000e0000000, 0x00000000f2700000, 0x00000000f5580000)
  object space 302080K, 68% used [0x00000000e0000000,0x00000000ec959900,0x00000000f2700000)
 Metaspace       used 137426K, capacity 146280K, committed 146584K, reserved 1177600K
  class space    used 17082K, capacity 18721K, committed 18864K, reserved 1048576K
}
Event: 15874.308 GC heap before
{Heap before GC invocations=125 (full 7):
 PSYoungGen      total 137728K, used 110774K [0x00000000f5580000, 0x00000000ffe80000, 0x0000000100000000)
  eden space 100864K, 100% used [0x00000000f5580000,0x00000000fb800000,0x00000000fb800000)
  from space 36864K, 26% used [0x00000000fb800000,0x00000000fc1ad8f8,0x00000000fdc00000)
  to   space 35328K, 0% used [0x00000000fdc00000,0x00000000fdc00000,0x00000000ffe80000)
 ParOldGen       total 302080K, used 206182K [0x00000000e0000000, 0x00000000f2700000, 0x00000000f5580000)
  object space 302080K, 68% used [0x00000000e0000000,0x00000000ec959900,0x00000000f2700000)
 Metaspace       used 137444K, capacity 146346K, committed 146584K, reserved 1177600K
  class space    used 17083K, capacity 18722K, committed 18864K, reserved 1048576K
Event: 15874.355 GC heap after
Heap after GC invocations=125 (full 7):
 PSYoungGen      total 135680K, used 5646K [0x00000000f5580000, 0x00000000ffc80000, 0x0000000100000000)
  eden space 102400K, 0% used [0x00000000f5580000,0x00000000f5580000,0x00000000fb980000)
  from space 33280K, 16% used [0x00000000fdc00000,0x00000000fe1838f8,0x00000000ffc80000)
  to   space 34304K, 0% used [0x00000000fb980000,0x00000000fb980000,0x00000000fdb00000)
 ParOldGen       total 302080K, used 215167K [0x00000000e0000000, 0x00000000f2700000, 0x00000000f5580000)
  object space 302080K, 71% used [0x00000000e0000000,0x00000000ed21fe50,0x00000000f2700000)
 Metaspace       used 137444K, capacity 146346K, committed 146584K, reserved 1177600K
  class space    used 17083K, capacity 18722K, committed 18864K, reserved 1048576K
}
Event: 15874.669 GC heap before
{Heap before GC invocations=126 (full 7):
 PSYoungGen      total 135680K, used 108046K [0x00000000f5580000, 0x00000000ffc80000, 0x0000000100000000)
  eden space 102400K, 100% used [0x00000000f5580000,0x00000000fb980000,0x00000000fb980000)
  from space 33280K, 16% used [0x00000000fdc00000,0x00000000fe1838f8,0x00000000ffc80000)
  to   space 34304K, 0% used [0x00000000fb980000,0x00000000fb980000,0x00000000fdb00000)
 ParOldGen       total 302080K, used 215167K [0x00000000e0000000, 0x00000000f2700000, 0x00000000f5580000)
  object space 302080K, 71% used [0x00000000e0000000,0x00000000ed21fe50,0x00000000f2700000)
 Metaspace       used 137467K, capacity 146362K, committed 146584K, reserved 1177600K
  class space    used 17086K, capacity 18726K, committed 18864K, reserved 1048576K
Event: 15874.753 GC heap after
Heap after GC invocations=126 (full 7):
 PSYoungGen      total 136704K, used 4081K [0x00000000f5580000, 0x00000000fff00000, 0x0000000100000000)
  eden space 102400K, 0% used [0x00000000f5580000,0x00000000f5580000,0x00000000fb980000)
  from space 34304K, 11% used [0x00000000fb980000,0x00000000fbd7c4a8,0x00000000fdb00000)
  to   space 33280K, 0% used [0x00000000fde80000,0x00000000fde80000,0x00000000fff00000)
 ParOldGen       total 302080K, used 220347K [0x00000000e0000000, 0x00000000f2700000, 0x00000000f5580000)
  object space 302080K, 72% used [0x00000000e0000000,0x00000000ed72ef58,0x00000000f2700000)
 Metaspace       used 137467K, capacity 146362K, committed 146584K, reserved 1177600K
  class space    used 17086K, capacity 18726K, committed 18864K, reserved 1048576K
}
Event: 15875.119 GC heap before
{Heap before GC invocations=127 (full 7):
 PSYoungGen      total 136704K, used 106481K [0x00000000f5580000, 0x00000000fff00000, 0x0000000100000000)
  eden space 102400K, 100% used [0x00000000f5580000,0x00000000fb980000,0x00000000fb980000)
  from space 34304K, 11% used [0x00000000fb980000,0x00000000fbd7c4a8,0x00000000fdb00000)
  to   space 33280K, 0% used [0x00000000fde80000,0x00000000fde80000,0x00000000fff00000)
 ParOldGen       total 302080K, used 220347K [0x00000000e0000000, 0x00000000f2700000, 0x00000000f5580000)
  object space 302080K, 72% used [0x00000000e0000000,0x00000000ed72ef58,0x00000000f2700000)
 Metaspace       used 137485K, capacity 146362K, committed 146584K, reserved 1177600K
  class space    used 17086K, capacity 18726K, committed 18864K, reserved 1048576K
Event: 15875.133 GC heap after
Heap after GC invocations=127 (full 7):
 PSYoungGen      total 139264K, used 2173K [0x00000000f5580000, 0x00000000ffe00000, 0x0000000100000000)
  eden space 107008K, 0% used [0x00000000f5580000,0x00000000f5580000,0x00000000fbe00000)
  from space 32256K, 6% used [0x00000000fde80000,0x00000000fe09f460,0x00000000ffe00000)
  to   space 32768K, 0% used [0x00000000fbe00000,0x00000000fbe00000,0x00000000fde00000)
 ParOldGen       total 302080K, used 223290K [0x00000000e0000000, 0x00000000f2700000, 0x00000000f5580000)
  object space 302080K, 73% used [0x00000000e0000000,0x00000000eda0e960,0x00000000f2700000)
 Metaspace       used 137485K, capacity 146362K, committed 146584K, reserved 1177600K
  class space    used 17086K, capacity 18726K, committed 18864K, reserved 1048576K
}
Event: 15875.514 GC heap before
{Heap before GC invocations=128 (full 7):
 PSYoungGen      total 139264K, used 109181K [0x00000000f5580000, 0x00000000ffe00000, 0x0000000100000000)
  eden space 107008K, 100% used [0x00000000f5580000,0x00000000fbe00000,0x00000000fbe00000)
  from space 32256K, 6% used [0x00000000fde80000,0x00000000fe09f460,0x00000000ffe00000)
  to   space 32768K, 0% used [0x00000000fbe00000,0x00000000fbe00000,0x00000000fde00000)
 ParOldGen       total 302080K, used 223290K [0x00000000e0000000, 0x00000000f2700000, 0x00000000f5580000)
  object space 302080K, 73% used [0x00000000e0000000,0x00000000eda0e960,0x00000000f2700000)
 Metaspace       used 137508K, capacity 146364K, committed 146584K, reserved 1177600K
  class space    used 17088K, capacity 18727K, committed 18864K, reserved 1048576K
Event: 15875.525 GC heap after
Heap after GC invocations=128 (full 7):
 PSYoungGen      total 139776K, used 2619K [0x00000000f5580000, 0x00000000fff80000, 0x0000000100000000)
  eden space 107008K, 0% used [0x00000000f5580000,0x00000000f5580000,0x00000000fbe00000)
  from space 32768K, 7% used [0x00000000fbe00000,0x00000000fc08ede8,0x00000000fde00000)
  to   space 32256K, 0% used [0x00000000fe000000,0x00000000fe000000,0x00000000fff80000)
 ParOldGen       total 302080K, used 224865K [0x00000000e0000000, 0x00000000f2700000, 0x00000000f5580000)
  object space 302080K, 74% used [0x00000000e0000000,0x00000000edb985f0,0x00000000f2700000)
 Metaspace       used 137508K, capacity 146364K, committed 146584K, reserved 1177600K
  class space    used 17088K, capacity 18727K, committed 18864K, reserved 1048576K
}
Event: 15875.672 GC heap before
{Heap before GC invocations=129 (full 7):
 PSYoungGen      total 139776K, used 109627K [0x00000000f5580000, 0x00000000fff80000, 0x0000000100000000)
  eden space 107008K, 100% used [0x00000000f5580000,0x00000000fbe00000,0x00000000fbe00000)
  from space 32768K, 7% used [0x00000000fbe00000,0x00000000fc08ede8,0x00000000fde00000)
  to   space 32256K, 0% used [0x00000000fe000000,0x00000000fe000000,0x00000000fff80000)
 ParOldGen       total 302080K, used 224865K [0x00000000e0000000, 0x00000000f2700000, 0x00000000f5580000)
  object space 302080K, 74% used [0x00000000e0000000,0x00000000edb985f0,0x00000000f2700000)
 Metaspace       used 137517K, capacity 146428K, committed 146840K, reserved 1177600K
  class space    used 17088K, capacity 18727K, committed 18864K, reserved 1048576K
Event: 15875.684 GC heap after
Heap after GC invocations=129 (full 7):
 PSYoungGen      total 139776K, used 2016K [0x00000000f5580000, 0x00000000ffd80000, 0x0000000100000000)
  eden space 109568K, 0% used [0x00000000f5580000,0x00000000f5580000,0x00000000fc080000)
  from space 30208K, 6% used [0x00000000fe000000,0x00000000fe1f8000,0x00000000ffd80000)
  to   space 31232K, 0% used [0x00000000fc080000,0x00000000fc080000,0x00000000fdf00000)
 ParOldGen       total 302080K, used 226379K [0x00000000e0000000, 0x00000000f2700000, 0x00000000f5580000)
  object space 302080K, 74% used [0x00000000e0000000,0x00000000edd12c28,0x00000000f2700000)
 Metaspace       used 137517K, capacity 146428K, committed 146840K, reserved 1177600K
  class space    used 17088K, capacity 18727K, committed 18864K, reserved 1048576K
}
Event: 15875.854 GC heap before
{Heap before GC invocations=130 (full 7):
 PSYoungGen      total 139776K, used 111584K [0x00000000f5580000, 0x00000000ffd80000, 0x0000000100000000)
  eden space 109568K, 100% used [0x00000000f5580000,0x00000000fc080000,0x00000000fc080000)
  from space 30208K, 6% used [0x00000000fe000000,0x00000000fe1f8000,0x00000000ffd80000)
  to   space 31232K, 0% used [0x00000000fc080000,0x00000000fc080000,0x00000000fdf00000)
 ParOldGen       total 302080K, used 226379K [0x00000000e0000000, 0x00000000f2700000, 0x00000000f5580000)
  object space 302080K, 74% used [0x00000000e0000000,0x00000000edd12c28,0x00000000f2700000)
 Metaspace       used 137527K, capacity 146434K, committed 146840K, reserved 1177600K
  class space    used 17089K, capacity 18728K, committed 18864K, reserved 1048576K
Event: 15875.869 GC heap after
Heap after GC invocations=130 (full 7):
 PSYoungGen      total 140800K, used 2828K [0x00000000f5580000, 0x00000000fff00000, 0x0000000100000000)
  eden space 109568K, 0% used [0x00000000f5580000,0x00000000f5580000,0x00000000fc080000)
  from space 31232K, 9% used [0x00000000fc080000,0x00000000fc343150,0x00000000fdf00000)
  to   space 30208K, 0% used [0x00000000fe180000,0x00000000fe180000,0x00000000fff00000)
 ParOldGen       total 302080K, used 227935K [0x00000000e0000000, 0x00000000f2700000, 0x00000000f5580000)
  object space 302080K, 75% used [0x00000000e0000000,0x00000000ede97f88,0x00000000f2700000)
 Metaspace       used 137527K, capacity 146434K, committed 146840K, reserved 1177600K
  class space    used 17089K, capacity 18728K, committed 18864K, reserved 1048576K
}
Event: 15876.077 GC heap before
{Heap before GC invocations=131 (full 7):
 PSYoungGen      total 140800K, used 112396K [0x00000000f5580000, 0x00000000fff00000, 0x0000000100000000)
  eden space 109568K, 100% used [0x00000000f5580000,0x00000000fc080000,0x00000000fc080000)
  from space 31232K, 9% used [0x00000000fc080000,0x00000000fc343150,0x00000000fdf00000)
  to   space 30208K, 0% used [0x00000000fe180000,0x00000000fe180000,0x00000000fff00000)
 ParOldGen       total 302080K, used 227935K [0x00000000e0000000, 0x00000000f2700000, 0x00000000f5580000)
  object space 302080K, 75% used [0x00000000e0000000,0x00000000ede97f88,0x00000000f2700000)
 Metaspace       used 137528K, capacity 146434K, committed 146840K, reserved 1177600K
  class space    used 17089K, capacity 18728K, committed 18864K, reserved 1048576K
Event: 15876.092 GC heap after
Heap after GC invocations=131 (full 7):
 PSYoungGen      total 140288K, used 2815K [0x00000000f5580000, 0x00000000ffc00000, 0x0000000100000000)
  eden space 113152K, 0% used [0x00000000f5580000,0x00000000f5580000,0x00000000fc400000)
  from space 27136K, 10% used [0x00000000fe180000,0x00000000fe43fe90,0x00000000ffc00000)
  to   space 28672K, 0% used [0x00000000fc400000,0x00000000fc400000,0x00000000fe000000)
 ParOldGen       total 302080K, used 230144K [0x00000000e0000000, 0x00000000f2700000, 0x00000000f5580000)
  object space 302080K, 76% used [0x00000000e0000000,0x00000000ee0c0050,0x00000000f2700000)
 Metaspace       used 137528K, capacity 146434K, committed 146840K, reserved 1177600K
  class space    used 17089K, capacity 18728K, committed 18864K, reserved 1048576K
}
Event: 15876.268 GC heap before
{Heap before GC invocations=132 (full 7):
 PSYoungGen      total 140288K, used 115967K [0x00000000f5580000, 0x00000000ffc00000, 0x0000000100000000)
  eden space 113152K, 100% used [0x00000000f5580000,0x00000000fc400000,0x00000000fc400000)
  from space 27136K, 10% used [0x00000000fe180000,0x00000000fe43fe90,0x00000000ffc00000)
  to   space 28672K, 0% used [0x00000000fc400000,0x00000000fc400000,0x00000000fe000000)
 ParOldGen       total 302080K, used 230144K [0x00000000e0000000, 0x00000000f2700000, 0x00000000f5580000)
  object space 302080K, 76% used [0x00000000e0000000,0x00000000ee0c0050,0x00000000f2700000)
 Metaspace       used 137538K, capacity 146444K, committed 146840K, reserved 1177600K
  class space    used 17089K, capacity 18729K, committed 18864K, reserved 1048576K
Event: 15876.281 GC heap after
Heap after GC invocations=132 (full 7):
 PSYoungGen      total 141824K, used 2443K [0x00000000f5580000, 0x00000000fff80000, 0x0000000100000000)
  eden space 113152K, 0% used [0x00000000f5580000,0x00000000f5580000,0x00000000fc400000)
  from space 28672K, 8% used [0x00000000fc400000,0x00000000fc662f28,0x00000000fe000000)
  to   space 27648K, 0% used [0x00000000fe480000,0x00000000fe480000,0x00000000fff80000)
 ParOldGen       total 302080K, used 232462K [0x00000000e0000000, 0x00000000f2700000, 0x00000000f5580000)
  object space 302080K, 76% used [0x00000000e0000000,0x00000000ee303b70,0x00000000f2700000)
 Metaspace       used 137538K, capacity 146444K, committed 146840K, reserved 1177600K
  class space    used 17089K, capacity 18729K, committed 18864K, reserved 1048576K
}
Event: 15876.471 GC heap before
{Heap before GC invocations=133 (full 7):
 PSYoungGen      total 141824K, used 115595K [0x00000000f5580000, 0x00000000fff80000, 0x0000000100000000)
  eden space 113152K, 100% used [0x00000000f5580000,0x00000000fc400000,0x00000000fc400000)
  from space 28672K, 8% used [0x00000000fc400000,0x00000000fc662f28,0x00000000fe000000)
  to   space 27648K, 0% used [0x00000000fe480000,0x00000000fe480000,0x00000000fff80000)
 ParOldGen       total 302080K, used 232462K [0x00000000e0000000, 0x00000000f2700000, 0x00000000f5580000)
  object space 302080K, 76% used [0x00000000e0000000,0x00000000ee303b70,0x00000000f2700000)
 Metaspace       used 137542K, capacity 146444K, committed 146840K, reserved 1177600K
  class space    used 17089K, capacity 18729K, committed 18864K, reserved 1048576K
Event: 15876.482 GC heap after
Heap after GC invocations=133 (full 7):
 PSYoungGen      total 143360K, used 2528K [0x00000000f5580000, 0x00000000ffd00000, 0x0000000100000000)
  eden space 118272K, 0% used [0x00000000f5580000,0x00000000f5580000,0x00000000fc900000)
  from space 25088K, 10% used [0x00000000fe480000,0x00000000fe6f8000,0x00000000ffd00000)
  to   space 26624K, 0% used [0x00000000fc900000,0x00000000fc900000,0x00000000fe300000)
 ParOldGen       total 302080K, used 234454K [0x00000000e0000000, 0x00000000f2700000, 0x00000000f5580000)
  object space 302080K, 77% used [0x00000000e0000000,0x00000000ee4f58e8,0x00000000f2700000)
 Metaspace       used 137542K, capacity 146444K, committed 146840K, reserved 1177600K
  class space    used 17089K, capacity 18729K, committed 18864K, reserved 1048576K
}
Event: 15876.644 GC heap before
{Heap before GC invocations=134 (full 7):
 PSYoungGen      total 143360K, used 120800K [0x00000000f5580000, 0x00000000ffd00000, 0x0000000100000000)
  eden space 118272K, 100% used [0x00000000f5580000,0x00000000fc900000,0x00000000fc900000)
  from space 25088K, 10% used [0x00000000fe480000,0x00000000fe6f8000,0x00000000ffd00000)
  to   space 26624K, 0% used [0x00000000fc900000,0x00000000fc900000,0x00000000fe300000)
 ParOldGen       total 302080K, used 234454K [0x00000000e0000000, 0x00000000f2700000, 0x00000000f5580000)
  object space 302080K, 77% used [0x00000000e0000000,0x00000000ee4f58e8,0x00000000f2700000)
 Metaspace       used 137548K, capacity 146444K, committed 146840K, reserved 1177600K
  class space    used 17089K, capacity 18729K, committed 18864K, reserved 1048576K
Event: 15876.654 GC heap after
Heap after GC invocations=134 (full 7):
 PSYoungGen      total 144896K, used 2425K [0x00000000f5580000, 0x00000000ffe80000, 0x0000000100000000)
  eden space 118272K, 0% used [0x00000000f5580000,0x00000000f5580000,0x00000000fc900000)
  from space 26624K, 9% used [0x00000000fc900000,0x00000000fcb5e528,0x00000000fe300000)
  to   space 25088K, 0% used [0x00000000fe600000,0x00000000fe600000,0x00000000ffe80000)
 ParOldGen       total 302080K, used 236578K [0x00000000e0000000, 0x00000000f2700000, 0x00000000f5580000)
  object space 302080K, 78% used [0x00000000e0000000,0x00000000ee708850,0x00000000f2700000)
 Metaspace       used 137548K, capacity 146444K, committed 146840K, reserved 1177600K
  class space    used 17089K, capacity 18729K, committed 18864K, reserved 1048576K
}
Event: 15876.832 GC heap before
{Heap before GC invocations=135 (full 7):
 PSYoungGen      total 144896K, used 120697K [0x00000000f5580000, 0x00000000ffe80000, 0x0000000100000000)
  eden space 118272K, 100% used [0x00000000f5580000,0x00000000fc900000,0x00000000fc900000)
  from space 26624K, 9% used [0x00000000fc900000,0x00000000fcb5e528,0x00000000fe300000)
  to   space 25088K, 0% used [0x00000000fe600000,0x00000000fe600000,0x00000000ffe80000)
 ParOldGen       total 302080K, used 236578K [0x00000000e0000000, 0x00000000f2700000, 0x00000000f5580000)
  object space 302080K, 78% used [0x00000000e0000000,0x00000000ee708850,0x00000000f2700000)
 Metaspace       used 137556K, capacity 146450K, committed 146840K, reserved 1177600K
  class space    used 17091K, capacity 18730K, committed 18864K, reserved 1048576K
Event: 15876.842 GC heap after
Heap after GC invocations=135 (full 7):
 PSYoungGen      total 145920K, used 2816K [0x00000000f5580000, 0x00000000ffc80000, 0x0000000100000000)
  eden space 122880K, 0% used [0x00000000f5580000,0x00000000f5580000,0x00000000fcd80000)
  from space 23040K, 12% used [0x00000000fe600000,0x00000000fe8c0000,0x00000000ffc80000)
  to   space 24064K, 0% used [0x00000000fcd80000,0x00000000fcd80000,0x00000000fe500000)
 ParOldGen       total 302080K, used 238563K [0x00000000e0000000, 0x00000000f2700000, 0x00000000f5580000)
  object space 302080K, 78% used [0x00000000e0000000,0x00000000ee8f8ff8,0x00000000f2700000)
 Metaspace       used 137556K, capacity 146450K, committed 146840K, reserved 1177600K
  class space    used 17091K, capacity 18730K, committed 18864K, reserved 1048576K
}
Event: 15877.023 GC heap before
{Heap before GC invocations=136 (full 7):
 PSYoungGen      total 145920K, used 125696K [0x00000000f5580000, 0x00000000ffc80000, 0x0000000100000000)
  eden space 122880K, 100% used [0x00000000f5580000,0x00000000fcd80000,0x00000000fcd80000)
  from space 23040K, 12% used [0x00000000fe600000,0x00000000fe8c0000,0x00000000ffc80000)
  to   space 24064K, 0% used [0x00000000fcd80000,0x00000000fcd80000,0x00000000fe500000)
 ParOldGen       total 302080K, used 238563K [0x00000000e0000000, 0x00000000f2700000, 0x00000000f5580000)
  object space 302080K, 78% used [0x00000000e0000000,0x00000000ee8f8ff8,0x00000000f2700000)
 Metaspace       used 137562K, capacity 146450K, committed 146840K, reserved 1177600K
  class space    used 17091K, capacity 18730K, committed 18864K, reserved 1048576K
Event: 15877.037 GC heap after
Heap after GC invocations=136 (full 7):
 PSYoungGen      total 146944K, used 2799K [0x00000000f5580000, 0x00000000ffe00000, 0x0000000100000000)
  eden space 122880K, 0% used [0x00000000f5580000,0x00000000f5580000,0x00000000fcd80000)
  from space 24064K, 11% used [0x00000000fcd80000,0x00000000fd03bca0,0x00000000fe500000)
  to   space 22528K, 0% used [0x00000000fe800000,0x00000000fe800000,0x00000000ffe00000)
 ParOldGen       total 302080K, used 240456K [0x00000000e0000000, 0x00000000f2700000, 0x00000000f5580000)
  object space 302080K, 79% used [0x00000000e0000000,0x00000000eead2158,0x00000000f2700000)
 Metaspace       used 137562K, capacity 146450K, committed 146840K, reserved 1177600K
  class space    used 17091K, capacity 18730K, committed 18864K, reserved 1048576K
}
Event: 15877.248 GC heap before
{Heap before GC invocations=137 (full 7):
 PSYoungGen      total 146944K, used 125679K [0x00000000f5580000, 0x00000000ffe00000, 0x0000000100000000)
  eden space 122880K, 100% used [0x00000000f5580000,0x00000000fcd80000,0x00000000fcd80000)
  from space 24064K, 11% used [0x00000000fcd80000,0x00000000fd03bca0,0x00000000fe500000)
  to   space 22528K, 0% used [0x00000000fe800000,0x00000000fe800000,0x00000000ffe00000)
 ParOldGen       total 302080K, used 240456K [0x00000000e0000000, 0x00000000f2700000, 0x00000000f5580000)
  object space 302080K, 79% used [0x00000000e0000000,0x00000000eead2158,0x00000000f2700000)
 Metaspace       used 137563K, capacity 146450K, committed 146840K, reserved 1177600K
  class space    used 17091K, capacity 18730K, committed 18864K, reserved 1048576K
Event: 15877.263 GC heap after
Heap after GC invocations=137 (full 7):
 PSYoungGen      total 148992K, used 2565K [0x00000000f5580000, 0x00000000ffc80000, 0x0000000100000000)
  eden space 128000K, 0% used [0x00000000f5580000,0x00000000f5580000,0x00000000fd280000)
  from space 20992K, 12% used [0x00000000fe800000,0x00000000fea815c8,0x00000000ffc80000)
  to   space 21504K, 0% used [0x00000000fd280000,0x00000000fd280000,0x00000000fe780000)
 ParOldGen       total 302080K, used 242734K [0x00000000e0000000, 0x00000000f2700000, 0x00000000f5580000)
  object space 302080K, 80% used [0x00000000e0000000,0x00000000eed0ba88,0x00000000f2700000)
 Metaspace       used 137563K, capacity 146450K, committed 146840K, reserved 1177600K
  class space    used 17091K, capacity 18730K, committed 18864K, reserved 1048576K
}
Event: 15877.505 GC heap before
{Heap before GC invocations=138 (full 7):
 PSYoungGen      total 148992K, used 130565K [0x00000000f5580000, 0x00000000ffc80000, 0x0000000100000000)
  eden space 128000K, 100% used [0x00000000f5580000,0x00000000fd280000,0x00000000fd280000)
  from space 20992K, 12% used [0x00000000fe800000,0x00000000fea815c8,0x00000000ffc80000)
  to   space 21504K, 0% used [0x00000000fd280000,0x00000000fd280000,0x00000000fe780000)
 ParOldGen       total 302080K, used 242734K [0x00000000e0000000, 0x00000000f2700000, 0x00000000f5580000)
  object space 302080K, 80% used [0x00000000e0000000,0x00000000eed0ba88,0x00000000f2700000)
 Metaspace       used 137605K, capacity 146540K, committed 146840K, reserved 1177600K
  class space    used 17097K, capacity 18735K, committed 18864K, reserved 1048576K
Event: 15877.518 GC heap after
Heap after GC invocations=138 (full 7):
 PSYoungGen      total 149504K, used 3842K [0x00000000f5580000, 0x00000000ffe80000, 0x0000000100000000)
  eden space 128000K, 0% used [0x00000000f5580000,0x00000000f5580000,0x00000000fd280000)
  from space 21504K, 17% used [0x00000000fd280000,0x00000000fd640998,0x00000000fe780000)
  to   space 20480K, 0% used [0x00000000fea80000,0x00000000fea80000,0x00000000ffe80000)
 ParOldGen       total 302080K, used 244690K [0x00000000e0000000, 0x00000000f2700000, 0x00000000f5580000)
  object space 302080K, 81% used [0x00000000e0000000,0x00000000eeef4980,0x00000000f2700000)
 Metaspace       used 137605K, capacity 146540K, committed 146840K, reserved 1177600K
  class space    used 17097K, capacity 18735K, committed 18864K, reserved 1048576K
}
Event: 15877.720 GC heap before
{Heap before GC invocations=139 (full 7):
 PSYoungGen      total 149504K, used 131842K [0x00000000f5580000, 0x00000000ffe80000, 0x0000000100000000)
  eden space 128000K, 100% used [0x00000000f5580000,0x00000000fd280000,0x00000000fd280000)
  from space 21504K, 17% used [0x00000000fd280000,0x00000000fd640998,0x00000000fe780000)
  to   space 20480K, 0% used [0x00000000fea80000,0x00000000fea80000,0x00000000ffe80000)
 ParOldGen       total 302080K, used 244690K [0x00000000e0000000, 0x00000000f2700000, 0x00000000f5580000)
  object space 302080K, 81% used [0x00000000e0000000,0x00000000eeef4980,0x00000000f2700000)
 Metaspace       used 137609K, capacity 146540K, committed 146840K, reserved 1177600K
  class space    used 17097K, capacity 18735K, committed 18864K, reserved 1048576K
Event: 15877.738 GC heap after
Heap after GC invocations=139 (full 7):
 PSYoungGen      total 151552K, used 7005K [0x00000000f5580000, 0x00000000ffd00000, 0x0000000100000000)
  eden space 132608K, 0% used [0x00000000f5580000,0x00000000f5580000,0x00000000fd700000)
  from space 18944K, 36% used [0x00000000fea80000,0x00000000ff157460,0x00000000ffd00000)
  to   space 19456K, 0% used [0x00000000fd700000,0x00000000fd700000,0x00000000fea00000)
 ParOldGen       total 302080K, used 247349K [0x00000000e0000000, 0x00000000f2700000, 0x00000000f5580000)
  object space 302080K, 81% used [0x00000000e0000000,0x00000000ef18d530,0x00000000f2700000)
 Metaspace       used 137609K, capacity 146540K, committed 146840K, reserved 1177600K
  class space    used 17097K, capacity 18735K, committed 18864K, reserved 1048576K
}
Event: 15877.897 GC heap before
{Heap before GC invocations=140 (full 7):
 PSYoungGen      total 151552K, used 139613K [0x00000000f5580000, 0x00000000ffd00000, 0x0000000100000000)
  eden space 132608K, 100% used [0x00000000f5580000,0x00000000fd700000,0x00000000fd700000)
  from space 18944K, 36% used [0x00000000fea80000,0x00000000ff157460,0x00000000ffd00000)
  to   space 19456K, 0% used [0x00000000fd700000,0x00000000fd700000,0x00000000fea00000)
 ParOldGen       total 302080K, used 247349K [0x00000000e0000000, 0x00000000f2700000, 0x00000000f5580000)
  object space 302080K, 81% used [0x00000000e0000000,0x00000000ef18d530,0x00000000f2700000)
 Metaspace       used 137609K, capacity 146540K, committed 146840K, reserved 1177600K
  class space    used 17097K, capacity 18735K, committed 18864K, reserved 1048576K
Event: 15877.919 GC heap after
Heap after GC invocations=140 (full 7):
 PSYoungGen      total 152064K, used 5678K [0x00000000f5580000, 0x00000000ffd80000, 0x0000000100000000)
  eden space 132608K, 0% used [0x00000000f5580000,0x00000000f5580000,0x00000000fd700000)
  from space 19456K, 29% used [0x00000000fd700000,0x00000000fdc8b940,0x00000000fea00000)
  to   space 17920K, 0% used [0x00000000fec00000,0x00000000fec00000,0x00000000ffd80000)
 ParOldGen       total 302080K, used 253274K [0x00000000e0000000, 0x00000000f2700000, 0x00000000f5580000)
  object space 302080K, 83% used [0x00000000e0000000,0x00000000ef756ad0,0x00000000f2700000)
 Metaspace       used 137609K, capacity 146540K, committed 146840K, reserved 1177600K
  class space    used 17097K, capacity 18735K, committed 18864K, reserved 1048576K
}
Event: 15878.130 GC heap before
{Heap before GC invocations=141 (full 7):
 PSYoungGen      total 152064K, used 138286K [0x00000000f5580000, 0x00000000ffd80000, 0x0000000100000000)
  eden space 132608K, 100% used [0x00000000f5580000,0x00000000fd700000,0x00000000fd700000)
  from space 19456K, 29% used [0x00000000fd700000,0x00000000fdc8b940,0x00000000fea00000)
  to   space 17920K, 0% used [0x00000000fec00000,0x00000000fec00000,0x00000000ffd80000)
 ParOldGen       total 302080K, used 253276K [0x00000000e0000000, 0x00000000f2700000, 0x00000000f5580000)
  object space 302080K, 83% used [0x00000000e0000000,0x00000000ef757320,0x00000000f2700000)
 Metaspace       used 137613K, capacity 146540K, committed 146840K, reserved 1177600K
  class space    used 17097K, capacity 18735K, committed 18864K, reserved 1048576K
Event: 15878.142 GC heap after
Heap after GC invocations=141 (full 7):
 PSYoungGen      total 154624K, used 1979K [0x00000000f5580000, 0x00000000ffd80000, 0x0000000100000000)
  eden space 136704K, 0% used [0x00000000f5580000,0x00000000f5580000,0x00000000fdb00000)
  from space 17920K, 11% used [0x00000000fec00000,0x00000000fedeed10,0x00000000ffd80000)
  to   space 17408K, 0% used [0x00000000fdb00000,0x00000000fdb00000,0x00000000fec00000)
 ParOldGen       total 302080K, used 258335K [0x00000000e0000000, 0x00000000f2700000, 0x00000000f5580000)
  object space 302080K, 85% used [0x00000000e0000000,0x00000000efc47e40,0x00000000f2700000)
 Metaspace       used 137613K, capacity 146540K, committed 146840K, reserved 1177600K
  class space    used 17097K, capacity 18735K, committed 18864K, reserved 1048576K
}
Event: 15878.333 GC heap before
{Heap before GC invocations=142 (full 7):
 PSYoungGen      total 154624K, used 138683K [0x00000000f5580000, 0x00000000ffd80000, 0x0000000100000000)
  eden space 136704K, 100% used [0x00000000f5580000,0x00000000fdb00000,0x00000000fdb00000)
  from space 17920K, 11% used [0x00000000fec00000,0x00000000fedeed10,0x00000000ffd80000)
  to   space 17408K, 0% used [0x00000000fdb00000,0x00000000fdb00000,0x00000000fec00000)
 ParOldGen       total 302080K, used 258337K [0x00000000e0000000, 0x00000000f2700000, 0x00000000f5580000)
  object space 302080K, 85% used [0x00000000e0000000,0x00000000efc48798,0x00000000f2700000)
 Metaspace       used 137617K, capacity 146542K, committed 146840K, reserved 1177600K
  class space    used 17097K, capacity 18736K, committed 18864K, reserved 1048576K
Event: 15878.343 GC heap after
Heap after GC invocations=142 (full 7):
 PSYoungGen      total 154112K, used 2086K [0x00000000f5580000, 0x00000000ffe80000, 0x0000000100000000)
  eden space 136704K, 0% used [0x00000000f5580000,0x00000000f5580000,0x00000000fdb00000)
  from space 17408K, 11% used [0x00000000fdb00000,0x00000000fdd09a58,0x00000000fec00000)
  to   space 16896K, 0% used [0x00000000fee00000,0x00000000fee00000,0x00000000ffe80000)
 ParOldGen       total 302080K, used 259963K [0x00000000e0000000, 0x00000000f2700000, 0x00000000f5580000)
  object space 302080K, 86% used [0x00000000e0000000,0x00000000efddecd0,0x00000000f2700000)
 Metaspace       used 137617K, capacity 146542K, committed 146840K, reserved 1177600K
  class space    used 17097K, capacity 18736K, committed 18864K, reserved 1048576K
}
Event: 15878.520 GC heap before
{Heap before GC invocations=143 (full 7):
 PSYoungGen      total 154112K, used 138790K [0x00000000f5580000, 0x00000000ffe80000, 0x0000000100000000)
  eden space 136704K, 100% used [0x00000000f5580000,0x00000000fdb00000,0x00000000fdb00000)
  from space 17408K, 11% used [0x00000000fdb00000,0x00000000fdd09a58,0x00000000fec00000)
  to   space 16896K, 0% used [0x00000000fee00000,0x00000000fee00000,0x00000000ffe80000)
 ParOldGen       total 302080K, used 259963K [0x00000000e0000000, 0x00000000f2700000, 0x00000000f5580000)
  object space 302080K, 86% used [0x00000000e0000000,0x00000000efddecd0,0x00000000f2700000)
 Metaspace       used 137620K, capacity 146546K, committed 146840K, reserved 1177600K
  class space    used 17097K, capacity 18736K, committed 18864K, reserved 1048576K
Event: 15878.531 GC heap after
Heap after GC invocations=143 (full 7):
 PSYoungGen      total 156160K, used 2720K [0x00000000f5580000, 0x00000000ffd80000, 0x0000000100000000)
  eden space 140288K, 0% used [0x00000000f5580000,0x00000000f5580000,0x00000000fde80000)
  from space 15872K, 17% used [0x00000000fee00000,0x00000000ff0a8010,0x00000000ffd80000)
  to   space 15872K, 0% used [0x00000000fde80000,0x00000000fde80000,0x00000000fee00000)
 ParOldGen       total 302080K, used 261803K [0x00000000e0000000, 0x00000000f2700000, 0x00000000f5580000)
  object space 302080K, 86% used [0x00000000e0000000,0x00000000effaae70,0x00000000f2700000)
 Metaspace       used 137620K, capacity 146546K, committed 146840K, reserved 1177600K
  class space    used 17097K, capacity 18736K, committed 18864K, reserved 1048576K
}
Event: 15878.716 GC heap before
{Heap before GC invocations=144 (full 7):
 PSYoungGen      total 156160K, used 143008K [0x00000000f5580000, 0x00000000ffd80000, 0x0000000100000000)
  eden space 140288K, 100% used [0x00000000f5580000,0x00000000fde80000,0x00000000fde80000)
  from space 15872K, 17% used [0x00000000fee00000,0x00000000ff0a8010,0x00000000ffd80000)
  to   space 15872K, 0% used [0x00000000fde80000,0x00000000fde80000,0x00000000fee00000)
 ParOldGen       total 302080K, used 261803K [0x00000000e0000000, 0x00000000f2700000, 0x00000000f5580000)
  object space 302080K, 86% used [0x00000000e0000000,0x00000000effaae70,0x00000000f2700000)
 Metaspace       used 137621K, capacity 146546K, committed 146840K, reserved 1177600K
  class space    used 17097K, capacity 18736K, committed 18864K, reserved 1048576K
Event: 15878.726 GC heap after
Heap after GC invocations=144 (full 7):
 PSYoungGen      total 156160K, used 1760K [0x00000000f5580000, 0x00000000fff00000, 0x0000000100000000)
  eden space 140288K, 0% used [0x00000000f5580000,0x00000000f5580000,0x00000000fde80000)
  from space 15872K, 11% used [0x00000000fde80000,0x00000000fe038000,0x00000000fee00000)
  to   space 15360K, 0% used [0x00000000ff000000,0x00000000ff000000,0x00000000fff00000)
 ParOldGen       total 302080K, used 263517K [0x00000000e0000000, 0x00000000f2700000, 0x00000000f5580000)
  object space 302080K, 87% used [0x00000000e0000000,0x00000000f01574b8,0x00000000f2700000)
 Metaspace       used 137621K, capacity 146546K, committed 146840K, reserved 1177600K
  class space    used 17097K, capacity 18736K, committed 18864K, reserved 1048576K
}
Event: 15878.909 GC heap before
{Heap before GC invocations=145 (full 7):
 PSYoungGen      total 156160K, used 142048K [0x00000000f5580000, 0x00000000fff00000, 0x0000000100000000)
  eden space 140288K, 100% used [0x00000000f5580000,0x00000000fde80000,0x00000000fde80000)
  from space 15872K, 11% used [0x00000000fde80000,0x00000000fe038000,0x00000000fee00000)
  to   space 15360K, 0% used [0x00000000ff000000,0x00000000ff000000,0x00000000fff00000)
 ParOldGen       total 302080K, used 263517K [0x00000000e0000000, 0x00000000f2700000, 0x00000000f5580000)
  object space 302080K, 87% used [0x00000000e0000000,0x00000000f01574b8,0x00000000f2700000)
 Metaspace       used 137623K, capacity 146546K, committed 146840K, reserved 1177600K
  class space    used 17097K, capacity 18736K, committed 18864K, reserved 1048576K
Event: 15878.922 GC heap after
Heap after GC invocations=145 (full 7):
 PSYoungGen      total 157184K, used 2967K [0x00000000f5580000, 0x00000000ffd80000, 0x0000000100000000)
  eden space 143360K, 0% used [0x00000000f5580000,0x00000000f5580000,0x00000000fe180000)
  from space 13824K, 21% used [0x00000000ff000000,0x00000000ff2e5e00,0x00000000ffd80000)
  to   space 14336K, 0% used [0x00000000fe180000,0x00000000fe180000,0x00000000fef80000)
 ParOldGen       total 302080K, used 264661K [0x00000000e0000000, 0x00000000f2700000, 0x00000000f5580000)
  object space 302080K, 87% used [0x00000000e0000000,0x00000000f0275638,0x00000000f2700000)
 Metaspace       used 137623K, capacity 146546K, committed 146840K, reserved 1177600K
  class space    used 17097K, capacity 18736K, committed 18864K, reserved 1048576K
}
Event: 15879.130 GC heap before
{Heap before GC invocations=146 (full 7):
 PSYoungGen      total 157184K, used 146327K [0x00000000f5580000, 0x00000000ffd80000, 0x0000000100000000)
  eden space 143360K, 100% used [0x00000000f5580000,0x00000000fe180000,0x00000000fe180000)
  from space 13824K, 21% used [0x00000000ff000000,0x00000000ff2e5e00,0x00000000ffd80000)
  to   space 14336K, 0% used [0x00000000fe180000,0x00000000fe180000,0x00000000fef80000)
 ParOldGen       total 302080K, used 264661K [0x00000000e0000000, 0x00000000f2700000, 0x00000000f5580000)
  object space 302080K, 87% used [0x00000000e0000000,0x00000000f0275638,0x00000000f2700000)
 Metaspace       used 137629K, capacity 146546K, committed 146840K, reserved 1177600K
  class space    used 17097K, capacity 18736K, committed 18864K, reserved 1048576K
Event: 15879.141 GC heap after
Heap after GC invocations=146 (full 7):
 PSYoungGen      total 157696K, used 2828K [0x00000000f5580000, 0x00000000fff80000, 0x0000000100000000)
  eden space 143360K, 0% used [0x00000000f5580000,0x00000000f5580000,0x00000000fe180000)
  from space 14336K, 19% used [0x00000000fe180000,0x00000000fe443360,0x00000000fef80000)
  to   space 13824K, 0% used [0x00000000ff200000,0x00000000ff200000,0x00000000fff80000)
 ParOldGen       total 302080K, used 266933K [0x00000000e0000000, 0x00000000f2700000, 0x00000000f5580000)
  object space 302080K, 88% used [0x00000000e0000000,0x00000000f04ad710,0x00000000f2700000)
 Metaspace       used 137629K, capacity 146546K, committed 146840K, reserved 1177600K
  class space    used 17097K, capacity 18736K, committed 18864K, reserved 1048576K
}
Event: 15879.365 GC heap before
{Heap before GC invocations=147 (full 7):
 PSYoungGen      total 157696K, used 146188K [0x00000000f5580000, 0x00000000fff80000, 0x0000000100000000)
  eden space 143360K, 100% used [0x00000000f5580000,0x00000000fe180000,0x00000000fe180000)
  from space 14336K, 19% used [0x00000000fe180000,0x00000000fe443360,0x00000000fef80000)
  to   space 13824K, 0% used [0x00000000ff200000,0x00000000ff200000,0x00000000fff80000)
 ParOldGen       total 302080K, used 266933K [0x00000000e0000000, 0x00000000f2700000, 0x00000000f5580000)
  object space 302080K, 88% used [0x00000000e0000000,0x00000000f04ad710,0x00000000f2700000)
 Metaspace       used 137748K, capacity 146724K, committed 146840K, reserved 1177600K
  class space    used 17128K, capacity 18773K, committed 18864K, reserved 1048576K
Event: 15879.378 GC heap after
Heap after GC invocations=147 (full 7):
 PSYoungGen      total 158208K, used 4065K [0x00000000f5580000, 0x00000000ffd80000, 0x0000000100000000)
  eden space 146432K, 0% used [0x00000000f5580000,0x00000000f5580000,0x00000000fe480000)
  from space 11776K, 34% used [0x00000000ff200000,0x00000000ff5f8460,0x00000000ffd80000)
  to   space 12800K, 0% used [0x00000000fe480000,0x00000000fe480000,0x00000000ff100000)
 ParOldGen       total 302080K, used 269324K [0x00000000e0000000, 0x00000000f2700000, 0x00000000f5580000)
  object space 302080K, 89% used [0x00000000e0000000,0x00000000f0703148,0x00000000f2700000)
 Metaspace       used 137748K, capacity 146724K, committed 146840K, reserved 1177600K
  class space    used 17128K, capacity 18773K, committed 18864K, reserved 1048576K
}
Event: 15879.619 GC heap before
{Heap before GC invocations=148 (full 7):
 PSYoungGen      total 158208K, used 150497K [0x00000000f5580000, 0x00000000ffd80000, 0x0000000100000000)
  eden space 146432K, 100% used [0x00000000f5580000,0x00000000fe480000,0x00000000fe480000)
  from space 11776K, 34% used [0x00000000ff200000,0x00000000ff5f8460,0x00000000ffd80000)
  to   space 12800K, 0% used [0x00000000fe480000,0x00000000fe480000,0x00000000ff100000)
 ParOldGen       total 302080K, used 269324K [0x00000000e0000000, 0x00000000f2700000, 0x00000000f5580000)
  object space 302080K, 89% used [0x00000000e0000000,0x00000000f0703148,0x00000000f2700000)
 Metaspace       used 137767K, capacity 146728K, committed 146840K, reserved 1177600K
  class space    used 17128K, capacity 18773K, committed 18864K, reserved 1048576K
Event: 15879.633 GC heap after
Heap after GC invocations=148 (full 7):
 PSYoungGen      total 159232K, used 2239K [0x00000000f5580000, 0x0000000100000000, 0x0000000100000000)
  eden space 146432K, 0% used [0x00000000f5580000,0x00000000f5580000,0x00000000fe480000)
  from space 12800K, 17% used [0x00000000fe480000,0x00000000fe6affc0,0x00000000ff100000)
  to   space 12288K, 0% used [0x00000000ff400000,0x00000000ff400000,0x0000000100000000)
 ParOldGen       total 302080K, used 272157K [0x00000000e0000000, 0x00000000f2700000, 0x00000000f5580000)
  object space 302080K, 90% used [0x00000000e0000000,0x00000000f09c7440,0x00000000f2700000)
 Metaspace       used 137767K, capacity 146728K, committed 146840K, reserved 1177600K
  class space    used 17128K, capacity 18773K, committed 18864K, reserved 1048576K
}
Event: 15879.929 GC heap before
{Heap before GC invocations=149 (full 7):
 PSYoungGen      total 159232K, used 148671K [0x00000000f5580000, 0x0000000100000000, 0x0000000100000000)
  eden space 146432K, 100% used [0x00000000f5580000,0x00000000fe480000,0x00000000fe480000)
  from space 12800K, 17% used [0x00000000fe480000,0x00000000fe6affc0,0x00000000ff100000)
  to   space 12288K, 0% used [0x00000000ff400000,0x00000000ff400000,0x0000000100000000)
 ParOldGen       total 302080K, used 272157K [0x00000000e0000000, 0x00000000f2700000, 0x00000000f5580000)
  object space 302080K, 90% used [0x00000000e0000000,0x00000000f09c7440,0x00000000f2700000)
 Metaspace       used 137787K, capacity 146742K, committed 146840K, reserved 1177600K
  class space    used 17133K, capacity 18780K, committed 18864K, reserved 1048576K
Event: 15879.944 GC heap after
Heap after GC invocations=149 (full 7):
 PSYoungGen      total 161280K, used 6457K [0x00000000f5580000, 0x00000000fff80000, 0x0000000100000000)
  eden space 149504K, 0% used [0x00000000f5580000,0x00000000f5580000,0x00000000fe780000)
  from space 11776K, 54% used [0x00000000ff400000,0x00000000ffa4e750,0x00000000fff80000)
  to   space 12288K, 0% used [0x00000000fe780000,0x00000000fe780000,0x00000000ff380000)
 ParOldGen       total 302080K, used 274074K [0x00000000e0000000, 0x00000000f2700000, 0x00000000f5580000)
  object space 302080K, 90% used [0x00000000e0000000,0x00000000f0ba6910,0x00000000f2700000)
 Metaspace       used 137787K, capacity 146742K, committed 146840K, reserved 1177600K
  class space    used 17133K, capacity 18780K, committed 18864K, reserved 1048576K
}
Event: 15880.346 GC heap before
{Heap before GC invocations=150 (full 7):
 PSYoungGen      total 161280K, used 155961K [0x00000000f5580000, 0x00000000fff80000, 0x0000000100000000)
  eden space 149504K, 100% used [0x00000000f5580000,0x00000000fe780000,0x00000000fe780000)
  from space 11776K, 54% used [0x00000000ff400000,0x00000000ffa4e750,0x00000000fff80000)
  to   space 12288K, 0% used [0x00000000fe780000,0x00000000fe780000,0x00000000ff380000)
 ParOldGen       total 302080K, used 274074K [0x00000000e0000000, 0x00000000f2700000, 0x00000000f5580000)
  object space 302080K, 90% used [0x00000000e0000000,0x00000000f0ba6910,0x00000000f2700000)
 Metaspace       used 137794K, capacity 146742K, committed 146840K, reserved 1177600K
  class space    used 17133K, capacity 18780K, committed 18864K, reserved 1048576K
Event: 15880.357 GC heap after
Heap after GC invocations=150 (full 7):
 PSYoungGen      total 161792K, used 2605K [0x00000000f5580000, 0x00000000fff80000, 0x0000000100000000)
  eden space 149504K, 0% used [0x00000000f5580000,0x00000000f5580000,0x00000000fe780000)
  from space 12288K, 21% used [0x00000000fe780000,0x00000000fea0b620,0x00000000ff380000)
  to   space 11776K, 0% used [0x00000000ff400000,0x00000000ff400000,0x00000000fff80000)
 ParOldGen       total 302080K, used 276661K [0x00000000e0000000, 0x00000000f2700000, 0x00000000f5580000)
  object space 302080K, 91% used [0x00000000e0000000,0x00000000f0e2d4e8,0x00000000f2700000)
 Metaspace       used 137794K, capacity 146742K, committed 146840K, reserved 1177600K
  class space    used 17133K, capacity 18780K, committed 18864K, reserved 1048576K
}
Event: 15880.768 GC heap before
{Heap before GC invocations=151 (full 7):
 PSYoungGen      total 161792K, used 152109K [0x00000000f5580000, 0x00000000fff80000, 0x0000000100000000)
  eden space 149504K, 100% used [0x00000000f5580000,0x00000000fe780000,0x00000000fe780000)
  from space 12288K, 21% used [0x00000000fe780000,0x00000000fea0b620,0x00000000ff380000)
  to   space 11776K, 0% used [0x00000000ff400000,0x00000000ff400000,0x00000000fff80000)
 ParOldGen       total 302080K, used 276661K [0x00000000e0000000, 0x00000000f2700000, 0x00000000f5580000)
  object space 302080K, 91% used [0x00000000e0000000,0x00000000f0e2d4e8,0x00000000f2700000)
 Metaspace       used 137798K, capacity 146742K, committed 146840K, reserved 1177600K
  class space    used 17133K, capacity 18780K, committed 18864K, reserved 1048576K
Event: 15880.784 GC heap after
Heap after GC invocations=151 (full 7):
 PSYoungGen      total 161792K, used 7928K [0x00000000f5580000, 0x0000000100000000, 0x0000000100000000)
  eden space 150016K, 0% used [0x00000000f5580000,0x00000000f5580000,0x00000000fe800000)
  from space 11776K, 67% used [0x00000000ff400000,0x00000000ffbbe230,0x00000000fff80000)
  to   space 12288K, 0% used [0x00000000fe800000,0x00000000fe800000,0x00000000ff400000)
 ParOldGen       total 302080K, used 278874K [0x00000000e0000000, 0x00000000f2700000, 0x00000000f5580000)
  object space 302080K, 92% used [0x00000000e0000000,0x00000000f1056928,0x00000000f2700000)
 Metaspace       used 137798K, capacity 146742K, committed 146840K, reserved 1177600K
  class space    used 17133K, capacity 18780K, committed 18864K, reserved 1048576K
}
Event: 15881.163 GC heap before
{Heap before GC invocations=152 (full 7):
 PSYoungGen      total 161792K, used 157944K [0x00000000f5580000, 0x0000000100000000, 0x0000000100000000)
  eden space 150016K, 100% used [0x00000000f5580000,0x00000000fe800000,0x00000000fe800000)
  from space 11776K, 67% used [0x00000000ff400000,0x00000000ffbbe230,0x00000000fff80000)
  to   space 12288K, 0% used [0x00000000fe800000,0x00000000fe800000,0x00000000ff400000)
 ParOldGen       total 302080K, used 278874K [0x00000000e0000000, 0x00000000f2700000, 0x00000000f5580000)
  object space 302080K, 92% used [0x00000000e0000000,0x00000000f1056928,0x00000000f2700000)
 Metaspace       used 137803K, capacity 146746K, committed 146840K, reserved 1177600K
  class space    used 17133K, capacity 18780K, committed 18864K, reserved 1048576K
Event: 15881.175 GC heap after
Heap after GC invocations=152 (full 7):
 PSYoungGen      total 162304K, used 1504K [0x00000000f5580000, 0x0000000100000000, 0x0000000100000000)
  eden space 150016K, 0% used [0x00000000f5580000,0x00000000f5580000,0x00000000fe800000)
  from space 12288K, 12% used [0x00000000fe800000,0x00000000fe978000,0x00000000ff400000)
  to   space 12288K, 0% used [0x00000000ff400000,0x00000000ff400000,0x0000000100000000)
 ParOldGen       total 302080K, used 286601K [0x00000000e0000000, 0x00000000f2700000, 0x00000000f5580000)
  object space 302080K, 94% used [0x00000000e0000000,0x00000000f17e25b0,0x00000000f2700000)
 Metaspace       used 137803K, capacity 146746K, committed 146840K, reserved 1177600K
  class space    used 17133K, capacity 18780K, committed 18864K, reserved 1048576K
}
Event: 15881.575 GC heap before
{Heap before GC invocations=153 (full 7):
 PSYoungGen      total 162304K, used 151520K [0x00000000f5580000, 0x0000000100000000, 0x0000000100000000)
  eden space 150016K, 100% used [0x00000000f5580000,0x00000000fe800000,0x00000000fe800000)
  from space 12288K, 12% used [0x00000000fe800000,0x00000000fe978000,0x00000000ff400000)
  to   space 12288K, 0% used [0x00000000ff400000,0x00000000ff400000,0x0000000100000000)
 ParOldGen       total 302080K, used 286601K [0x00000000e0000000, 0x00000000f2700000, 0x00000000f5580000)
  object space 302080K, 94% used [0x00000000e0000000,0x00000000f17e25b0,0x00000000f2700000)
 Metaspace       used 137803K, capacity 146746K, committed 146840K, reserved 1177600K
  class space    used 17133K, capacity 18780K, committed 18864K, reserved 1048576K
Event: 15881.586 GC heap after
Heap after GC invocations=153 (full 7):
 PSYoungGen      total 161280K, used 1953K [0x00000000f5580000, 0x00000000fff00000, 0x0000000100000000)
  eden space 150016K, 0% used [0x00000000f5580000,0x00000000f5580000,0x00000000fe800000)
  from space 11264K, 17% used [0x00000000ff400000,0x00000000ff5e87a8,0x00000000fff00000)
  to   space 11776K, 0% used [0x00000000fe800000,0x00000000fe800000,0x00000000ff380000)
 ParOldGen       total 302080K, used 287882K [0x00000000e0000000, 0x00000000f2700000, 0x00000000f5580000)
  object space 302080K, 95% used [0x00000000e0000000,0x00000000f1922b18,0x00000000f2700000)
 Metaspace       used 137803K, capacity 146746K, committed 146840K, reserved 1177600K
  class space    used 17133K, capacity 18780K, committed 18864K, reserved 1048576K
}
Event: 15881.881 GC heap before
{Heap before GC invocations=154 (full 7):
 PSYoungGen      total 161280K, used 151969K [0x00000000f5580000, 0x00000000fff00000, 0x0000000100000000)
  eden space 150016K, 100% used [0x00000000f5580000,0x00000000fe800000,0x00000000fe800000)
  from space 11264K, 17% used [0x00000000ff400000,0x00000000ff5e87a8,0x00000000fff00000)
  to   space 11776K, 0% used [0x00000000fe800000,0x00000000fe800000,0x00000000ff380000)
 ParOldGen       total 302080K, used 287882K [0x00000000e0000000, 0x00000000f2700000, 0x00000000f5580000)
  object space 302080K, 95% used [0x00000000e0000000,0x00000000f1922b18,0x00000000f2700000)
 Metaspace       used 137803K, capacity 146746K, committed 146840K, reserved 1177600K
  class space    used 17133K, capacity 18780K, committed 18864K, reserved 1048576K
Event: 15881.891 GC heap after
Heap after GC invocations=154 (full 7):
 PSYoungGen      total 161792K, used 1685K [0x00000000f5580000, 0x00000000fff80000, 0x0000000100000000)
  eden space 150016K, 0% used [0x00000000f5580000,0x00000000f5580000,0x00000000fe800000)
  from space 11776K, 14% used [0x00000000fe800000,0x00000000fe9a5508,0x00000000ff380000)
  to   space 11264K, 0% used [0x00000000ff480000,0x00000000ff480000,0x00000000fff80000)
 ParOldGen       total 302080K, used 289640K [0x00000000e0000000, 0x00000000f2700000, 0x00000000f5580000)
  object space 302080K, 95% used [0x00000000e0000000,0x00000000f1ada1c0,0x00000000f2700000)
 Metaspace       used 137803K, capacity 146746K, committed 146840K, reserved 1177600K
  class space    used 17133K, capacity 18780K, committed 18864K, reserved 1048576K
}
Event: 15882.252 GC heap before
{Heap before GC invocations=155 (full 7):
 PSYoungGen      total 161792K, used 151701K [0x00000000f5580000, 0x00000000fff80000, 0x0000000100000000)
  eden space 150016K, 100% used [0x00000000f5580000,0x00000000fe800000,0x00000000fe800000)
  from space 11776K, 14% used [0x00000000fe800000,0x00000000fe9a5508,0x00000000ff380000)
  to   space 11264K, 0% used [0x00000000ff480000,0x00000000ff480000,0x00000000fff80000)
 ParOldGen       total 302080K, used 289640K [0x00000000e0000000, 0x00000000f2700000, 0x00000000f5580000)
  object space 302080K, 95% used [0x00000000e0000000,0x00000000f1ada1c0,0x00000000f2700000)
 Metaspace       used 137804K, capacity 146746K, committed 146840K, reserved 1177600K
  class space    used 17133K, capacity 18780K, committed 18864K, reserved 1048576K
Event: 15882.260 GC heap after
Heap after GC invocations=155 (full 7):
 PSYoungGen      total 162816K, used 1312K [0x00000000f5580000, 0x00000000fff80000, 0x0000000100000000)
  eden space 151552K, 0% used [0x00000000f5580000,0x00000000f5580000,0x00000000fe980000)
  from space 11264K, 11% used [0x00000000ff480000,0x00000000ff5c8000,0x00000000fff80000)
  to   space 11264K, 0% used [0x00000000fe980000,0x00000000fe980000,0x00000000ff480000)
 ParOldGen       total 302080K, used 290876K [0x00000000e0000000, 0x00000000f2700000, 0x00000000f5580000)
  object space 302080K, 96% used [0x00000000e0000000,0x00000000f1c0f228,0x00000000f2700000)
 Metaspace       used 137804K, capacity 146746K, committed 146840K, reserved 1177600K
  class space    used 17133K, capacity 18780K, committed 18864K, reserved 1048576K
}
Event: 15882.596 GC heap before
{Heap before GC invocations=156 (full 7):
 PSYoungGen      total 162816K, used 152864K [0x00000000f5580000, 0x00000000fff80000, 0x0000000100000000)
  eden space 151552K, 100% used [0x00000000f5580000,0x00000000fe980000,0x00000000fe980000)
  from space 11264K, 11% used [0x00000000ff480000,0x00000000ff5c8000,0x00000000fff80000)
  to   space 11264K, 0% used [0x00000000fe980000,0x00000000fe980000,0x00000000ff480000)
 ParOldGen       total 302080K, used 290876K [0x00000000e0000000, 0x00000000f2700000, 0x00000000f5580000)
  object space 302080K, 96% used [0x00000000e0000000,0x00000000f1c0f228,0x00000000f2700000)
 Metaspace       used 137804K, capacity 146746K, committed 146840K, reserved 1177600K
  class space    used 17133K, capacity 18780K, committed 18864K, reserved 1048576K
Event: 15882.604 GC heap after
Heap after GC invocations=156 (full 7):
 PSYoungGen      total 162816K, used 1568K [0x00000000f5580000, 0x00000000fff00000, 0x0000000100000000)
  eden space 151552K, 0% used [0x00000000f5580000,0x00000000f5580000,0x00000000fe980000)
  from space 11264K, 13% used [0x00000000fe980000,0x00000000feb08000,0x00000000ff480000)
  to   space 10752K, 0% used [0x00000000ff480000,0x00000000ff480000,0x00000000fff00000)
 ParOldGen       total 302080K, used 291955K [0x00000000e0000000, 0x00000000f2700000, 0x00000000f5580000)
  object space 302080K, 96% used [0x00000000e0000000,0x00000000f1d1cef0,0x00000000f2700000)
 Metaspace       used 137804K, capacity 146746K, committed 146840K, reserved 1177600K
  class space    used 17133K, capacity 18780K, committed 18864K, reserved 1048576K
}
Event: 15883.144 GC heap before
{Heap before GC invocations=157 (full 7):
 PSYoungGen      total 162816K, used 153115K [0x00000000f5580000, 0x00000000fff00000, 0x0000000100000000)
  eden space 151552K, 99% used [0x00000000f5580000,0x00000000fe97ee68,0x00000000fe980000)
  from space 11264K, 13% used [0x00000000fe980000,0x00000000feb08000,0x00000000ff480000)
  to   space 10752K, 0% used [0x00000000ff480000,0x00000000ff480000,0x00000000fff00000)
 ParOldGen       total 302080K, used 291955K [0x00000000e0000000, 0x00000000f2700000, 0x00000000f5580000)
  object space 302080K, 96% used [0x00000000e0000000,0x00000000f1d1cef0,0x00000000f2700000)
 Metaspace       used 137821K, capacity 146746K, committed 146840K, reserved 1177600K
  class space    used 17133K, capacity 18780K, committed 18864K, reserved 1048576K
Event: 15883.155 GC heap after
Heap after GC invocations=157 (full 7):
 PSYoungGen      total 161792K, used 3347K [0x00000000f5580000, 0x00000000ffd80000, 0x0000000100000000)
  eden space 152576K, 0% used [0x00000000f5580000,0x00000000f5580000,0x00000000fea80000)
  from space 9216K, 36% used [0x00000000ff480000,0x00000000ff7c4f10,0x00000000ffd80000)
  to   space 9728K, 0% used [0x00000000fea80000,0x00000000fea80000,0x00000000ff400000)
 ParOldGen       total 302080K, used 293026K [0x00000000e0000000, 0x00000000f2700000, 0x00000000f5580000)
  object space 302080K, 97% used [0x00000000e0000000,0x00000000f1e28930,0x00000000f2700000)
 Metaspace       used 137821K, capacity 146746K, committed 146840K, reserved 1177600K
  class space    used 17133K, capacity 18780K, committed 18864K, reserved 1048576K
}
Event: 15884.011 GC heap before
{Heap before GC invocations=158 (full 7):
 PSYoungGen      total 161792K, used 155923K [0x00000000f5580000, 0x00000000ffd80000, 0x0000000100000000)
  eden space 152576K, 100% used [0x00000000f5580000,0x00000000fea80000,0x00000000fea80000)
  from space 9216K, 36% used [0x00000000ff480000,0x00000000ff7c4f10,0x00000000ffd80000)
  to   space 9728K, 0% used [0x00000000fea80000,0x00000000fea80000,0x00000000ff400000)
 ParOldGen       total 302080K, used 293242K [0x00000000e0000000, 0x00000000f2700000, 0x00000000f5580000)
  object space 302080K, 97% used [0x00000000e0000000,0x00000000f1e5e930,0x00000000f2700000)
 Metaspace       used 138353K, capacity 147500K, committed 147736K, reserved 1177600K
  class space    used 17208K, capacity 18873K, committed 18992K, reserved 1048576K
Event: 15884.041 GC heap after
Heap after GC invocations=158 (full 7):
 PSYoungGen      total 162304K, used 9715K [0x00000000f5580000, 0x0000000100000000, 0x0000000100000000)
  eden space 152576K, 0% used [0x00000000f5580000,0x00000000f5580000,0x00000000fea80000)
  from space 9728K, 99% used [0x00000000fea80000,0x00000000ff3fcff8,0x00000000ff400000)
  to   space 12288K, 0% used [0x00000000ff400000,0x00000000ff400000,0x0000000100000000)
 ParOldGen       total 308736K, used 307200K [0x00000000e0000000, 0x00000000f2d80000, 0x00000000f5580000)
  object space 308736K, 99% used [0x00000000e0000000,0x00000000f2c00018,0x00000000f2d80000)
 Metaspace       used 138353K, capacity 147500K, committed 147736K, reserved 1177600K
  class space    used 17208K, capacity 18873K, committed 18992K, reserved 1048576K
}
Event: 15884.041 GC heap before
{Heap before GC invocations=159 (full 8):
 PSYoungGen      total 162304K, used 9715K [0x00000000f5580000, 0x0000000100000000, 0x0000000100000000)
  eden space 152576K, 0% used [0x00000000f5580000,0x00000000f5580000,0x00000000fea80000)
  from space 9728K, 99% used [0x00000000fea80000,0x00000000ff3fcff8,0x00000000ff400000)
  to   space 12288K, 0% used [0x00000000ff400000,0x00000000ff400000,0x0000000100000000)
 ParOldGen       total 308736K, used 307200K [0x00000000e0000000, 0x00000000f2d80000, 0x00000000f5580000)
  object space 308736K, 99% used [0x00000000e0000000,0x00000000f2c00018,0x00000000f2d80000)
 Metaspace       used 138353K, capacity 147500K, committed 147736K, reserved 1177600K
  class space    used 17208K, capacity 18873K, committed 18992K, reserved 1048576K
Event: 15885.932 GC heap after
Heap after GC invocations=159 (full 8):
 PSYoungGen      total 162304K, used 0K [0x00000000f5580000, 0x0000000100000000, 0x0000000100000000)
  eden space 152576K, 0% used [0x00000000f5580000,0x00000000f5580000,0x00000000fea80000)
  from space 9728K, 0% used [0x00000000fea80000,0x00000000fea80000,0x00000000ff400000)
  to   space 12288K, 0% used [0x00000000ff400000,0x00000000ff400000,0x0000000100000000)
 ParOldGen       total 349696K, used 173614K [0x00000000e0000000, 0x00000000f5580000, 0x00000000f5580000)
  object space 349696K, 49% used [0x00000000e0000000,0x00000000ea98ba40,0x00000000f5580000)
 Metaspace       used 138353K, capacity 147500K, committed 147736K, reserved 1177600K
  class space    used 17208K, capacity 18873K, committed 18992K, reserved 1048576K
}
Event: 15886.338 GC heap before
{Heap before GC invocations=160 (full 8):
 PSYoungGen      total 162304K, used 152576K [0x00000000f5580000, 0x0000000100000000, 0x0000000100000000)
  eden space 152576K, 100% used [0x00000000f5580000,0x00000000fea80000,0x00000000fea80000)
  from space 9728K, 0% used [0x00000000fea80000,0x00000000fea80000,0x00000000ff400000)
  to   space 12288K, 0% used [0x00000000ff400000,0x00000000ff400000,0x0000000100000000)
 ParOldGen       total 349696K, used 173617K [0x00000000e0000000, 0x00000000f5580000, 0x00000000f5580000)
  object space 349696K, 49% used [0x00000000e0000000,0x00000000ea98c608,0x00000000f5580000)
 Metaspace       used 139051K, capacity 148214K, committed 148376K, reserved 1179648K
  class space    used 17301K, capacity 18992K, committed 19120K, reserved 1048576K
Event: 15886.367 GC heap after
Heap after GC invocations=160 (full 8):
 PSYoungGen      total 134656K, used 12278K [0x00000000f5580000, 0x0000000100000000, 0x0000000100000000)
  eden space 122368K, 0% used [0x00000000f5580000,0x00000000f5580000,0x00000000fcd00000)
  from space 12288K, 99% used [0x00000000ff400000,0x00000000ffffdb98,0x0000000100000000)
  to   space 26112K, 0% used [0x00000000fcd00000,0x00000000fcd00000,0x00000000fe680000)
 ParOldGen       total 349696K, used 194965K [0x00000000e0000000, 0x00000000f5580000, 0x00000000f5580000)
  object space 349696K, 55% used [0x00000000e0000000,0x00000000ebe65460,0x00000000f5580000)
 Metaspace       used 139051K, capacity 148214K, committed 148376K, reserved 1179648K
  class space    used 17301K, capacity 18992K, committed 19120K, reserved 1048576K
}
Event: 15886.753 GC heap before
{Heap before GC invocations=161 (full 8):
 PSYoungGen      total 134656K, used 134646K [0x00000000f5580000, 0x0000000100000000, 0x0000000100000000)
  eden space 122368K, 100% used [0x00000000f5580000,0x00000000fcd00000,0x00000000fcd00000)
  from space 12288K, 99% used [0x00000000ff400000,0x00000000ffffdb98,0x0000000100000000)
  to   space 26112K, 0% used [0x00000000fcd00000,0x00000000fcd00000,0x00000000fe680000)
 ParOldGen       total 349696K, used 194965K [0x00000000e0000000, 0x00000000f5580000, 0x00000000f5580000)
  object space 349696K, 55% used [0x00000000e0000000,0x00000000ebe65460,0x00000000f5580000)
 Metaspace       used 139209K, capacity 148430K, committed 148632K, reserved 1179648K
  class space    used 17317K, capacity 19010K, committed 19120K, reserved 1048576K
Event: 15886.793 GC heap after
Heap after GC invocations=161 (full 8):
 PSYoungGen      total 143360K, used 20686K [0x00000000f5580000, 0x0000000100000000, 0x0000000100000000)
  eden space 122368K, 0% used [0x00000000f5580000,0x00000000f5580000,0x00000000fcd00000)
  from space 20992K, 98% used [0x00000000fcd00000,0x00000000fe133938,0x00000000fe180000)
  to   space 29184K, 0% used [0x00000000fe380000,0x00000000fe380000,0x0000000100000000)
 ParOldGen       total 349696K, used 206714K [0x00000000e0000000, 0x00000000f5580000, 0x00000000f5580000)
  object space 349696K, 59% used [0x00000000e0000000,0x00000000ec9deb50,0x00000000f5580000)
 Metaspace       used 139209K, capacity 148430K, committed 148632K, reserved 1179648K
  class space    used 17317K, capacity 19010K, committed 19120K, reserved 1048576K
}
Event: 15887.178 GC heap before
{Heap before GC invocations=162 (full 8):
 PSYoungGen      total 143360K, used 143054K [0x00000000f5580000, 0x0000000100000000, 0x0000000100000000)
  eden space 122368K, 100% used [0x00000000f5580000,0x00000000fcd00000,0x00000000fcd00000)
  from space 20992K, 98% used [0x00000000fcd00000,0x00000000fe133938,0x00000000fe180000)
  to   space 29184K, 0% used [0x00000000fe380000,0x00000000fe380000,0x0000000100000000)
 ParOldGen       total 349696K, used 206714K [0x00000000e0000000, 0x00000000f5580000, 0x00000000f5580000)
  object space 349696K, 59% used [0x00000000e0000000,0x00000000ec9deb50,0x00000000f5580000)
 Metaspace       used 139543K, capacity 148950K, committed 149144K, reserved 1179648K
  class space    used 17360K, capacity 19058K, committed 19120K, reserved 1048576K
Event: 15887.224 GC heap after
Heap after GC invocations=162 (full 8):
 PSYoungGen      total 139264K, used 22668K [0x00000000f5580000, 0x0000000100000000, 0x0000000100000000)
  eden space 110080K, 0% used [0x00000000f5580000,0x00000000f5580000,0x00000000fc100000)
  from space 29184K, 77% used [0x00000000fe380000,0x00000000ff9a31b8,0x0000000100000000)
  to   space 32256K, 0% used [0x00000000fc100000,0x00000000fc100000,0x00000000fe080000)
 ParOldGen       total 349696K, used 223410K [0x00000000e0000000, 0x00000000f5580000, 0x00000000f5580000)
  object space 349696K, 63% used [0x00000000e0000000,0x00000000eda2c818,0x00000000f5580000)
 Metaspace       used 139543K, capacity 148950K, committed 149144K, reserved 1179648K
  class space    used 17360K, capacity 19058K, committed 19120K, reserved 1048576K
}
Event: 15887.491 GC heap before
{Heap before GC invocations=163 (full 8):
 PSYoungGen      total 139264K, used 132748K [0x00000000f5580000, 0x0000000100000000, 0x0000000100000000)
  eden space 110080K, 100% used [0x00000000f5580000,0x00000000fc100000,0x00000000fc100000)
  from space 29184K, 77% used [0x00000000fe380000,0x00000000ff9a31b8,0x0000000100000000)
  to   space 32256K, 0% used [0x00000000fc100000,0x00000000fc100000,0x00000000fe080000)
 ParOldGen       total 349696K, used 223410K [0x00000000e0000000, 0x00000000f5580000, 0x00000000f5580000)
  object space 349696K, 63% used [0x00000000e0000000,0x00000000eda2c818,0x00000000f5580000)
 Metaspace       used 139713K, capacity 149122K, committed 149400K, reserved 1179648K
  class space    used 17375K, capacity 19062K, committed 19120K, reserved 1048576K
Event: 15887.545 GC heap after
Heap after GC invocations=163 (full 8):
 PSYoungGen      total 140800K, used 30540K [0x00000000f5580000, 0x0000000100000000, 0x0000000100000000)
  eden space 110080K, 0% used [0x00000000f5580000,0x00000000f5580000,0x00000000fc100000)
  from space 30720K, 99% used [0x00000000fc100000,0x00000000fded33d0,0x00000000fdf00000)
  to   space 33792K, 0% used [0x00000000fdf00000,0x00000000fdf00000,0x0000000100000000)
 ParOldGen       total 349696K, used 244335K [0x00000000e0000000, 0x00000000f5580000, 0x00000000f5580000)
  object space 349696K, 69% used [0x00000000e0000000,0x00000000eee9be08,0x00000000f5580000)
 Metaspace       used 139713K, capacity 149122K, committed 149400K, reserved 1179648K
  class space    used 17375K, capacity 19062K, committed 19120K, reserved 1048576K
}
Event: 15887.760 GC heap before
{Heap before GC invocations=164 (full 8):
 PSYoungGen      total 140800K, used 140620K [0x00000000f5580000, 0x0000000100000000, 0x0000000100000000)
  eden space 110080K, 100% used [0x00000000f5580000,0x00000000fc100000,0x00000000fc100000)
  from space 30720K, 99% used [0x00000000fc100000,0x00000000fded33d0,0x00000000fdf00000)
  to   space 33792K, 0% used [0x00000000fdf00000,0x00000000fdf00000,0x0000000100000000)
 ParOldGen       total 349696K, used 244335K [0x00000000e0000000, 0x00000000f5580000, 0x00000000f5580000)
  object space 349696K, 69% used [0x00000000e0000000,0x00000000eee9be08,0x00000000f5580000)
 Metaspace       used 139856K, capacity 149336K, committed 149528K, reserved 1179648K
  class space    used 17394K, capacity 19103K, committed 19248K, reserved 1048576K
Event: 15887.805 GC heap after
Heap after GC invocations=164 (full 8):
 PSYoungGen      total 131584K, used 21964K [0x00000000f5580000, 0x0000000100000000, 0x0000000100000000)
  eden space 97792K, 0% used [0x00000000f5580000,0x00000000f5580000,0x00000000fb500000)
  from space 33792K, 64% used [0x00000000fdf00000,0x00000000ff473250,0x0000000100000000)
  to   space 38400K, 0% used [0x00000000fb500000,0x00000000fb500000,0x00000000fda80000)
 ParOldGen       total 349696K, used 273566K [0x00000000e0000000, 0x00000000f5580000, 0x00000000f5580000)
  object space 349696K, 78% used [0x00000000e0000000,0x00000000f0b27bf0,0x00000000f5580000)
 Metaspace       used 139856K, capacity 149336K, committed 149528K, reserved 1179648K
  class space    used 17394K, capacity 19103K, committed 19248K, reserved 1048576K
}
Event: 15888.057 GC heap before
{Heap before GC invocations=165 (full 8):
 PSYoungGen      total 131584K, used 119756K [0x00000000f5580000, 0x0000000100000000, 0x0000000100000000)
  eden space 97792K, 100% used [0x00000000f5580000,0x00000000fb500000,0x00000000fb500000)
  from space 33792K, 64% used [0x00000000fdf00000,0x00000000ff473250,0x0000000100000000)
  to   space 38400K, 0% used [0x00000000fb500000,0x00000000fb500000,0x00000000fda80000)
 ParOldGen       total 349696K, used 273566K [0x00000000e0000000, 0x00000000f5580000, 0x00000000f5580000)
  object space 349696K, 78% used [0x00000000e0000000,0x00000000f0b27bf0,0x00000000f5580000)
 Metaspace       used 139962K, capacity 149480K, committed 149784K, reserved 1179648K
  class space    used 17408K, capacity 19143K, committed 19248K, reserved 1048576K
Event: 15888.090 GC heap after
Heap after GC invocations=165 (full 8):
 PSYoungGen      total 136192K, used 17924K [0x00000000f5580000, 0x0000000100000000, 0x0000000100000000)
  eden space 97792K, 0% used [0x00000000f5580000,0x00000000f5580000,0x00000000fb500000)
  from space 38400K, 46% used [0x00000000fb500000,0x00000000fc681250,0x00000000fda80000)
  to   space 37376K, 0% used [0x00000000fdb80000,0x00000000fdb80000,0x0000000100000000)
 ParOldGen       total 349696K, used 293817K [0x00000000e0000000, 0x00000000f5580000, 0x00000000f5580000)
  object space 349696K, 84% used [0x00000000e0000000,0x00000000f1eee620,0x00000000f5580000)
 Metaspace       used 139962K, capacity 149480K, committed 149784K, reserved 1179648K
  class space    used 17408K, capacity 19143K, committed 19248K, reserved 1048576K
}
Event: 15888.243 GC heap before
{Heap before GC invocations=166 (full 8):
 PSYoungGen      total 136192K, used 115716K [0x00000000f5580000, 0x0000000100000000, 0x0000000100000000)
  eden space 97792K, 100% used [0x00000000f5580000,0x00000000fb500000,0x00000000fb500000)
  from space 38400K, 46% used [0x00000000fb500000,0x00000000fc681250,0x00000000fda80000)
  to   space 37376K, 0% used [0x00000000fdb80000,0x00000000fdb80000,0x0000000100000000)
 ParOldGen       total 349696K, used 293817K [0x00000000e0000000, 0x00000000f5580000, 0x00000000f5580000)
  object space 349696K, 84% used [0x00000000e0000000,0x00000000f1eee620,0x00000000f5580000)
 Metaspace       used 139969K, capacity 149480K, committed 149784K, reserved 1179648K
  class space    used 17408K, capacity 19143K, committed 19248K, reserved 1048576K
Event: 15888.267 GC heap after
Heap after GC invocations=166 (full 8):
 PSYoungGen      total 131072K, used 12598K [0x00000000f5580000, 0x00000000ffb00000, 0x0000000100000000)
  eden space 98816K, 0% used [0x00000000f5580000,0x00000000f5580000,0x00000000fb600000)
  from space 32256K, 39% used [0x00000000fdb80000,0x00000000fe7cd8f8,0x00000000ffb00000)
  to   space 35328K, 0% used [0x00000000fb600000,0x00000000fb600000,0x00000000fd880000)
 ParOldGen       total 349696K, used 307079K [0x00000000e0000000, 0x00000000f5580000, 0x00000000f5580000)
  object space 349696K, 87% used [0x00000000e0000000,0x00000000f2be1de0,0x00000000f5580000)
 Metaspace       used 139969K, capacity 149480K, committed 149784K, reserved 1179648K
  class space    used 17408K, capacity 19143K, committed 19248K, reserved 1048576K
}
Event: 15888.506 GC heap before
{Heap before GC invocations=167 (full 8):
 PSYoungGen      total 131072K, used 111414K [0x00000000f5580000, 0x00000000ffb00000, 0x0000000100000000)
  eden space 98816K, 100% used [0x00000000f5580000,0x00000000fb600000,0x00000000fb600000)
  from space 32256K, 39% used [0x00000000fdb80000,0x00000000fe7cd8f8,0x00000000ffb00000)
  to   space 35328K, 0% used [0x00000000fb600000,0x00000000fb600000,0x00000000fd880000)
 ParOldGen       total 349696K, used 307079K [0x00000000e0000000, 0x00000000f5580000, 0x00000000f5580000)
  object space 349696K, 87% used [0x00000000e0000000,0x00000000f2be1de0,0x00000000f5580000)
 Metaspace       used 139995K, capacity 149544K, committed 149784K, reserved 1179648K
  class space    used 17409K, capacity 19143K, committed 19248K, reserved 1048576K
Event: 15888.527 GC heap after
Heap after GC invocations=167 (full 8):
 PSYoungGen      total 134144K, used 6254K [0x00000000f5580000, 0x0000000100000000, 0x0000000100000000)
  eden space 98816K, 0% used [0x00000000f5580000,0x00000000f5580000,0x00000000fb600000)
  from space 35328K, 17% used [0x00000000fb600000,0x00000000fbc1bbf8,0x00000000fd880000)
  to   space 34304K, 0% used [0x00000000fde80000,0x00000000fde80000,0x0000000100000000)
 ParOldGen       total 349696K, used 314936K [0x00000000e0000000, 0x00000000f5580000, 0x00000000f5580000)
  object space 349696K, 90% used [0x00000000e0000000,0x00000000f338e150,0x00000000f5580000)
 Metaspace       used 139995K, capacity 149544K, committed 149784K, reserved 1179648K
  class space    used 17409K, capacity 19143K, committed 19248K, reserved 1048576K
}
Event: 15888.874 GC heap before
{Heap before GC invocations=168 (full 8):
 PSYoungGen      total 134144K, used 105070K [0x00000000f5580000, 0x0000000100000000, 0x0000000100000000)
  eden space 98816K, 100% used [0x00000000f5580000,0x00000000fb600000,0x00000000fb600000)
  from space 35328K, 17% used [0x00000000fb600000,0x00000000fbc1bbf8,0x00000000fd880000)
  to   space 34304K, 0% used [0x00000000fde80000,0x00000000fde80000,0x0000000100000000)
 ParOldGen       total 349696K, used 314936K [0x00000000e0000000, 0x00000000f5580000, 0x00000000f5580000)
  object space 349696K, 90% used [0x00000000e0000000,0x00000000f338e150,0x00000000f5580000)
 Metaspace       used 140003K, capacity 149544K, committed 149784K, reserved 1179648K
  class space    used 17409K, capacity 19143K, committed 19248K, reserved 1048576K
Event: 15888.889 GC heap after
Heap after GC invocations=168 (full 8):
 PSYoungGen      total 135168K, used 9975K [0x00000000f5580000, 0x00000000ffc00000, 0x0000000100000000)
  eden space 104960K, 0% used [0x00000000f5580000,0x00000000f5580000,0x00000000fbc00000)
  from space 30208K, 33% used [0x00000000fde80000,0x00000000fe83dea0,0x00000000ffc00000)
  to   space 32768K, 0% used [0x00000000fbc00000,0x00000000fbc00000,0x00000000fdc00000)
 ParOldGen       total 349696K, used 318567K [0x00000000e0000000, 0x00000000f5580000, 0x00000000f5580000)
  object space 349696K, 91% used [0x00000000e0000000,0x00000000f3719d10,0x00000000f5580000)
 Metaspace       used 140003K, capacity 149544K, committed 149784K, reserved 1179648K
  class space    used 17409K, capacity 19143K, committed 19248K, reserved 1048576K
}
Event: 15889.257 GC heap before
{Heap before GC invocations=169 (full 8):
 PSYoungGen      total 135168K, used 114935K [0x00000000f5580000, 0x00000000ffc00000, 0x0000000100000000)
  eden space 104960K, 100% used [0x00000000f5580000,0x00000000fbc00000,0x00000000fbc00000)
  from space 30208K, 33% used [0x00000000fde80000,0x00000000fe83dea0,0x00000000ffc00000)
  to   space 32768K, 0% used [0x00000000fbc00000,0x00000000fbc00000,0x00000000fdc00000)
 ParOldGen       total 349696K, used 318567K [0x00000000e0000000, 0x00000000f5580000, 0x00000000f5580000)
  object space 349696K, 91% used [0x00000000e0000000,0x00000000f3719d10,0x00000000f5580000)
 Metaspace       used 140207K, capacity 149794K, committed 150168K, reserved 1179648K
  class space    used 17446K, capacity 19204K, committed 19376K, reserved 1048576K
Event: 15889.284 GC heap after
Heap after GC invocations=169 (full 8):
 PSYoungGen      total 137728K, used 14770K [0x00000000f5580000, 0x0000000100000000, 0x0000000100000000)
  eden space 104960K, 0% used [0x00000000f5580000,0x00000000f5580000,0x00000000fbc00000)
  from space 32768K, 45% used [0x00000000fbc00000,0x00000000fca6c940,0x00000000fdc00000)
  to   space 31744K, 0% used [0x00000000fe100000,0x00000000fe100000,0x0000000100000000)
 ParOldGen       total 349696K, used 326802K [0x00000000e0000000, 0x00000000f5580000, 0x00000000f5580000)
  object space 349696K, 93% used [0x00000000e0000000,0x00000000f3f24908,0x00000000f5580000)
 Metaspace       used 140207K, capacity 149794K, committed 150168K, reserved 1179648K
  class space    used 17446K, capacity 19204K, committed 19376K, reserved 1048576K
}
Event: 15889.284 GC heap before
{Heap before GC invocations=170 (full 9):
 PSYoungGen      total 137728K, used 14770K [0x00000000f5580000, 0x0000000100000000, 0x0000000100000000)
  eden space 104960K, 0% used [0x00000000f5580000,0x00000000f5580000,0x00000000fbc00000)
  from space 32768K, 45% used [0x00000000fbc00000,0x00000000fca6c940,0x00000000fdc00000)
  to   space 31744K, 0% used [0x00000000fe100000,0x00000000fe100000,0x0000000100000000)
 ParOldGen       total 349696K, used 326802K [0x00000000e0000000, 0x00000000f5580000, 0x00000000f5580000)
  object space 349696K, 93% used [0x00000000e0000000,0x00000000f3f24908,0x00000000f5580000)
 Metaspace       used 140207K, capacity 149794K, committed 150168K, reserved 1179648K
  class space    used 17446K, capacity 19204K, committed 19376K, reserved 1048576K
Event: 15889.876 GC heap after
Heap after GC invocations=170 (full 9):
 PSYoungGen      total 137728K, used 0K [0x00000000f5580000, 0x0000000100000000, 0x0000000100000000)
  eden space 104960K, 0% used [0x00000000f5580000,0x00000000f5580000,0x00000000fbc00000)
  from space 32768K, 0% used [0x00000000fbc00000,0x00000000fbc00000,0x00000000fdc00000)
  to   space 31744K, 0% used [0x00000000fe100000,0x00000000fe100000,0x0000000100000000)
 ParOldGen       total 349696K, used 244418K [0x00000000e0000000, 0x00000000f5580000, 0x00000000f5580000)
  object space 349696K, 69% used [0x00000000e0000000,0x00000000eeeb0bd0,0x00000000f5580000)
 Metaspace       used 140198K, capacity 149776K, committed 150168K, reserved 1179648K
  class space    used 17444K, capacity 19201K, committed 19376K, reserved 1048576K
}
Event: 15890.149 GC heap before
{Heap before GC invocations=171 (full 9):
 PSYoungGen      total 137728K, used 104960K [0x00000000f5580000, 0x0000000100000000, 0x0000000100000000)
  eden space 104960K, 100% used [0x00000000f5580000,0x00000000fbc00000,0x00000000fbc00000)
  from space 32768K, 0% used [0x00000000fbc00000,0x00000000fbc00000,0x00000000fdc00000)
  to   space 31744K, 0% used [0x00000000fe100000,0x00000000fe100000,0x0000000100000000)
 ParOldGen       total 349696K, used 244418K [0x00000000e0000000, 0x00000000f5580000, 0x00000000f5580000)
  object space 349696K, 69% used [0x00000000e0000000,0x00000000eeeb0bd0,0x00000000f5580000)
 Metaspace       used 140359K, capacity 149952K, committed 150168K, reserved 1179648K
  class space    used 17474K, capacity 19211K, committed 19376K, reserved 1048576K
Event: 15890.163 GC heap after
Heap after GC invocations=171 (full 9):
 PSYoungGen      total 137728K, used 11518K [0x00000000f5580000, 0x00000000ffc00000, 0x0000000100000000)
  eden space 110080K, 0% used [0x00000000f5580000,0x00000000f5580000,0x00000000fc100000)
  from space 27648K, 41% used [0x00000000fe100000,0x00000000fec3fa68,0x00000000ffc00000)
  to   space 30208K, 0% used [0x00000000fc100000,0x00000000fc100000,0x00000000fde80000)
 ParOldGen       total 349696K, used 244418K [0x00000000e0000000, 0x00000000f5580000, 0x00000000f5580000)
  object space 349696K, 69% used [0x00000000e0000000,0x00000000eeeb0bd0,0x00000000f5580000)
 Metaspace       used 140359K, capacity 149952K, committed 150168K, reserved 1179648K
  class space    used 17474K, capacity 19211K, committed 19376K, reserved 1048576K
}
Event: 15890.680 GC heap before
{Heap before GC invocations=172 (full 9):
 PSYoungGen      total 137728K, used 121598K [0x00000000f5580000, 0x00000000ffc00000, 0x0000000100000000)
  eden space 110080K, 100% used [0x00000000f5580000,0x00000000fc100000,0x00000000fc100000)
  from space 27648K, 41% used [0x00000000fe100000,0x00000000fec3fa68,0x00000000ffc00000)
  to   space 30208K, 0% used [0x00000000fc100000,0x00000000fc100000,0x00000000fde80000)
 ParOldGen       total 349696K, used 244418K [0x00000000e0000000, 0x00000000f5580000, 0x00000000f5580000)
  object space 349696K, 69% used [0x00000000e0000000,0x00000000eeeb0bd0,0x00000000f5580000)
 Metaspace       used 140525K, capacity 150182K, committed 150424K, reserved 1179648K
  class space    used 17490K, capacity 19230K, committed 19376K, reserved 1048576K
Event: 15890.700 GC heap after
Heap after GC invocations=172 (full 9):
 PSYoungGen      total 140288K, used 7730K [0x00000000f5580000, 0x0000000100000000, 0x0000000100000000)
  eden space 110080K, 0% used [0x00000000f5580000,0x00000000f5580000,0x00000000fc100000)
  from space 30208K, 25% used [0x00000000fc100000,0x00000000fc88cb40,0x00000000fde80000)
  to   space 29184K, 0% used [0x00000000fe380000,0x00000000fe380000,0x0000000100000000)
 ParOldGen       total 349696K, used 248498K [0x00000000e0000000, 0x00000000f5580000, 0x00000000f5580000)
  object space 349696K, 71% used [0x00000000e0000000,0x00000000ef2acb40,0x00000000f5580000)
 Metaspace       used 140525K, capacity 150182K, committed 150424K, reserved 1179648K
  class space    used 17490K, capacity 19230K, committed 19376K, reserved 1048576K
}
Event: 15891.071 GC heap before
{Heap before GC invocations=173 (full 9):
 PSYoungGen      total 140288K, used 117810K [0x00000000f5580000, 0x0000000100000000, 0x0000000100000000)
  eden space 110080K, 100% used [0x00000000f5580000,0x00000000fc100000,0x00000000fc100000)
  from space 30208K, 25% used [0x00000000fc100000,0x00000000fc88cb40,0x00000000fde80000)
  to   space 29184K, 0% used [0x00000000fe380000,0x00000000fe380000,0x0000000100000000)
 ParOldGen       total 349696K, used 248498K [0x00000000e0000000, 0x00000000f5580000, 0x00000000f5580000)
  object space 349696K, 71% used [0x00000000e0000000,0x00000000ef2acb40,0x00000000f5580000)
 Metaspace       used 140538K, capacity 150182K, committed 150424K, reserved 1179648K
  class space    used 17490K, capacity 19230K, committed 19376K, reserved 1048576K
Event: 15891.090 GC heap after
Heap after GC invocations=173 (full 9):
 PSYoungGen      total 143360K, used 18949K [0x00000000f5580000, 0x0000000100000000, 0x0000000100000000)
  eden space 114176K, 0% used [0x00000000f5580000,0x00000000f5580000,0x00000000fc500000)
  from space 29184K, 64% used [0x00000000fe380000,0x00000000ff601540,0x0000000100000000)
  to   space 30208K, 0% used [0x00000000fc500000,0x00000000fc500000,0x00000000fe280000)
 ParOldGen       total 349696K, used 255718K [0x00000000e0000000, 0x00000000f5580000, 0x00000000f5580000)
  object space 349696K, 73% used [0x00000000e0000000,0x00000000ef9b9a40,0x00000000f5580000)
 Metaspace       used 140538K, capacity 150182K, committed 150424K, reserved 1179648K
  class space    used 17490K, capacity 19230K, committed 19376K, reserved 1048576K
}
Event: 15891.652 GC heap before
{Heap before GC invocations=174 (full 9):
 PSYoungGen      total 143360K, used 116333K [0x00000000f5580000, 0x0000000100000000, 0x0000000100000000)
  eden space 114176K, 85% used [0x00000000f5580000,0x00000000fb499f38,0x00000000fc500000)
  from space 29184K, 64% used [0x00000000fe380000,0x00000000ff601540,0x0000000100000000)
  to   space 30208K, 0% used [0x00000000fc500000,0x00000000fc500000,0x00000000fe280000)
 ParOldGen       total 349696K, used 255718K [0x00000000e0000000, 0x00000000f5580000, 0x00000000f5580000)
  object space 349696K, 73% used [0x00000000e0000000,0x00000000ef9b9a40,0x00000000f5580000)
 Metaspace       used 140560K, capacity 150252K, committed 150424K, reserved 1179648K
  class space    used 17491K, capacity 19231K, committed 19376K, reserved 1048576K
Event: 15891.663 GC heap after
Heap after GC invocations=174 (full 9):
 PSYoungGen      total 144384K, used 9086K [0x00000000f5580000, 0x00000000fff00000, 0x0000000100000000)
  eden space 114176K, 0% used [0x00000000f5580000,0x00000000f5580000,0x00000000fc500000)
  from space 30208K, 30% used [0x00000000fc500000,0x00000000fcddf838,0x00000000fe280000)
  to   space 29184K, 0% used [0x00000000fe280000,0x00000000fe280000,0x00000000fff00000)
 ParOldGen       total 349696K, used 266026K [0x00000000e0000000, 0x00000000f5580000, 0x00000000f5580000)
  object space 349696K, 76% used [0x00000000e0000000,0x00000000f03caa68,0x00000000f5580000)
 Metaspace       used 140560K, capacity 150252K, committed 150424K, reserved 1179648K
  class space    used 17491K, capacity 19231K, committed 19376K, reserved 1048576K
}
Event: 15891.926 GC heap before
{Heap before GC invocations=175 (full 9):
 PSYoungGen      total 144384K, used 123262K [0x00000000f5580000, 0x00000000fff00000, 0x0000000100000000)
  eden space 114176K, 100% used [0x00000000f5580000,0x00000000fc500000,0x00000000fc500000)
  from space 30208K, 30% used [0x00000000fc500000,0x00000000fcddf838,0x00000000fe280000)
  to   space 29184K, 0% used [0x00000000fe280000,0x00000000fe280000,0x00000000fff00000)
 ParOldGen       total 349696K, used 266026K [0x00000000e0000000, 0x00000000f5580000, 0x00000000f5580000)
  object space 349696K, 76% used [0x00000000e0000000,0x00000000f03caa68,0x00000000f5580000)
 Metaspace       used 140576K, capacity 150258K, committed 150424K, reserved 1179648K
  class space    used 17491K, capacity 19232K, committed 19376K, reserved 1048576K
Event: 15891.932 GC heap after
Heap after GC invocations=175 (full 9):
 PSYoungGen      total 143872K, used 768K [0x00000000f5580000, 0x0000000100000000, 0x0000000100000000)
  eden space 114688K, 0% used [0x00000000f5580000,0x00000000f5580000,0x00000000fc580000)
  from space 29184K, 2% used [0x00000000fe280000,0x00000000fe340000,0x00000000fff00000)
  to   space 29696K, 0% used [0x00000000fc580000,0x00000000fc580000,0x00000000fe280000)
 ParOldGen       total 349696K, used 266378K [0x00000000e0000000, 0x00000000f5580000, 0x00000000f5580000)
  object space 349696K, 76% used [0x00000000e0000000,0x00000000f0422a88,0x00000000f5580000)
 Metaspace       used 140576K, capacity 150258K, committed 150424K, reserved 1179648K
  class space    used 17491K, capacity 19232K, committed 19376K, reserved 1048576K
}
Event: 15893.005 GC heap before
{Heap before GC invocations=176 (full 9):
 PSYoungGen      total 143872K, used 114931K [0x00000000f5580000, 0x0000000100000000, 0x0000000100000000)
  eden space 114688K, 99% used [0x00000000f5580000,0x00000000fc4fcd70,0x00000000fc580000)
  from space 29184K, 2% used [0x00000000fe280000,0x00000000fe340000,0x00000000fff00000)
  to   space 29696K, 0% used [0x00000000fc580000,0x00000000fc580000,0x00000000fe280000)
 ParOldGen       total 349696K, used 266378K [0x00000000e0000000, 0x00000000f5580000, 0x00000000f5580000)
  object space 349696K, 76% used [0x00000000e0000000,0x00000000f0422a88,0x00000000f5580000)
 Metaspace       used 141540K, capacity 151324K, committed 151576K, reserved 1181696K
  class space    used 17644K, capacity 19401K, committed 19504K, reserved 1048576K
Event: 15893.015 GC heap after
Heap after GC invocations=176 (full 9):
 PSYoungGen      total 142336K, used 27394K [0x00000000f5580000, 0x0000000100000000, 0x0000000100000000)
  eden space 114688K, 0% used [0x00000000f5580000,0x00000000f5580000,0x00000000fc580000)
  from space 27648K, 99% used [0x00000000fc580000,0x00000000fe0408b0,0x00000000fe080000)
  to   space 32256K, 0% used [0x00000000fe080000,0x00000000fe080000,0x0000000100000000)
 ParOldGen       total 349696K, used 275355K [0x00000000e0000000, 0x00000000f5580000, 0x00000000f5580000)
  object space 349696K, 78% used [0x00000000e0000000,0x00000000f0ce6fd8,0x00000000f5580000)
 Metaspace       used 141540K, capacity 151324K, committed 151576K, reserved 1181696K
  class space    used 17644K, capacity 19401K, committed 19504K, reserved 1048576K
}
Event: 16313.336 GC heap before
{Heap before GC invocations=177 (full 9):
 PSYoungGen      total 142336K, used 74161K [0x00000000f5580000, 0x0000000100000000, 0x0000000100000000)
  eden space 114688K, 40% used [0x00000000f5580000,0x00000000f832bc40,0x00000000fc580000)
  from space 27648K, 99% used [0x00000000fc580000,0x00000000fe0408b0,0x00000000fe080000)
  to   space 32256K, 0% used [0x00000000fe080000,0x00000000fe080000,0x0000000100000000)
 ParOldGen       total 349696K, used 275355K [0x00000000e0000000, 0x00000000f5580000, 0x00000000f5580000)
  object space 349696K, 78% used [0x00000000e0000000,0x00000000f0ce6fd8,0x00000000f5580000)
 Metaspace       used 141671K, capacity 151515K, committed 151576K, reserved 1187840K
  class space    used 17664K, capacity 19443K, committed 19504K, reserved 1048576K
Event: 16313.639 GC heap after
Heap after GC invocations=177 (full 9):
 PSYoungGen      total 140288K, used 1920K [0x00000000f5580000, 0x0000000100000000, 0x0000000100000000)
  eden space 108032K, 0% used [0x00000000f5580000,0x00000000f5580000,0x00000000fbf00000)
  from space 32256K, 5% used [0x00000000fe080000,0x00000000fe260010,0x0000000100000000)
  to   space 33280K, 0% used [0x00000000fbf00000,0x00000000fbf00000,0x00000000fdf80000)
 ParOldGen       total 349696K, used 275363K [0x00000000e0000000, 0x00000000f5580000, 0x00000000f5580000)
  object space 349696K, 78% used [0x00000000e0000000,0x00000000f0ce8fd8,0x00000000f5580000)
 Metaspace       used 141671K, capacity 151515K, committed 151576K, reserved 1187840K
  class space    used 17664K, capacity 19443K, committed 19504K, reserved 1048576K
}
Event: 16313.639 GC heap before
{Heap before GC invocations=178 (full 10):
 PSYoungGen      total 140288K, used 1920K [0x00000000f5580000, 0x0000000100000000, 0x0000000100000000)
  eden space 108032K, 0% used [0x00000000f5580000,0x00000000f5580000,0x00000000fbf00000)
  from space 32256K, 5% used [0x00000000fe080000,0x00000000fe260010,0x0000000100000000)
  to   space 33280K, 0% used [0x00000000fbf00000,0x00000000fbf00000,0x00000000fdf80000)
 ParOldGen       total 349696K, used 275363K [0x00000000e0000000, 0x00000000f5580000, 0x00000000f5580000)
  object space 349696K, 78% used [0x00000000e0000000,0x00000000f0ce8fd8,0x00000000f5580000)
 Metaspace       used 141671K, capacity 151515K, committed 151576K, reserved 1187840K
  class space    used 17664K, capacity 19443K, committed 19504K, reserved 1048576K

